================================================================================
  FORZA AI — SELF-TRAINING SESSION LOG
  started  : 2026-05-05 01:34:37
  online   : models\driving\fh5-driving-online.joblib
  mode     : mixed  |  terrain: road  |  tx: manual
  features : 170
================================================================================

VISION SAMPLES  dir=data\vision_samples\session_2026-05-05_01-34-37

VISION SAMPLE  sample_id=20260505_013441_00000540_0001  frame=540  roi=data\vision_samples\session_2026-05-05_01-34-37\images\20260505_013441_00000540_0001_roi.png
[00:04]  frames 1–600
  reward    avg +0.4283   min -1.0596   max +1.6540
  paths     steer +0.3510  speed -0.5384  terrain +0.6063  achievement +0.0058
  speed     avg 10.9 mph
  lane      avg error 0.161
  terrain   road 100%
  override  25 frame(s)
  explore   ε=0.1166  σ=0.1183
  model     fitted  updates=74831


VISION SAMPLE  sample_id=20260505_013445_00001111_0002  frame=1111  roi=data\vision_samples\session_2026-05-05_01-34-37\images\20260505_013445_00001111_0002_roi.png
[00:08]  frames 601–1200
  reward    avg +0.1878   min -0.9766   max +1.4453
  paths     steer +0.1039  speed -0.4231  terrain +0.5982  achievement +0.0100
  speed     avg 9.6 mph
  lane      avg error 0.208
  terrain   road 100%
  override  147 frame(s)
  explore   ε=0.1112  σ=0.1155
  model     fitted  updates=75070

[00:11]  frames 1201–1500
  reward    avg +0.2827   min -0.1004   max +2.0139
  paths     steer +0.5509  speed -0.9192  terrain +0.5937  achievement +0.0087
  speed     avg 22.4 mph
  lane      avg error 0.113
  terrain   road 100%
  override  120 frame(s)
  explore   ε=0.1057  σ=0.1126
  model     fitted  updates=75322


VISION SAMPLE  sample_id=20260505_013449_00001591_0003  frame=1591  roi=data\vision_samples\session_2026-05-05_01-34-37\images\20260505_013449_00001591_0003_roi.png
[00:14]  frames 1501–1800
  reward    avg +0.2318   min -0.1420   max +1.9385
  paths     steer +0.5786  speed -1.0067  terrain +0.6016  achievement +0.0103
  speed     avg 32.4 mph
  lane      avg error 0.194
  terrain   road 100%
  override  196 frame(s)
  explore   ε=0.1000  σ=0.1096
  model     fitted  updates=75598

[00:17]  frames 1801–2100
  reward    avg -0.2241   min -2.6581   max +2.5902
  paths     steer +0.2992  speed -0.5468  terrain +0.3236  achievement -0.3191
  speed     avg 19.0 mph
  lane      avg error 0.175
  terrain   road 56% | unknown 43%
  override  121 frame(s)
  explore   ε=0.0942  σ=0.1063
  model     fitted  updates=75898
  stuck     1 event(s) this interval
  crash     1 event(s) this interval


VISION SAMPLE  sample_id=20260505_013455_00002131_0004  frame=2131  roi=data\vision_samples\session_2026-05-05_01-34-37\images\20260505_013455_00002131_0004_roi.png
[00:20]  frames 2101–2400
  reward    avg -0.9022   min -2.6798   max +0.8444
  paths     steer -0.0721  speed -0.4376  terrain +0.4318  achievement -0.6578
  speed     avg 4.2 mph
  lane      avg error 0.000
  terrain   road 77% | unknown 22%
  override  259 frame(s)
  explore   ε=0.0894  σ=0.1036
  model     fitted  updates=76157
  stuck     1 event(s) this interval

[00:24]  frames 2401–2700
  reward    avg -0.0216   min -1.4710   max +2.6986
  paths     steer +0.5097  speed -1.1066  terrain +0.5643  achievement +0.0068
  speed     avg 24.5 mph
  lane      avg error 0.278
  terrain   road 100%
  override  300 frame(s)
  explore   ε=0.0842  σ=0.1005
  model     fitted  updates=76457


VISION SAMPLE  sample_id=20260505_013502_00002798_0005  frame=2798  roi=data\vision_samples\session_2026-05-05_01-34-37\images\20260505_013502_00002798_0005_roi.png
[00:27]  frames 2701–3000
  reward    avg +1.2545   min -0.3613   max +3.5055
  paths     steer +0.5519  speed +0.0234  terrain +0.4583  achievement +0.0103
  speed     avg 63.6 mph
  lane      avg error 0.365
  terrain   road 100%
  override  300 frame(s)
  explore   ε=0.0800  σ=0.0976
  model     fitted  updates=76757


VISION SAMPLE  sample_id=20260505_013506_00003211_0006  frame=3211  roi=data\vision_samples\session_2026-05-05_01-34-37\images\20260505_013506_00003211_0006_roi.png
[00:30]  frames 3001–3300
  reward    avg +2.3844   min +1.8252   max +7.1138
  paths     steer +0.7151  speed +0.6851  terrain +0.6049  achievement +0.0098
  speed     avg 107.9 mph
  lane      avg error 0.204
  terrain   road 100%
  override  288 frame(s)
  explore   ε=0.0800  σ=0.0948
  model     fitted  updates=77045

[00:34]  frames 3301–3600
  reward    avg +2.5599   min +1.9683   max +6.5744
  paths     steer +0.7604  speed +0.7822  terrain +0.6075  achievement +0.0034
  speed     avg 144.1 mph
  lane      avg error 0.187
  terrain   road 100%
  override  300 frame(s)
  explore   ε=0.0800  σ=0.0920
  model     fitted  updates=77345


VISION SAMPLE  sample_id=20260505_013512_00003721_0007  frame=3721  roi=data\vision_samples\session_2026-05-05_01-34-37\images\20260505_013512_00003721_0007_roi.png
[00:37]  frames 3601–3900
  reward    avg +2.2507   min -0.1689   max +6.1535
  paths     steer +0.8538  speed +0.7975  terrain +0.5897  achievement -0.4484
  speed     avg 155.4 mph
  lane      avg error 0.102
  terrain   road 100%
  override  300 frame(s)
  explore   ε=0.0800  σ=0.0893
  model     fitted  updates=77645
  crash     3 event(s) this interval


VISION SAMPLE  sample_id=20260505_013517_00004117_0008  frame=4117  roi=data\vision_samples\session_2026-05-05_01-34-37\images\20260505_013517_00004117_0008_roi.png
[00:40]  frames 3901–4200
  reward    avg +1.8542   min -0.5152   max +3.8353
  paths     steer +0.7435  speed +0.3582  terrain +0.5824  achievement -0.1680
  speed     avg 74.5 mph
  lane      avg error 0.192
  terrain   road 100%
  override  271 frame(s)
  explore   ε=0.0800  σ=0.0869
  model     fitted  updates=77916
  crash     1 event(s) this interval

[00:44]  frames 4201–4500
  reward    avg +2.1635   min +1.4889   max +7.3288
  paths     steer +0.7090  speed +0.4995  terrain +0.6038  achievement +0.0122
  speed     avg 96.0 mph
  lane      avg error 0.195
  terrain   road 100%
  override  300 frame(s)
  explore   ε=0.0800  σ=0.0843
  model     fitted  updates=78216


VISION SAMPLE  sample_id=20260505_013521_00004543_0009  frame=4543  roi=data\vision_samples\session_2026-05-05_01-34-37\images\20260505_013521_00004543_0009_roi.png
[00:46]  frames 4501–4945
  reward    avg +2.2307   min -0.0352   max +4.7656
  paths     steer +0.7240  speed +0.6975  terrain +0.6002  achievement -0.1676
  speed     avg 115.2 mph
  lane      avg error 0.247
  terrain   road 100%
  override  106 frame(s)
  explore   ε=0.0800  σ=0.0834
  model     fitted  updates=78322
  crash     1 event(s) this interval


SESSION SCORECARD
  reward    avg +1.0534   min -2.6798   max +7.3288
  speed     avg 64.3 mph
  lane      avg error 0.204
  terrain   road 94% | unknown 5%
  override  3033 frame(s)
  stuck     2 event(s)
  crash     6 event(s)

SESSION END  total_frames=4945  updates=78322  elapsed=00:00:46
