================================================================================
  FORZA AI — SELF-TRAINING SESSION LOG
  started  : 2026-05-05 11:10:17
  online   : models\driving\fh5-driving-online.joblib
  mode     : mixed  |  terrain: road  |  tx: manual
  features : 170
================================================================================

VISION SAMPLES  dir=data\vision_samples\session_2026-05-05_11-10-17

VISION SAMPLE  sample_id=20260505_111026_00001233_0001  frame=1233  roi=data\vision_samples\session_2026-05-05_11-10-17\images\20260505_111026_00001233_0001_roi.png

VISION SAMPLE  sample_id=20260505_111029_00001464_0002  frame=1464  roi=data\vision_samples\session_2026-05-05_11-10-17\images\20260505_111029_00001464_0002_roi.png
[00:12]  frames 1–1500
  reward    avg +0.0107   min -0.9305   max +0.8830
  paths     steer +0.1006  speed -0.0279  terrain -0.1278  achievement +0.0005
  speed     avg 7.2 mph
  lane      avg error 0.000
  terrain   road 100%
  override  265 frame(s)
  explore   ε=0.0758  σ=0.0779
  model     fitted  updates=1209994


VISION SAMPLE  sample_id=20260505_111033_00001763_0003  frame=1763  roi=data\vision_samples\session_2026-05-05_11-10-17\images\20260505_111033_00001763_0003_roi.png
[00:17]  frames 1501–1800
  reward    avg +0.0581   min -0.0340   max +0.1003
  paths     steer +0.0279  speed -0.0514  terrain +0.0880  achievement +0.0005
  speed     avg 5.2 mph
  lane      avg error 0.000
  terrain   road 100%
  override  300 frame(s)
  explore   ε=0.0714  σ=0.0756
  model     fitted  updates=1210294


VISION SAMPLE  sample_id=20260505_111037_00002004_0004  frame=2004  roi=data\vision_samples\session_2026-05-05_11-10-17\images\20260505_111037_00002004_0004_roi.png
[00:21]  frames 1801–2100
  reward    avg +0.0206   min -0.1611   max +0.1159
  paths     steer +0.0506  speed -0.0716  terrain +0.0313  achievement +0.0005
  speed     avg 7.6 mph
  lane      avg error 0.000
  terrain   road 100%
  override  300 frame(s)
  explore   ε=0.0673  σ=0.0734
  model     fitted  updates=1210594


VISION SAMPLE  sample_id=20260505_111041_00002297_0005  frame=2297  roi=data\vision_samples\session_2026-05-05_11-10-17\images\20260505_111041_00002297_0005_roi.png
[00:25]  frames 2101–2400
  reward    avg -0.0318   min -0.1758   max +0.0252
  paths     steer +0.0685  speed -0.0665  terrain -0.0689  achievement +0.0005
  speed     avg 7.2 mph
  lane      avg error 0.000
  terrain   road 100%
  override  300 frame(s)
  explore   ε=0.0633  σ=0.0712
  model     fitted  updates=1210894


VISION SAMPLE  sample_id=20260505_111044_00002545_0006  frame=2545  roi=data\vision_samples\session_2026-05-05_11-10-17\images\20260505_111044_00002545_0006_roi.png
[00:29]  frames 2401–2700
  reward    avg -0.0245   min -0.1091   max +0.2484
  paths     steer +0.0925  speed -0.0577  terrain -0.1145  achievement +0.0005
  speed     avg 8.4 mph
  lane      avg error 0.000
  terrain   road 100%
  override  300 frame(s)
  explore   ε=0.0597  σ=0.0691
  model     fitted  updates=1211194


VISION SAMPLE  sample_id=20260505_111050_00002985_0007  frame=2985  roi=data\vision_samples\session_2026-05-05_11-10-17\images\20260505_111050_00002985_0007_roi.png
[00:34]  frames 2701–3000
  reward    avg +0.1890   min +0.1409   max +0.2184
  paths     steer +0.1024  speed -0.1378  terrain +0.2275  achievement +0.0005
  speed     avg 7.5 mph
  lane      avg error 0.000
  terrain   road 100%
  override  300 frame(s)
  explore   ε=0.0562  σ=0.0670
  model     fitted  updates=1211494


VISION SAMPLE  sample_id=20260505_111054_00003284_0008  frame=3284  roi=data\vision_samples\session_2026-05-05_11-10-17\images\20260505_111054_00003284_0008_roi.png
[00:38]  frames 3001–3300
  reward    avg -0.0107   min -0.0702   max +0.0770
  paths     steer +0.1037  speed -0.0538  terrain -0.1231  achievement +0.0005
  speed     avg 3.3 mph
  lane      avg error 0.000
  terrain   road 100%
  override  300 frame(s)
  explore   ε=0.0529  σ=0.0651
  model     fitted  updates=1211794

[00:41]  frames 3301–3600
  reward    avg -0.0937   min -0.1669   max -0.0069
  paths     steer +0.1065  speed +0.0169  terrain -0.3215  achievement +0.0005
  speed     avg 1.5 mph
  lane      avg error 0.000
  terrain   road 100%
  override  300 frame(s)
  explore   ε=0.0498  σ=0.0631
  model     fitted  updates=1212094


VISION SAMPLE  sample_id=20260505_111100_00003661_0009  frame=3661  roi=data\vision_samples\session_2026-05-05_11-10-17\images\20260505_111100_00003661_0009_roi.png
[00:45]  frames 3601–3900
  reward    avg -0.0473   min -0.1730   max +0.0207
  paths     steer +0.1037  speed +0.0187  terrain -0.2644  achievement +0.0005
  speed     avg 1.4 mph
  lane      avg error 0.000
  terrain   road 100%
  override  300 frame(s)
  explore   ε=0.0469  σ=0.0613
  model     fitted  updates=1212394


VISION SAMPLE  sample_id=20260505_111103_00003924_0010  frame=3924  roi=data\vision_samples\session_2026-05-05_11-10-17\images\20260505_111103_00003924_0010_roi.png
[00:50]  frames 3901–4200
  reward    avg +0.0413   min -0.1176   max +0.1576
  paths     steer +0.1064  speed +0.0204  terrain -0.1674  achievement +0.0005
  speed     avg 1.5 mph
  lane      avg error 0.000
  terrain   road 100%
  override  300 frame(s)
  explore   ε=0.0442  σ=0.0595
  model     fitted  updates=1212694


VISION SAMPLE  sample_id=20260505_111107_00004204_0011  frame=4204  roi=data\vision_samples\session_2026-05-05_11-10-17\images\20260505_111107_00004204_0011_roi.png

VISION SAMPLE  sample_id=20260505_111111_00004475_0012  frame=4475  roi=data\vision_samples\session_2026-05-05_11-10-17\images\20260505_111111_00004475_0012_roi.png
[00:54]  frames 4201–4500
  reward    avg -0.1621   min -0.2738   max -0.0764
  paths     steer +0.1018  speed +0.0185  terrain -0.3959  achievement +0.0005
  speed     avg 1.6 mph
  lane      avg error 0.000
  terrain   road 100%
  override  300 frame(s)
  explore   ε=0.0416  σ=0.0577
  model     fitted  updates=1212994

[00:58]  frames 4501–4800
  reward    avg -0.0124   min -0.3272   max +0.1496
  paths     steer +0.1044  speed +0.0244  terrain -0.2323  achievement +0.0005
  speed     avg 1.5 mph
  lane      avg error 0.000
  terrain   road 100%
  override  300 frame(s)
  explore   ε=0.0392  σ=0.0560
  model     fitted  updates=1213294


VISION SAMPLE  sample_id=20260505_111116_00004822_0013  frame=4822  roi=data\vision_samples\session_2026-05-05_11-10-17\images\20260505_111116_00004822_0013_roi.png
[01:02]  frames 4801–5100
  reward    avg -0.2506   min -0.4480   max -0.1319
  paths     steer +0.1061  speed +0.0177  terrain -0.5066  achievement +0.0005
  speed     avg 1.3 mph
  lane      avg error 0.000
  terrain   road 100%
  override  300 frame(s)
  explore   ε=0.0369  σ=0.0543
  model     fitted  updates=1213594


VISION SAMPLE  sample_id=20260505_111120_00005131_0014  frame=5131  roi=data\vision_samples\session_2026-05-05_11-10-17\images\20260505_111120_00005131_0014_roi.png

VISION SAMPLE  sample_id=20260505_111123_00005363_0015  frame=5363  roi=data\vision_samples\session_2026-05-05_11-10-17\images\20260505_111123_00005363_0015_roi.png
[01:07]  frames 5101–5400
  reward    avg -0.2049   min -0.3390   max -0.1318
  paths     steer +0.1049  speed +0.0172  terrain -0.4500  achievement +0.0005
  speed     avg 0.9 mph
  lane      avg error 0.000
  terrain   road 100%
  override  300 frame(s)
  explore   ε=0.0348  σ=0.0527
  model     fitted  updates=1213894

[01:10]  frames 5401–5700
  reward    avg -0.4073   min -0.5050   max -0.2196
  paths     steer +0.1060  speed +0.0138  terrain -0.6854  achievement +0.0005
  speed     avg 0.7 mph
  lane      avg error 0.000
  terrain   road 100%
  override  300 frame(s)
  explore   ε=0.0327  σ=0.0512
  model     fitted  updates=1214194


VISION SAMPLE  sample_id=20260505_111129_00005807_0016  frame=5807  roi=data\vision_samples\session_2026-05-05_11-10-17\images\20260505_111129_00005807_0016_roi.png
[01:15]  frames 5701–6000
  reward    avg -0.4906   min -1.4828   max +0.8229
  paths     steer +0.3165  speed -0.0098  terrain -1.1231  achievement +0.0006
  speed     avg 5.6 mph
  lane      avg error 0.113
  terrain   road 100%
  override  300 frame(s)
  explore   ε=0.0308  σ=0.0497
  model     fitted  updates=1214494


VISION SAMPLE  sample_id=20260505_111134_00006103_0017  frame=6103  roi=data\vision_samples\session_2026-05-05_11-10-17\images\20260505_111134_00006103_0017_roi.png
[01:19]  frames 6001–6300
  reward    avg +0.3674   min -0.4817   max +1.0660
  paths     steer +0.7391  speed -0.0036  terrain -0.8701  achievement +0.0025
  speed     avg 20.4 mph
  lane      avg error 0.244
  terrain   road 100%
  override  300 frame(s)
  explore   ε=0.0290  σ=0.0482
  model     fitted  updates=1214794


VISION SAMPLE  sample_id=20260505_111137_00006336_0018  frame=6336  roi=data\vision_samples\session_2026-05-05_11-10-17\images\20260505_111137_00006336_0018_roi.png
[01:23]  frames 6301–6600
  reward    avg +1.0668   min +0.6598   max +1.5673
  paths     steer +0.7376  speed +0.1812  terrain -0.2978  achievement +0.0051
  speed     avg 45.3 mph
  lane      avg error 0.259
  terrain   road 100%
  override  300 frame(s)
  explore   ε=0.0273  σ=0.0468
  model     fitted  updates=1215094


VISION SAMPLE  sample_id=20260505_111141_00006631_0019  frame=6631  roi=data\vision_samples\session_2026-05-05_11-10-17\images\20260505_111141_00006631_0019_roi.png
[01:27]  frames 6601–6900
  reward    avg +0.7162   min +0.0788   max +1.2082
  paths     steer +0.7434  speed +0.2703  terrain -0.8426  achievement +0.0063
  speed     avg 47.4 mph
  lane      avg error 0.240
  terrain   road 100%
  override  300 frame(s)
  explore   ε=0.0258  σ=0.0454
  model     fitted  updates=1215394


VISION SAMPLE  sample_id=20260505_111145_00006935_0020  frame=6935  roi=data\vision_samples\session_2026-05-05_11-10-17\images\20260505_111145_00006935_0020_roi.png
[01:31]  frames 6901–7200
  reward    avg +0.8842   min +0.7527   max +1.0789
  paths     steer +0.7960  speed +0.0734  terrain -0.4667  achievement +0.0026
  speed     avg 22.9 mph
  lane      avg error 0.169
  terrain   road 100%
  override  300 frame(s)
  explore   ε=0.0243  σ=0.0440
  model     fitted  updates=1215694


VISION SAMPLE  sample_id=20260505_111151_00007321_0021  frame=7321  roi=data\vision_samples\session_2026-05-05_11-10-17\images\20260505_111151_00007321_0021_roi.png
[01:35]  frames 7201–7500
  reward    avg +0.0447   min -0.4110   max +0.7707
  paths     steer +0.3262  speed -0.0475  terrain -0.4598  achievement +0.0008
  speed     avg 9.8 mph
  lane      avg error 0.200
  terrain   road 100%
  override  300 frame(s)
  explore   ε=0.0228  σ=0.0427
  model     fitted  updates=1215994


VISION SAMPLE  sample_id=20260505_111154_00007585_0022  frame=7585  roi=data\vision_samples\session_2026-05-05_11-10-17\images\20260505_111154_00007585_0022_roi.png
[01:40]  frames 7501–7800
  reward    avg -0.2630   min -0.3011   max -0.2037
  paths     steer +0.1026  speed -0.0660  terrain -0.4016  achievement +0.0005
  speed     avg 8.2 mph
  lane      avg error 0.000
  terrain   road 100%
  override  300 frame(s)
  explore   ε=0.0215  σ=0.0415
  model     fitted  updates=1216294


VISION SAMPLE  sample_id=20260505_111158_00007840_0023  frame=7840  roi=data\vision_samples\session_2026-05-05_11-10-17\images\20260505_111158_00007840_0023_roi.png
[01:44]  frames 7801–8100
  reward    avg -0.3730   min -0.4513   max -0.3084
  paths     steer +0.1015  speed -0.0616  terrain -0.5351  achievement +0.0005
  speed     avg 8.5 mph
  lane      avg error 0.000
  terrain   road 100%
  override  300 frame(s)
  explore   ε=0.0203  σ=0.0403
  model     fitted  updates=1216594


VISION SAMPLE  sample_id=20260505_111204_00008304_0024  frame=8304  roi=data\vision_samples\session_2026-05-05_11-10-17\images\20260505_111204_00008304_0024_roi.png
[01:48]  frames 8101–8400
  reward    avg -0.3144   min -0.3911   max -0.2623
  paths     steer +0.1000  speed -0.0571  terrain -0.4696  achievement +0.0005
  speed     avg 9.0 mph
  lane      avg error 0.000
  terrain   road 100%
  override  300 frame(s)
  explore   ε=0.0191  σ=0.0391
  model     fitted  updates=1216894


VISION SAMPLE  sample_id=20260505_111208_00008594_0025  frame=8594  roi=data\vision_samples\session_2026-05-05_11-10-17\images\20260505_111208_00008594_0025_roi.png
[01:52]  frames 8401–8700
  reward    avg -0.2730   min -0.3134   max -0.2330
  paths     steer +0.1054  speed -0.0540  terrain -0.4346  achievement +0.0005
  speed     avg 9.2 mph
  lane      avg error 0.000
  terrain   road 100%
  override  300 frame(s)
  explore   ε=0.0180  σ=0.0379
  model     fitted  updates=1217194

[01:56]  frames 8701–9000
  reward    avg -0.4208   min -0.6010   max -0.2514
  paths     steer +0.1000  speed -0.0555  terrain -0.5970  achievement +0.0005
  speed     avg 9.2 mph
  lane      avg error 0.000
  terrain   road 100%
  override  300 frame(s)
  explore   ε=0.0169  σ=0.0368
  model     fitted  updates=1217494


VISION SAMPLE  sample_id=20260505_111214_00009033_0026  frame=9033  roi=data\vision_samples\session_2026-05-05_11-10-17\images\20260505_111214_00009033_0026_roi.png
[02:00]  frames 9001–9300
  reward    avg -0.4835   min -0.5898   max -0.3080
  paths     steer +0.1093  speed -0.0522  terrain -0.6917  achievement +0.0005
  speed     avg 9.2 mph
  lane      avg error 0.000
  terrain   road 100%
  override  300 frame(s)
  explore   ε=0.0159  σ=0.0357
  model     fitted  updates=1217794


VISION SAMPLE  sample_id=20260505_111219_00009361_0027  frame=9361  roi=data\vision_samples\session_2026-05-05_11-10-17\images\20260505_111219_00009361_0027_roi.png
[02:05]  frames 9301–9600
  reward    avg -0.2745   min -0.3557   max -0.1858
  paths     steer +0.1100  speed -0.0543  terrain -0.4441  achievement +0.0005
  speed     avg 9.1 mph
  lane      avg error 0.000
  terrain   road 100%
  override  300 frame(s)
  explore   ε=0.0150  σ=0.0346
  model     fitted  updates=1218094


VISION SAMPLE  sample_id=20260505_111225_00009781_0028  frame=9781  roi=data\vision_samples\session_2026-05-05_11-10-17\images\20260505_111225_00009781_0028_roi.png
[02:09]  frames 9601–9900
  reward    avg -0.3273   min -0.3406   max -0.3042
  paths     steer +0.1066  speed -0.0530  terrain -0.5021  achievement +0.0005
  speed     avg 9.0 mph
  lane      avg error 0.000
  terrain   road 100%
  override  300 frame(s)
  explore   ε=0.0141  σ=0.0336
  model     fitted  updates=1218394


VISION SAMPLE  sample_id=20260505_111228_00009991_0029  frame=9991  roi=data\vision_samples\session_2026-05-05_11-10-17\images\20260505_111228_00009991_0029_roi.png
[02:14]  frames 9901–10200
  reward    avg -0.2946   min -0.5659   max -0.2175
  paths     steer +0.1104  speed -0.0949  terrain -0.4136  achievement +0.0005
  speed     avg 8.9 mph
  lane      avg error 0.000
  terrain   road 100%
  override  300 frame(s)
  explore   ε=0.0133  σ=0.0326
  model     fitted  updates=1218694


VISION SAMPLE  sample_id=20260505_111234_00010438_0030  frame=10438  roi=data\vision_samples\session_2026-05-05_11-10-17\images\20260505_111234_00010438_0030_roi.png
[02:17]  frames 10201–10500
  reward    avg -0.2069   min -1.1595   max -0.1421
  paths     steer +0.1110  speed -0.0357  terrain -0.3916  achievement +0.0005
  speed     avg 0.6 mph
  lane      avg error 0.000
  terrain   road 100%
  override  300 frame(s)
  explore   ε=0.0125  σ=0.0317
  model     fitted  updates=1218994


VISION SAMPLE  sample_id=20260505_111237_00010681_0031  frame=10681  roi=data\vision_samples\session_2026-05-05_11-10-17\images\20260505_111237_00010681_0031_roi.png
[02:21]  frames 10501–10800
  reward    avg -0.5607   min -3.4630   max +0.1125
  paths     steer +0.1573  speed -0.0889  terrain -0.6886  achievement -0.1091
  speed     avg 2.2 mph
  lane      avg error 0.200
  terrain   road 100%
  override  300 frame(s)
  explore   ε=0.0118  σ=0.0307
  model     fitted  updates=1219294
  stuck     1 event(s) this interval


VISION SAMPLE  sample_id=20260505_111241_00010981_0032  frame=10981  roi=data\vision_samples\session_2026-05-05_11-10-17\images\20260505_111241_00010981_0032_roi.png
[02:25]  frames 10801–11100
  reward    avg -0.1722   min -0.1793   max -0.1635
  paths     steer +0.1128  speed +0.0000  terrain -0.4022  achievement +0.0005
  speed     avg 0.0 mph
  lane      avg error 0.000
  terrain   road 100%
  override  300 frame(s)
  explore   ε=0.0111  σ=0.0298
  model     fitted  updates=1219594


VISION SAMPLE  sample_id=20260505_111247_00011359_0033  frame=11359  roi=data\vision_samples\session_2026-05-05_11-10-17\images\20260505_111247_00011359_0033_roi.png
[02:30]  frames 11101–11400
  reward    avg -0.1561   min -0.1673   max -0.1504
  paths     steer +0.1126  speed +0.0000  terrain -0.3829  achievement +0.0005
  speed     avg 0.0 mph
  lane      avg error 0.000
  terrain   road 100%
  override  300 frame(s)
  explore   ε=0.0105  σ=0.0289
  model     fitted  updates=1219894

[02:34]  frames 11401–11700
  reward    avg -0.1549   min -0.1640   max -0.1492
  paths     steer +0.1124  speed +0.0000  terrain -0.3811  achievement +0.0005
  speed     avg 0.0 mph
  lane      avg error 0.000
  terrain   road 100%
  override  300 frame(s)
  explore   ε=0.0099  σ=0.0281
  model     fitted  updates=1220194


VISION SAMPLE  sample_id=20260505_111253_00011790_0034  frame=11790  roi=data\vision_samples\session_2026-05-05_11-10-17\images\20260505_111253_00011790_0034_roi.png
[02:38]  frames 11701–12000
  reward    avg -0.6130   min -3.5687   max -0.1634
  paths     steer +0.1471  speed -0.0577  terrain -0.9033  achievement +0.0005
  speed     avg 1.3 mph
  lane      avg error 0.140
  terrain   road 100%
  override  300 frame(s)
  explore   ε=0.0093  σ=0.0273
  model     fitted  updates=1220494

[02:42]  frames 12001–12300
  reward    avg -0.2717   min -1.1516   max -0.1017
  paths     steer +0.1453  speed -0.0460  terrain -0.5145  achievement +0.0005
  speed     avg 1.1 mph
  lane      avg error 0.131
  terrain   road 100%
  override  137 frame(s)
  explore   ε=0.0090  σ=0.0269
  model     fitted  updates=1220633


VISION SAMPLE  sample_id=20260505_111259_00012308_0035  frame=12308  roi=data\vision_samples\session_2026-05-05_11-10-17\images\20260505_111259_00012308_0035_roi.png
[02:46]  frames 12301–12600
  reward    avg -0.2402   min -0.2888   max -0.1759
  paths     steer +0.1113  speed +0.0245  terrain -0.5127  achievement +0.0005
  speed     avg 0.0 mph
  lane      avg error 0.000
  terrain   road 100%
  override  300 frame(s)
  explore   ε=0.0085  σ=0.0261
  model     fitted  updates=1220933


VISION SAMPLE  sample_id=20260505_111306_00012811_0036  frame=12811  roi=data\vision_samples\session_2026-05-05_11-10-17\images\20260505_111306_00012811_0036_roi.png
[02:50]  frames 12601–12900
  reward    avg -0.7404   min -3.8637   max -0.2982
  paths     steer +0.1204  speed -0.0336  terrain -1.0355  achievement -0.0021
  speed     avg 0.9 mph
  lane      avg error 0.000
  terrain   road 100%
  override  300 frame(s)
  explore   ε=0.0080  σ=0.0253
  model     fitted  updates=1221233
  stuck     1 event(s) this interval


VISION SAMPLE  sample_id=20260505_111312_00013198_0037  frame=13198  roi=data\vision_samples\session_2026-05-05_11-10-17\images\20260505_111312_00013198_0037_roi.png
[02:55]  frames 12901–13200
  reward    avg -0.6900   min -3.1973   max +0.1306
  paths     steer +0.2205  speed -0.2256  terrain -0.8892  achievement -0.0053
  speed     avg 3.7 mph
  lane      avg error 0.174
  terrain   road 100%
  override  205 frame(s)
  explore   ε=0.0077  σ=0.0248
  model     fitted  updates=1221440
  stuck     1 event(s) this interval

[02:58]  frames 13201–13500
  reward    avg -0.0540   min -1.8651   max +1.2146
  paths     steer +0.4498  speed -0.3075  terrain -0.4448  achievement +0.0029
  speed     avg 22.6 mph
  lane      avg error 0.281
  terrain   road 100%
  override  300 frame(s)
  explore   ε=0.0072  σ=0.0241
  model     fitted  updates=1221740


VISION SAMPLE  sample_id=20260505_111317_00013584_0038  frame=13584  roi=data\vision_samples\session_2026-05-05_11-10-17\images\20260505_111317_00013584_0038_roi.png
[03:02]  frames 13501–13830
  reward    avg -0.0952   min -0.1015   max -0.0547
  paths     steer +0.1097  speed +0.0000  terrain -0.3065  achievement +0.0007
  speed     avg 0.0 mph
  lane      avg error 0.000
  terrain   road 100%
  override  217 frame(s)
  explore   ε=0.0069  σ=0.0235
  model     fitted  updates=1221957


SESSION SCORECARD
  reward    avg -0.1210   min -3.8637   max +1.5673
  speed     avg 7.8 mph
  lane      avg error 0.226
  terrain   road 100%
  override  12224 frame(s)
  stuck     3 event(s)
  crash     0 event(s)

SESSION END  total_frames=13830  updates=1221957  elapsed=00:03:02
