================================================================================
  FORZA AI — SELF-TRAINING SESSION LOG
  started  : 2026-05-04 13:59:30
  online   : models\driving\horizon-open-road-online.joblib
  mode     : racing  |  terrain: road  |  tx: manual
  features : 68
================================================================================
[00:04]  frames 1–300
  reward    avg -0.2470   min -11.0507   max +1.0470
  paths     steer +0.2783  speed -0.2828  terrain -0.4551  achievement +0.0170
  speed     avg 27.1 mph
  terrain   road 3% | mixed 78% | offroad 3% | unknown 14%
  explore   ε=0.0500  σ=0.0400
  model     fitted  updates=29932
  stuck     1 event(s) this interval

[00:08]  frames 301–600
  reward    avg -2.9528   min -9.3820   max +1.0635
  paths     steer +0.4000  speed +0.0672  terrain -3.6595  achievement +0.0529
  speed     avg 59.8 mph
  terrain   road 16% | mixed 39% | offroad 45%
  explore   ε=0.0500  σ=0.0400
  model     fitted  updates=30232

[00:12]  frames 601–900
  reward    avg +1.0413   min +0.5860   max +1.2148
  paths     steer +0.4000  speed +0.3691  terrain +0.1217  achievement +0.0243
  speed     avg 84.2 mph
  terrain   road 79% | mixed 21%
  explore   ε=0.0500  σ=0.0400
  model     fitted  updates=30532

[00:16]  frames 901–1200
  reward    avg +0.5544   min -6.0211   max +1.1987
  paths     steer +0.3989  speed +0.4472  terrain -0.4183  achievement +0.0165
  speed     avg 109.3 mph
  terrain   road 59% | mixed 32% | offroad 8%
  explore   ε=0.0500  σ=0.0400
  model     fitted  updates=30832

[00:20]  frames 1201–1500
  reward    avg -1.7907   min -10.6289   max +1.1820
  paths     steer +0.1873  speed -0.2713  terrain -1.8676  achievement +0.0130
  speed     avg 25.4 mph
  terrain   road 39% | mixed 25% | offroad 35%
  explore   ε=0.0500  σ=0.0400
  model     fitted  updates=31132
  stuck     1 event(s) this interval

[00:25]  frames 1501–1800
  reward    avg -6.5950   min -11.1502   max +0.3115
  paths     steer +0.4000  speed -0.0053  terrain -7.0504  achievement -0.1403
  speed     avg 33.0 mph
  terrain   mixed 26% | offroad 73%
  explore   ε=0.0500  σ=0.0400
  model     fitted  updates=31432

[00:29]  frames 1801–2100
  reward    avg -9.2438   min -9.6135   max -6.1438
  paths     steer +0.4000  speed +0.1979  terrain -10.0241  achievement +0.0220
  speed     avg 37.4 mph
  terrain   offroad 100%
  explore   ε=0.0500  σ=0.0400
  model     fitted  updates=31732

[00:33]  frames 2101–2400
  reward    avg -5.4347   min -11.5271   max +1.0701
  paths     steer +0.4000  speed +0.2819  terrain -6.1492  achievement -0.1110
  speed     avg 57.8 mph
  terrain   road 8% | mixed 21% | offroad 70%
  explore   ε=0.0500  σ=0.0400
  model     fitted  updates=32032

[00:37]  frames 2401–2700
  reward    avg -0.3274   min -6.0639   max +1.2103
  paths     steer +0.4000  speed +0.3815  terrain -1.2571  achievement +0.0245
  speed     avg 87.8 mph
  terrain   road 40% | mixed 41% | offroad 18%
  explore   ε=0.0500  σ=0.0400
  model     fitted  updates=32332

[00:41]  frames 2701–3000
  reward    avg +1.0147   min -5.9856   max +1.2898
  paths     steer +0.4000  speed +0.4505  terrain +0.0278  achievement +0.0265
  speed     avg 110.7 mph
  terrain   road 71% | mixed 28% | offroad 1%
  explore   ε=0.0500  σ=0.0400
  model     fitted  updates=32632

[00:45]  frames 3001–3300
  reward    avg -0.8020   min -9.0501   max +1.2974
  paths     steer +0.4000  speed +0.5168  terrain -1.8746  achievement +0.0591
  speed     avg 131.1 mph
  terrain   road 44% | mixed 29% | offroad 25%
  explore   ε=0.0500  σ=0.0400
  model     fitted  updates=32932

[00:50]  frames 3301–3600
  reward    avg -1.9887   min -9.1670   max +1.4939
  paths     steer +0.3987  speed +0.5089  terrain -3.0412  achievement +0.0473
  speed     avg 129.3 mph
  terrain   road 7% | mixed 57% | offroad 35%
  explore   ε=0.0500  σ=0.0400
  model     fitted  updates=33232

[00:54]  frames 3601–3900
  reward    avg -4.1080   min -9.2452   max +1.3521
  paths     steer +0.3704  speed +0.4878  terrain -5.0982  achievement +0.0443
  speed     avg 122.7 mph
  terrain   road 9% | mixed 23% | offroad 67%
  explore   ε=0.0500  σ=0.0400
  model     fitted  updates=33532

[00:58]  frames 3901–4200
  reward    avg -4.6231   min -10.0428   max +1.2678
  paths     steer +0.4000  speed +0.4079  terrain -5.5957  achievement +0.0463
  speed     avg 98.9 mph
  terrain   road 4% | mixed 31% | offroad 64%
  explore   ε=0.0500  σ=0.0400
  model     fitted  updates=33832

[01:02]  frames 4201–4500
  reward    avg +0.6334   min -6.2444   max +1.1625
  paths     steer +0.4000  speed +0.3868  terrain -0.3099  achievement +0.0339
  speed     avg 91.7 mph
  terrain   road 18% | mixed 79% | offroad 2%
  explore   ε=0.0500  σ=0.0400
  model     fitted  updates=34132

[01:06]  frames 4501–4800
  reward    avg -0.8686   min -9.2015   max +1.2003
  paths     steer +0.4000  speed +0.4117  terrain -1.8327  achievement +0.0347
  speed     avg 99.2 mph
  terrain   road 10% | mixed 68% | offroad 20%
  explore   ε=0.0500  σ=0.0400
  model     fitted  updates=34432

[01:10]  frames 4801–5100
  reward    avg -0.7507   min -9.1606   max +1.1750
  paths     steer +0.4000  speed +0.4272  terrain -1.7177  achievement +0.0253
  speed     avg 104.9 mph
  terrain   road 14% | mixed 67% | offroad 18%
  explore   ε=0.0500  σ=0.0400
  model     fitted  updates=34732

[01:15]  frames 5101–5400
  reward    avg -2.6264   min -9.0541   max +1.2398
  paths     steer +0.4000  speed +0.4376  terrain -3.5992  achievement +0.0227
  speed     avg 106.4 mph
  terrain   road 15% | mixed 35% | offroad 49%
  explore   ε=0.0500  σ=0.0400
  model     fitted  updates=35032

[01:19]  frames 5401–5700
  reward    avg -1.0569   min -9.0861   max +1.1634
  paths     steer +0.3925  speed +0.4012  terrain -1.9832  achievement +0.0165
  speed     avg 94.5 mph
  terrain   road 43% | mixed 26% | offroad 30%
  explore   ε=0.0500  σ=0.0400
  model     fitted  updates=35332

[01:23]  frames 5701–6000
  reward    avg -1.6289   min -9.0725   max +1.1289
  paths     steer +0.4000  speed +0.3934  terrain -2.5566  achievement +0.0130
  speed     avg 93.7 mph
  terrain   road 7% | mixed 64% | offroad 29%
  explore   ε=0.0500  σ=0.0400
  model     fitted  updates=35632

[01:27]  frames 6001–6300
  reward    avg -2.4667   min -9.2057   max +1.9219
  paths     steer +0.2800  speed -0.1854  terrain -2.7610  achievement +0.0226
  speed     avg 22.2 mph
  terrain   road 9% | mixed 40% | offroad 35% | unknown 15%
  explore   ε=0.0500  σ=0.0400
  model     fitted  updates=35932
  stuck     1 event(s) this interval

[01:31]  frames 6301–6600
  reward    avg -6.5676   min -9.7375   max +1.0341
  paths     steer +0.3999  speed +0.1183  terrain -7.2905  achievement +0.0284
  speed     avg 47.5 mph
  terrain   road 6% | mixed 6% | offroad 87%
  explore   ε=0.0500  σ=0.0400
  model     fitted  updates=36232

[01:35]  frames 6601–6900
  reward    avg -11.8611   min -13.6425   max -6.7872
  paths     steer +0.0670  speed -0.3902  terrain -11.0977  achievement -0.5516
  speed     avg 17.9 mph
  terrain   offroad 100%
  explore   ε=0.0500  σ=0.0400
  model     fitted  updates=36532

[01:40]  frames 6901–7200
  reward    avg -8.5444   min -12.7617   max +1.0344
  paths     steer +0.2702  speed -0.2197  terrain -8.7889  achievement +0.0150
  speed     avg 21.7 mph
  terrain   road 4% | mixed 2% | offroad 93%
  explore   ε=0.0500  σ=0.0400
  model     fitted  updates=36832
  stuck     1 event(s) this interval

[01:44]  frames 7201–7500
  reward    avg -1.2284   min -9.4013   max +1.0467
  paths     steer +0.3995  speed +0.0828  terrain -1.9177  achievement +0.0239
  speed     avg 59.8 mph
  terrain   road 29% | mixed 45% | offroad 25%
  explore   ε=0.0500  σ=0.0400
  model     fitted  updates=37132

[01:48]  frames 7501–7800
  reward    avg -1.1776   min -9.3497   max +1.0419
  paths     steer +0.3999  speed +0.0998  terrain -1.8783  achievement +0.0211
  speed     avg 59.6 mph
  terrain   road 2% | mixed 75% | offroad 22%
  explore   ε=0.0500  σ=0.0400
  model     fitted  updates=37432

[01:52]  frames 7801–8100
  reward    avg -2.0564   min -9.4705   max +1.9221
  paths     steer +0.3360  speed -0.0258  terrain -2.5554  achievement +0.0156
  speed     avg 48.5 mph
  terrain   road 3% | mixed 53% | offroad 28% | unknown 15%
  explore   ε=0.0500  σ=0.0400
  model     fitted  updates=37732
  stuck     1 event(s) this interval

[01:56]  frames 8101–8400
  reward    avg -4.6818   min -10.2737   max +0.8502
  paths     steer +0.3080  speed -0.1254  terrain -5.0738  achievement +0.0303
  speed     avg 23.7 mph
  terrain   road 1% | mixed 39% | offroad 59%
  explore   ε=0.0500  σ=0.0400
  model     fitted  updates=38032
  stuck     1 event(s) this interval

[02:00]  frames 8401–8700
  reward    avg -7.9241   min -9.4633   max +0.6721
  paths     steer +0.4000  speed +0.1154  terrain -8.6391  achievement +0.0227
  speed     avg 55.1 mph
  terrain   mixed 1% | offroad 98%
  explore   ε=0.0500  σ=0.0400
  model     fitted  updates=38332

[02:05]  frames 8701–9000
  reward    avg -3.9475   min -9.4255   max +0.7896
  paths     steer +0.4000  speed +0.0819  terrain -4.6304  achievement +0.0174
  speed     avg 57.6 mph
  terrain   road 0% | mixed 46% | offroad 53%
  explore   ε=0.0500  σ=0.0400
  model     fitted  updates=38632

[02:09]  frames 9001–9300
  reward    avg -2.8716   min -11.2420   max +1.9221
  paths     steer +0.3387  speed -0.0169  terrain -3.3785  achievement +0.0124
  speed     avg 49.8 mph
  terrain   road 2% | mixed 46% | offroad 41% | unknown 10%
  explore   ε=0.0500  σ=0.0400
  model     fitted  updates=38932
  stuck     1 event(s) this interval

[02:13]  frames 9301–9600
  reward    avg -3.9312   min -11.0556   max +0.6340
  paths     steer +0.3360  speed -0.1709  terrain -4.2536  achievement -0.0448
  speed     avg 23.4 mph
  terrain   road 5% | mixed 46% | offroad 48%
  explore   ε=0.0500  σ=0.0400
  model     fitted  updates=39232

[02:17]  frames 9601–9900
  reward    avg -11.4133   min -14.0717   max -0.5819
  paths     steer +0.0689  speed -0.4410  terrain -10.4015  achievement -0.7624
  speed     avg 15.8 mph
  terrain   offroad 93% | unknown 6%
  explore   ε=0.0500  σ=0.0400
  model     fitted  updates=39532
  stuck     1 event(s) this interval

[02:21]  frames 9901–10200
  reward    avg -10.4306   min -12.9901   max -0.6185
  paths     steer +0.2307  speed -0.4067  terrain -9.6936  achievement -0.7577
  speed     avg 12.9 mph
  terrain   offroad 97% | unknown 2%
  explore   ε=0.0500  σ=0.0400
  model     fitted  updates=39832
  stuck     2 event(s) this interval

[02:25]  frames 10201–10500
  reward    avg -10.6409   min -13.7834   max -3.5767
  paths     steer +0.0915  speed -0.3644  terrain -10.1288  achievement -0.3579
  speed     avg 13.2 mph
  terrain   offroad 100%
  explore   ε=0.0500  σ=0.0400
  model     fitted  updates=40132
  stuck     1 event(s) this interval

[02:30]  frames 10501–10800
  reward    avg -11.1512   min -13.5855   max -3.6926
  paths     steer +0.1562  speed -0.2799  terrain -10.6271  achievement -0.5346
  speed     avg 21.4 mph
  terrain   offroad 100%
  explore   ε=0.0500  σ=0.0400
  model     fitted  updates=40432
  stuck     1 event(s) this interval

[02:34]  frames 10801–11100
  reward    avg -10.8172   min -13.3711   max -6.2235
  paths     steer +0.1608  speed -0.3715  terrain -10.4614  achievement -0.2998
  speed     avg 13.9 mph
  terrain   offroad 100%
  explore   ε=0.0500  σ=0.0400
  model     fitted  updates=40732
  stuck     1 event(s) this interval

[02:38]  frames 11101–11400
  reward    avg -6.4846   min -9.6787   max +1.0355
  paths     steer +0.4000  speed +0.1446  terrain -7.2179  achievement +0.0177
  speed     avg 49.8 mph
  terrain   road 1% | mixed 13% | offroad 85%
  explore   ε=0.0500  σ=0.0400
  model     fitted  updates=41032

[02:42]  frames 11401–11700
  reward    avg -1.9609   min -9.4533   max +1.0399
  paths     steer +0.4000  speed +0.0984  terrain -2.6525  achievement +0.0129
  speed     avg 59.6 mph
  terrain   road 5% | mixed 62% | offroad 32%
  explore   ε=0.0500  σ=0.0400
  model     fitted  updates=41332

[02:46]  frames 11701–12000
  reward    avg -4.0732   min -9.4506   max +0.6889
  paths     steer +0.4000  speed +0.0934  terrain -4.7602  achievement +0.0124
  speed     avg 58.9 mph
  terrain   mixed 43% | offroad 56%
  explore   ε=0.0500  σ=0.0400
  model     fitted  updates=41632

[02:50]  frames 12001–12300
  reward    avg -1.7619   min -7.4804   max +1.9221
  paths     steer +0.2840  speed -0.2107  terrain -2.0317  achievement +0.0123
  speed     avg 22.3 mph
  terrain   road 13% | mixed 43% | offroad 26% | unknown 16%
  explore   ε=0.0500  σ=0.0400
  model     fitted  updates=41932
  stuck     1 event(s) this interval

[02:55]  frames 12301–12600
  reward    avg -6.3489   min -9.4502   max +1.0767
  paths     steer +0.4000  speed +0.1331  terrain -7.0735  achievement +0.0181
  speed     avg 55.4 mph
  terrain   road 2% | mixed 23% | offroad 74%
  explore   ε=0.0500  σ=0.0400
  model     fitted  updates=42232

[04:53]  frames 12601–29100
  reward    avg -2.3925   min -9.4540   max +0.7950
  paths     steer +0.4000  speed +0.0915  terrain -3.0761  achievement +0.0103
  speed     avg 59.7 mph
  terrain   road 0% | mixed 58% | offroad 40%
  explore   ε=0.0500  σ=0.0400
  model     fitted  updates=42671

[04:57]  frames 29101–29400
  reward    avg -3.9070   min -9.4331   max +1.9173
  paths     steer +0.2787  speed -0.2189  terrain -4.1600  achievement +0.0101
  speed     avg 27.7 mph
  terrain   road 0% | mixed 32% | offroad 49% | unknown 17%
  explore   ε=0.0500  σ=0.0400
  model     fitted  updates=42971
  stuck     1 event(s) this interval

[05:01]  frames 29401–29700
  reward    avg -4.3947   min -11.4839   max +1.0224
  paths     steer +0.4000  speed +0.1707  terrain -4.9707  achievement -0.1606
  speed     avg 48.1 mph
  terrain   road 19% | mixed 28% | offroad 52%
  explore   ε=0.0500  σ=0.0400
  model     fitted  updates=43271

[05:05]  frames 29701–30000
  reward    avg -11.2254   min -13.7472   max -6.7693
  paths     steer +0.1595  speed -0.3127  terrain -10.6220  achievement -0.5926
  speed     avg 16.6 mph
  terrain   offroad 100%
  explore   ε=0.0500  σ=0.0400
  model     fitted  updates=43571
  stuck     1 event(s) this interval

[05:09]  frames 30001–30300
  reward    avg -7.1137   min -9.8740   max +0.6696
  paths     steer +0.4000  speed -0.0400  terrain -7.6942  achievement +0.0125
  speed     avg 38.0 mph
  terrain   mixed 3% | offroad 97%
  explore   ε=0.0500  σ=0.0400
  model     fitted  updates=43871

[05:14]  frames 30301–30600
  reward    avg -3.4120   min -9.3937   max +1.0701
  paths     steer +0.4000  speed +0.1057  terrain -4.1133  achievement +0.0168
  speed     avg 59.4 mph
  terrain   road 1% | mixed 47% | offroad 51%
  explore   ε=0.0500  σ=0.0400
  model     fitted  updates=44171

[05:18]  frames 30601–30900
  reward    avg -1.4745   min -9.4313   max +1.0816
  paths     steer +0.4000  speed +0.0940  terrain -2.1756  achievement +0.0259
  speed     avg 61.4 mph
  terrain   road 29% | mixed 44% | offroad 26%
  explore   ε=0.0500  σ=0.0400
  model     fitted  updates=44471

[05:22]  frames 30901–31200
  reward    avg -7.3780   min -9.8215   max +1.0480
  paths     steer +0.3998  speed +0.0386  terrain -8.0244  achievement +0.0158
  speed     avg 37.0 mph
  terrain   road 5% | mixed 2% | offroad 92%
  explore   ε=0.0500  σ=0.0400
  model     fitted  updates=44771

[05:26]  frames 31201–31500
  reward    avg -0.0964   min -9.3023   max +1.0382
  paths     steer +0.3989  speed +0.1184  terrain -0.8058  achievement +0.0163
  speed     avg 57.1 mph
  terrain   road 25% | mixed 64% | offroad 10%
  explore   ε=0.0500  σ=0.0400
  model     fitted  updates=45071

[05:30]  frames 31501–31800
  reward    avg -3.7013   min -9.4577   max +1.0328
  paths     steer +0.4000  speed +0.0852  terrain -4.3799  achievement +0.0105
  speed     avg 58.2 mph
  terrain   road 4% | mixed 46% | offroad 50%
  explore   ε=0.0500  σ=0.0400
  model     fitted  updates=45371

[05:34]  frames 31801–32100
  reward    avg -3.2524   min -9.4667   max +0.8659
  paths     steer +0.3998  speed +0.0962  terrain -3.9403  achievement +0.0112
  speed     avg 58.8 mph
  terrain   road 1% | mixed 55% | offroad 44%
  explore   ε=0.0500  σ=0.0400
  model     fitted  updates=45671

[05:39]  frames 32101–32400
  reward    avg -4.2563   min -9.4537   max +1.0581
  paths     steer +0.4000  speed +0.1055  terrain -4.9522  achievement +0.0115
  speed     avg 58.0 mph
  terrain   road 2% | mixed 42% | offroad 56%
  explore   ε=0.0500  σ=0.0400
  model     fitted  updates=45971

[05:43]  frames 32401–32700
  reward    avg -2.2568   min -9.4424   max +1.0550
  paths     steer +0.4000  speed +0.0745  terrain -2.9343  achievement +0.0179
  speed     avg 61.5 mph
  terrain   road 19% | mixed 46% | offroad 34%
  explore   ε=0.0500  σ=0.0400
  model     fitted  updates=46271

[05:47]  frames 32701–33000
  reward    avg -3.3710   min -9.4195   max +1.0421
  paths     steer +0.3964  speed +0.1100  terrain -4.0688  achievement +0.0152
  speed     avg 59.7 mph
  terrain   road 10% | mixed 44% | offroad 46%
  explore   ε=0.0500  σ=0.0400
  model     fitted  updates=46571

[05:51]  frames 33001–33300
  reward    avg -4.6111   min -9.4186   max +1.0242
  paths     steer +0.3993  speed +0.1002  terrain -5.2998  achievement +0.0095
  speed     avg 56.7 mph
  terrain   road 6% | mixed 27% | offroad 65%
  explore   ε=0.0500  σ=0.0400
  model     fitted  updates=46871

[05:55]  frames 33301–33600
  reward    avg -8.5601   min -9.5551   max +0.6862
  paths     steer +0.4000  speed +0.0960  terrain -9.2515  achievement +0.0145
  speed     avg 53.3 mph
  terrain   mixed 2% | offroad 97%
  explore   ε=0.0500  σ=0.0400
  model     fitted  updates=47171

[05:59]  frames 33601–33900
  reward    avg -6.3173   min -9.6608   max +1.1292
  paths     steer +0.3957  speed +0.1688  terrain -7.0748  achievement +0.0290
  speed     avg 56.7 mph
  terrain   road 9% | mixed 10% | offroad 80%
  explore   ε=0.0500  σ=0.0400
  model     fitted  updates=47471

[06:04]  frames 33901–34200
  reward    avg -6.1450   min -9.4958   max +1.0953
  paths     steer +0.3999  speed +0.3342  terrain -7.0485  achievement +0.0362
  speed     avg 73.1 mph
  terrain   road 4% | mixed 17% | offroad 78%
  explore   ε=0.0500  σ=0.0400
  model     fitted  updates=47771

[06:08]  frames 34201–34500
  reward    avg +0.2031   min -9.0840   max +1.1544
  paths     steer +0.3998  speed +0.3964  terrain -0.7366  achievement +0.0228
  speed     avg 93.2 mph
  terrain   road 15% | mixed 76% | offroad 9%
  explore   ε=0.0500  σ=0.0400
  model     fitted  updates=48071

[06:12]  frames 34501–34800
  reward    avg -1.1879   min -9.4399   max +1.3399
  paths     steer +0.3998  speed +0.3803  terrain -2.1168  achievement +0.0249
  speed     avg 89.3 mph
  terrain   road 11% | mixed 63% | offroad 25%
  explore   ε=0.0500  σ=0.0400
  model     fitted  updates=48371

[06:16]  frames 34801–35100
  reward    avg -0.0091   min -9.1348   max +1.1059
  paths     steer +0.4000  speed +0.3676  terrain -0.9259  achievement +0.0228
  speed     avg 85.2 mph
  terrain   road 9% | mixed 77% | offroad 12%
  explore   ε=0.0500  σ=0.0400
  model     fitted  updates=48671

[06:22]  frames 35101–35677
  reward    avg -2.3011   min -16.5244   max +1.1175
  paths     steer +0.3128  speed +0.1211  terrain -2.8834  achievement +0.0161
  speed     avg 65.2 mph
  terrain   road 5% | mixed 43% | offroad 29% | unknown 20%
  explore   ε=0.0500  σ=0.0400
  model     fitted  updates=48928
  stuck     1 event(s) this interval


SESSION END  total_frames=35677  updates=48928  elapsed=00:06:22
