================================================================================
  FORZA AI — SELF-TRAINING SESSION LOG
  started  : 2026-05-05 01:13:58
  online   : models\driving\fh5-driving-online.joblib
  mode     : mixed  |  terrain: road  |  tx: manual
  features : 170
================================================================================

VISION SAMPLES  dir=data\vision_samples\session_2026-05-05_01-13-58
[00:02]  frames 1–300
  reward    avg +0.3056   min +0.0943   max +0.4551
  paths     steer -0.0258  speed -0.0566  terrain +0.4738  achievement +0.0066
  speed     avg 0.0 mph
  lane      avg error 0.000
  terrain   road 100%
  override  20 frame(s)
  explore   ε=0.1182  σ=0.1191
  model     fitted  updates=52958

[00:04]  frames 301–600
  reward    avg -0.0551   min -3.6294   max +1.6928
  paths     steer +0.2789  speed -0.6328  terrain +0.4724  achievement -0.1473
  speed     avg 14.1 mph
  lane      avg error 0.233
  terrain   road 100%
  override  219 frame(s)
  explore   ε=0.1129  σ=0.1164
  model     fitted  updates=53188
  stuck     1 event(s) this interval


VISION SAMPLE  sample_id=20260505_011403_00000729_0001  frame=729  roi=data\vision_samples\session_2026-05-05_01-13-58\images\20260505_011403_00000729_0001_roi.png
[00:07]  frames 601–900
  reward    avg +0.0839   min -0.4349   max +0.5415
  paths     steer +0.5190  speed -1.0567  terrain +0.5973  achievement +0.0129
  speed     avg 47.6 mph
  lane      avg error 0.226
  terrain   road 100%
  override  300 frame(s)
  explore   ε=0.1063  σ=0.1129
  model     fitted  updates=53488

[00:10]  frames 901–1200
  reward    avg +2.1734   min -0.2242   max +5.0868
  paths     steer +0.7836  speed +0.4133  terrain +0.6022  achievement +0.0108
  speed     avg 83.2 mph
  lane      avg error 0.103
  terrain   road 100%
  override  300 frame(s)
  explore   ε=0.1001  σ=0.1096
  model     fitted  updates=53788


VISION SAMPLE  sample_id=20260505_011410_00001339_0002  frame=1339  roi=data\vision_samples\session_2026-05-05_01-13-58\images\20260505_011410_00001339_0002_roi.png
[00:14]  frames 1201–1500
  reward    avg +2.6768   min +2.0851   max +5.4287
  paths     steer +0.9215  speed +0.6713  terrain +0.6075  achievement +0.0061
  speed     avg 124.4 mph
  lane      avg error 0.032
  terrain   road 100%
  override  300 frame(s)
  explore   ε=0.0943  σ=0.1064
  model     fitted  updates=54088


VISION SAMPLE  sample_id=20260505_011415_00001739_0003  frame=1739  roi=data\vision_samples\session_2026-05-05_01-13-58\images\20260505_011415_00001739_0003_roi.png
[00:17]  frames 1501–1800
  reward    avg +2.8115   min +2.2767   max +7.1138
  paths     steer +0.9136  speed +0.7999  terrain +0.6074  achievement +0.0050
  speed     avg 159.5 mph
  lane      avg error 0.057
  terrain   road 100%
  override  300 frame(s)
  explore   ε=0.0888  σ=0.1032
  model     fitted  updates=54388


VISION SAMPLE  sample_id=20260505_011419_00002084_0004  frame=2084  roi=data\vision_samples\session_2026-05-05_01-13-58\images\20260505_011419_00002084_0004_roi.png
[00:21]  frames 1801–2100
  reward    avg +2.2300   min -0.2544   max +6.8976
  paths     steer +0.8868  speed +0.7379  terrain +0.6067  achievement -0.4644
  speed     avg 178.7 mph
  lane      avg error 0.054
  terrain   road 100%
  override  215 frame(s)
  explore   ε=0.0844  σ=0.1006
  model     fitted  updates=54644
  crash     2 event(s) this interval

[00:24]  frames 2101–2400
  reward    avg +1.7597   min -0.8394   max +6.3440
  paths     steer +0.8212  speed +0.5796  terrain +0.6040  achievement -0.6520
  speed     avg 126.9 mph
  lane      avg error 0.116
  terrain   road 100%
  override  178 frame(s)
  explore   ε=0.0800  σ=0.0980
  model     fitted  updates=54910
  crash     1 event(s) this interval


VISION SAMPLE  sample_id=20260505_011425_00002649_0005  frame=2649  roi=data\vision_samples\session_2026-05-05_01-13-58\images\20260505_011425_00002649_0005_roi.png
[00:27]  frames 2401–2700
  reward    avg +1.7874   min -1.9176   max +4.4986
  paths     steer +0.7190  speed +0.4215  terrain +0.6031  achievement -0.2885
  speed     avg 87.8 mph
  lane      avg error 0.145
  terrain   road 100%
  override  276 frame(s)
  explore   ε=0.0800  σ=0.0953
  model     fitted  updates=55186
  crash     4 event(s) this interval

[00:30]  frames 2701–3000
  reward    avg +1.4195   min -0.4364   max +3.7512
  paths     steer +0.6619  speed -0.0646  terrain +0.6075  achievement -0.0154
  speed     avg 64.3 mph
  lane      avg error 0.165
  terrain   road 100%
  override  121 frame(s)
  explore   ε=0.0800  σ=0.0929
  model     fitted  updates=55438
  crash     1 event(s) this interval


VISION SAMPLE  sample_id=20260505_011429_00003030_0006  frame=3030  roi=data\vision_samples\session_2026-05-05_01-13-58\images\20260505_011429_00003030_0006_roi.png
[00:33]  frames 3001–3300
  reward    avg +1.1117   min -0.0859   max +5.8018
  paths     steer +0.6948  speed -0.3999  terrain +0.6075  achievement +0.0130
  speed     avg 54.9 mph
  lane      avg error 0.080
  terrain   road 100%
  override  205 frame(s)
  explore   ε=0.0800  σ=0.0907
  model     fitted  updates=55684

[00:37]  frames 3301–3600
  reward    avg +0.5556   min -5.1302   max +3.1614
  paths     steer +0.6477  speed -0.6470  terrain +0.5398  achievement -0.1307
  speed     avg 52.2 mph
  lane      avg error 0.117
  terrain   road 100%
  override  122 frame(s)
  explore   ε=0.0800  σ=0.0880
  model     fitted  updates=55984
  crash     1 event(s) this interval


VISION SAMPLE  sample_id=20260505_011436_00003648_0007  frame=3648  roi=data\vision_samples\session_2026-05-05_01-13-58\images\20260505_011436_00003648_0007_roi.png
[00:40]  frames 3601–3900
  reward    avg -1.2004   min -3.2445   max +0.6837
  paths     steer +0.0244  speed -0.1984  terrain +0.1966  achievement -1.1758
  speed     avg 3.6 mph
  lane      avg error 0.423
  terrain   road 62% | unknown 37%
  override  281 frame(s)
  explore   ε=0.0800  σ=0.0856
  model     fitted  updates=56265
  stuck     1 event(s) this interval
  crash     1 event(s) this interval


VISION SAMPLE  sample_id=20260505_011440_00004111_0008  frame=4111  roi=data\vision_samples\session_2026-05-05_01-13-58\images\20260505_011440_00004111_0008_roi.png

VISION SAMPLE  sample_id=20260505_011444_00004475_0009  frame=4475  roi=data\vision_samples\session_2026-05-05_01-13-58\images\20260505_011444_00004475_0009_roi.png
[00:46]  frames 3901–4500
  reward    avg -0.5734   min -3.9200   max +1.7141
  paths     steer +0.1706  speed -0.4776  terrain -0.2595  achievement -0.0595
  speed     avg 7.3 mph
  lane      avg error 0.371
  terrain   road 85% | unknown 14%
  override  330 frame(s)
  explore   ε=0.0800  σ=0.0817
  model     fitted  updates=56732
  stuck     3 event(s) this interval

[00:49]  frames 4501–4800
  reward    avg -0.1542   min -1.5848   max +2.2824
  paths     steer +0.2328  speed -0.5445  terrain +0.1337  achievement +0.0091
  speed     avg 12.1 mph
  lane      avg error 0.323
  terrain   road 79% | unknown 20%
  override  266 frame(s)
  explore   ε=0.0800  σ=0.0800
  model     fitted  updates=57005


VISION SAMPLE  sample_id=20260505_011448_00004892_0010  frame=4892  roi=data\vision_samples\session_2026-05-05_01-13-58\images\20260505_011448_00004892_0010_roi.png
[00:52]  frames 4801–5100
  reward    avg +0.7257   min -0.0322   max +5.1923
  paths     steer +0.5896  speed -0.5955  terrain +0.6053  achievement +0.0116
  speed     avg 37.7 mph
  lane      avg error 0.026
  terrain   road 100%
  override  172 frame(s)
  explore   ε=0.0800  σ=0.0800
  model     fitted  updates=57230

[00:56]  frames 5101–5400
  reward    avg +0.7410   min -0.0610   max +3.1312
  paths     steer +0.6066  speed -0.6059  terrain +0.6065  achievement +0.0124
  speed     avg 43.9 mph
  lane      avg error 0.109
  terrain   road 100%
  override  161 frame(s)
  explore   ε=0.0800  σ=0.0800
  model     fitted  updates=57530


VISION SAMPLE  sample_id=20260505_011455_00005513_0011  frame=5513  roi=data\vision_samples\session_2026-05-05_01-13-58\images\20260505_011455_00005513_0011_roi.png
[00:59]  frames 5401–5700
  reward    avg +0.8221   min -0.0693   max +3.0720
  paths     steer +0.6161  speed -0.5482  terrain +0.6075  achievement +0.0119
  speed     avg 43.4 mph
  lane      avg error 0.085
  terrain   road 100%
  override  81 frame(s)
  explore   ε=0.0800  σ=0.0800
  model     fitted  updates=57806


VISION SAMPLE  sample_id=20260505_011500_00005936_0012  frame=5936  roi=data\vision_samples\session_2026-05-05_01-13-58\images\20260505_011500_00005936_0012_roi.png
[01:03]  frames 5701–6000
  reward    avg -0.3168   min -3.2134   max +4.9183
  paths     steer +0.0744  speed -0.1755  terrain +0.3488  achievement -0.5230
  speed     avg 4.6 mph
  lane      avg error 0.123
  terrain   road 69% | unknown 30%
  override  167 frame(s)
  explore   ε=0.0800  σ=0.0800
  model     fitted  updates=58082
  stuck     3 event(s) this interval
  crash     1 event(s) this interval


VISION SAMPLE  sample_id=20260505_011504_00006247_0013  frame=6247  roi=data\vision_samples\session_2026-05-05_01-13-58\images\20260505_011504_00006247_0013_roi.png
[01:06]  frames 6001–6300
  reward    avg -0.1145   min -1.0059   max +0.6776
  paths     steer -0.0344  speed -0.1022  terrain +0.0851  achievement -0.0177
  speed     avg 1.4 mph
  lane      avg error 0.000
  terrain   road 42% | unknown 57%
  override  208 frame(s)
  explore   ε=0.0800  σ=0.0800
  model     fitted  updates=58345
  stuck     3 event(s) this interval

[01:09]  frames 6301–6600
  reward    avg +0.1255   min -1.7991   max +1.9476
  paths     steer +0.2156  speed -0.5263  terrain +0.4585  achievement +0.0176
  speed     avg 8.5 mph
  lane      avg error 0.261
  terrain   road 95% | unknown 4%
  override  257 frame(s)
  explore   ε=0.0800  σ=0.0800
  model     fitted  updates=58621
  stuck     1 event(s) this interval


VISION SAMPLE  sample_id=20260505_011510_00006840_0014  frame=6840  roi=data\vision_samples\session_2026-05-05_01-13-58\images\20260505_011510_00006840_0014_roi.png
[01:12]  frames 6601–6900
  reward    avg +1.0242   min -0.3524   max +2.7964
  paths     steer +0.5559  speed -0.2775  terrain +0.5836  achievement +0.0135
  speed     avg 27.0 mph
  lane      avg error 0.209
  terrain   road 100%
  override  233 frame(s)
  explore   ε=0.0800  σ=0.0800
  model     fitted  updates=58856

[01:15]  frames 6901–7200
  reward    avg +1.0486   min +0.1101   max +3.7809
  paths     steer +0.6122  speed -0.3475  terrain +0.6075  achievement +0.0136
  speed     avg 33.0 mph
  lane      avg error 0.151
  terrain   road 100%
  override  73 frame(s)
  explore   ε=0.0800  σ=0.0800
  model     fitted  updates=59036


VISION SAMPLE  sample_id=20260505_011516_00007459_0015  frame=7459  roi=data\vision_samples\session_2026-05-05_01-13-58\images\20260505_011516_00007459_0015_roi.png
[01:18]  frames 7201–7500
  reward    avg -0.0473   min -4.7729   max +3.1915
  paths     steer +0.6034  speed -0.7029  terrain -0.1843  achievement +0.0127
  speed     avg 46.8 mph
  lane      avg error 0.120
  terrain   road 86% | offroad 13%
  override  119 frame(s)
  explore   ε=0.0800  σ=0.0800
  model     fitted  updates=59259


VISION SAMPLE  sample_id=20260505_011520_00007891_0016  frame=7891  roi=data\vision_samples\session_2026-05-05_01-13-58\images\20260505_011520_00007891_0016_roi.png
[01:24]  frames 7501–8100
  reward    avg +0.2711   min -4.5252   max +5.8338
  paths     steer +0.5953  speed -0.5166  terrain -0.0434  achievement +0.0091
  speed     avg 46.4 mph
  lane      avg error 0.094
  terrain   road 88% | offroad 11%
  override  285 frame(s)
  explore   ε=0.0800  σ=0.0800
  model     fitted  updates=59763

[01:28]  frames 8101–8400
  reward    avg +0.7685   min -0.0551   max +3.0245
  paths     steer +0.6200  speed -0.5983  terrain +0.6075  achievement +0.0101
  speed     avg 46.4 mph
  lane      avg error 0.044
  terrain   road 100%
  override  105 frame(s)
  explore   ε=0.0800  σ=0.0800
  model     fitted  updates=60032


VISION SAMPLE  sample_id=20260505_011527_00008503_0017  frame=8503  roi=data\vision_samples\session_2026-05-05_01-13-58\images\20260505_011527_00008503_0017_roi.png
[01:31]  frames 8401–8700
  reward    avg +0.2989   min -4.4970   max +2.9320
  paths     steer +0.5762  speed -0.5121  terrain +0.0132  achievement +0.0123
  speed     avg 45.4 mph
  lane      avg error 0.138
  terrain   road 89% | offroad 10%
  override  205 frame(s)
  explore   ε=0.0800  σ=0.0800
  model     fitted  updates=60308

[01:32]  frames 8701–8881
  reward    avg +0.8184   min +0.2438   max +5.0317
  paths     steer +0.5338  speed -0.4398  terrain +0.6075  achievement +0.0071
  speed     avg 45.4 mph
  lane      avg error 0.202
  terrain   road 100%
  override  0 frame(s)
  explore   ε=0.0800  σ=0.0800
  model     fitted  updates=60361


SESSION SCORECARD
  reward    avg +0.7267   min -5.1302   max +7.1138
  speed     avg 52.9 mph
  lane      avg error 0.125
  terrain   road 92% | offroad 1% | unknown 6%
  override  5499 frame(s)
  stuck     12 event(s)
  crash     11 event(s)

SESSION END  total_frames=8881  updates=60361  elapsed=00:01:32
