================================================================================
  FORZA AI — SELF-TRAINING SESSION LOG
  started  : 2026-05-05 01:44:30
  online   : models\driving\fh5-driving-online.joblib
  mode     : mixed  |  terrain: road  |  tx: manual
  features : 170
================================================================================

VISION SAMPLES  dir=data\vision_samples\session_2026-05-05_01-44-30
[00:02]  frames 1–300
  reward    avg +0.3486   min -0.0278   max +0.4928
  paths     steer -0.0097  speed -0.0386  terrain +0.4738  achievement +0.0047
  speed     avg 0.0 mph
  lane      avg error 0.000
  terrain   road 100%
  override  33 frame(s)
  explore   ε=0.1180  σ=0.1190
  model     fitted  updates=81134

[00:04]  frames 301–600
  reward    avg -0.0173   min -1.0992   max +0.5677
  paths     steer +0.4039  speed -0.8808  terrain +0.5977  achievement -0.1183
  speed     avg 17.8 mph
  lane      avg error 0.165
  terrain   road 100%
  override  300 frame(s)
  explore   ε=0.1111  σ=0.1155
  model     fitted  updates=81434
  stuck     1 event(s) this interval


VISION SAMPLE  sample_id=20260505_014434_00000601_0001  frame=601  roi=data\vision_samples\session_2026-05-05_01-44-30\images\20260505_014434_00000601_0001_roi.png
[00:08]  frames 601–900
  reward    avg +0.8514   min -0.1166   max +4.7446
  paths     steer +0.6126  speed -0.5160  terrain +0.6075  achievement +0.0096
  speed     avg 59.9 mph
  lane      avg error 0.217
  terrain   road 100%
  override  300 frame(s)
  explore   ε=0.1046  σ=0.1121
  model     fitted  updates=81734


VISION SAMPLE  sample_id=20260505_014441_00001082_0002  frame=1082  roi=data\vision_samples\session_2026-05-05_01-44-30\images\20260505_014441_00001082_0002_roi.png
[00:13]  frames 901–1200
  reward    avg +2.4096   min +1.7858   max +6.1028
  paths     steer +0.7321  speed +0.6861  terrain +0.6075  achievement +0.0061
  speed     avg 111.9 mph
  lane      avg error 0.186
  terrain   road 100%
  override  300 frame(s)
  explore   ε=0.0985  σ=0.1087
  model     fitted  updates=82034


VISION SAMPLE  sample_id=20260505_014446_00001441_0003  frame=1441  roi=data\vision_samples\session_2026-05-05_01-44-30\images\20260505_014446_00001441_0003_roi.png
[00:17]  frames 1201–1500
  reward    avg +2.5767   min +2.0983   max +7.5421
  paths     steer +0.6964  speed +0.8792  terrain +0.6073  achievement +0.0048
  speed     avg 152.4 mph
  lane      avg error 0.218
  terrain   road 100%
  override  300 frame(s)
  explore   ε=0.0928  σ=0.1055
  model     fitted  updates=82334

[00:21]  frames 1501–1800
  reward    avg +1.5582   min -0.6426   max +6.6497
  paths     steer +0.7021  speed +0.4379  terrain +0.5571  achievement -0.4720
  speed     avg 111.2 mph
  lane      avg error 0.197
  terrain   road 100%
  override  287 frame(s)
  explore   ε=0.0876  σ=0.1025
  model     fitted  updates=82621
  crash     5 event(s) this interval


VISION SAMPLE  sample_id=20260505_014453_00001981_0004  frame=1981  roi=data\vision_samples\session_2026-05-05_01-44-30\images\20260505_014453_00001981_0004_roi.png
[00:25]  frames 1801–2100
  reward    avg -0.4056   min -3.4434   max +2.6946
  paths     steer +0.3319  speed -0.2950  terrain -0.6145  achievement -0.0419
  speed     avg 20.7 mph
  lane      avg error 0.310
  terrain   road 100%
  override  213 frame(s)
  explore   ε=0.0836  σ=0.1001
  model     fitted  updates=82859
  stuck     1 event(s) this interval

[00:28]  frames 2101–2400
  reward    avg +0.4249   min -3.0511   max +8.0955
  paths     steer +0.5370  speed -0.6549  terrain +0.4294  achievement +0.0076
  speed     avg 37.3 mph
  lane      avg error 0.233
  terrain   road 100%
  override  300 frame(s)
  explore   ε=0.0800  σ=0.0972
  model     fitted  updates=83159


VISION SAMPLE  sample_id=20260505_014459_00002435_0005  frame=2435  roi=data\vision_samples\session_2026-05-05_01-44-30\images\20260505_014459_00002435_0005_roi.png

VISION SAMPLE  sample_id=20260505_014504_00002866_0006  frame=2866  roi=data\vision_samples\session_2026-05-05_01-44-30\images\20260505_014504_00002866_0006_roi.png
[00:37]  frames 2401–3000
  reward    avg +1.2087   min -0.8123   max +9.5557
  paths     steer +0.6263  speed -0.0658  terrain +0.3936  achievement +0.0105
  speed     avg 60.6 mph
  lane      avg error 0.289
  terrain   road 100%
  override  568 frame(s)
  explore   ε=0.0800  σ=0.0918
  model     fitted  updates=83727


VISION SAMPLE  sample_id=20260505_014508_00003091_0007  frame=3091  roi=data\vision_samples\session_2026-05-05_01-44-30\images\20260505_014508_00003091_0007_roi.png
[00:41]  frames 3001–3300
  reward    avg +2.3287   min +1.7525   max +9.3014
  paths     steer +0.8084  speed +0.5156  terrain +0.6038  achievement +0.0100
  speed     avg 104.0 mph
  lane      avg error 0.132
  terrain   road 100%
  override  273 frame(s)
  explore   ε=0.0800  σ=0.0893
  model     fitted  updates=84003


VISION SAMPLE  sample_id=20260505_014515_00003631_0008  frame=3631  roi=data\vision_samples\session_2026-05-05_01-44-30\images\20260505_014515_00003631_0008_roi.png
[00:48]  frames 3301–3900
  reward    avg +2.4760   min -1.0086   max +6.6253
  paths     steer +0.7886  speed +0.7085  terrain +0.5944  achievement -0.0269
  speed     avg 140.8 mph
  lane      avg error 0.131
  terrain   road 100%
  override  392 frame(s)
  explore   ε=0.0800  σ=0.0845
  model     fitted  updates=84553
  crash     2 event(s) this interval


VISION SAMPLE  sample_id=20260505_014519_00003978_0009  frame=3978  roi=data\vision_samples\session_2026-05-05_01-44-30\images\20260505_014519_00003978_0009_roi.png
[00:52]  frames 3901–4200
  reward    avg +0.3246   min -5.1040   max +4.4190
  paths     steer +0.4325  speed -0.2917  terrain +0.4678  achievement -0.3863
  speed     avg 68.8 mph
  lane      avg error 0.290
  terrain   road 100%
  override  87 frame(s)
  explore   ε=0.0800  σ=0.0826
  model     fitted  updates=84781
  crash     2 event(s) this interval

[00:55]  frames 4201–4500
  reward    avg +0.1646   min -1.9766   max +2.5062
  paths     steer +0.4045  speed -0.8060  terrain +0.5528  achievement +0.0148
  speed     avg 12.3 mph
  lane      avg error 0.169
  terrain   road 100%
  override  176 frame(s)
  explore   ε=0.0800  σ=0.0806
  model     fitted  updates=85033


VISION SAMPLE  sample_id=20260505_014526_00004531_0010  frame=4531  roi=data\vision_samples\session_2026-05-05_01-44-30\images\20260505_014526_00004531_0010_roi.png
[01:00]  frames 4501–4800
  reward    avg +0.2882   min -0.4451   max +6.0408
  paths     steer +0.6220  speed -0.9551  terrain +0.5258  achievement +0.0067
  speed     avg 21.1 mph
  lane      avg error 0.203
  terrain   road 100%
  override  147 frame(s)
  explore   ε=0.0800  σ=0.0800
  model     fitted  updates=85302


VISION SAMPLE  sample_id=20260505_014533_00005071_0011  frame=5071  roi=data\vision_samples\session_2026-05-05_01-44-30\images\20260505_014533_00005071_0011_roi.png
[01:04]  frames 4801–5100
  reward    avg -0.0841   min -1.8952   max +1.2801
  paths     steer +0.1823  speed -0.4094  terrain +0.1303  achievement +0.0025
  speed     avg 9.7 mph
  lane      avg error 0.462
  terrain   road 100%
  override  84 frame(s)
  explore   ε=0.0800  σ=0.0800
  model     fitted  updates=85578
  stuck     3 event(s) this interval

[01:07]  frames 5101–5400
  reward    avg -0.1496   min -1.1030   max +2.2258
  paths     steer +0.4005  speed -0.9351  terrain +0.4627  achievement -0.0683
  speed     avg 12.1 mph
  lane      avg error 0.325
  terrain   road 100%
  override  172 frame(s)
  explore   ε=0.0800  σ=0.0800
  model     fitted  updates=85854
  stuck     1 event(s) this interval


VISION SAMPLE  sample_id=20260505_014540_00005587_0012  frame=5587  roi=data\vision_samples\session_2026-05-05_01-44-30\images\20260505_014540_00005587_0012_roi.png
[01:12]  frames 5401–5700
  reward    avg -0.3395   min -0.8873   max +2.7923
  paths     steer +0.4018  speed -1.1227  terrain +0.4022  achievement +0.0070
  speed     avg 16.8 mph
  lane      avg error 0.344
  terrain   road 100%
  override  212 frame(s)
  explore   ε=0.0800  σ=0.0800
  model     fitted  updates=86154


VISION SAMPLE  sample_id=20260505_014544_00005864_0013  frame=5864  roi=data\vision_samples\session_2026-05-05_01-44-30\images\20260505_014544_00005864_0013_roi.png
[01:16]  frames 5701–6000
  reward    avg +0.7797   min -0.9142   max +5.6948
  paths     steer +0.6173  speed -0.4448  terrain +0.4181  achievement +0.0098
  speed     avg 19.1 mph
  lane      avg error 0.332
  terrain   road 100%
  override  287 frame(s)
  explore   ε=0.0800  σ=0.0800
  model     fitted  updates=86441


VISION SAMPLE  sample_id=20260505_014549_00006271_0014  frame=6271  roi=data\vision_samples\session_2026-05-05_01-44-30\images\20260505_014549_00006271_0014_roi.png
[01:20]  frames 6001–6300
  reward    avg +0.4474   min -0.2194   max +6.9567
  paths     steer +0.6317  speed -0.8926  terrain +0.6075  achievement +0.0099
  speed     avg 44.2 mph
  lane      avg error 0.171
  terrain   road 100%
  override  300 frame(s)
  explore   ε=0.0800  σ=0.0800
  model     fitted  updates=86741

[01:23]  frames 6301–6600
  reward    avg +1.1641   min -0.0239   max +2.6166
  paths     steer +0.6214  speed -0.2155  terrain +0.5545  achievement +0.0085
  speed     avg 30.0 mph
  lane      avg error 0.131
  terrain   road 100%
  override  178 frame(s)
  explore   ε=0.0800  σ=0.0800
  model     fitted  updates=86972


VISION SAMPLE  sample_id=20260505_014554_00006721_0015  frame=6721  roi=data\vision_samples\session_2026-05-05_01-44-30\images\20260505_014554_00006721_0015_roi.png
[01:27]  frames 6601–6900
  reward    avg +0.2873   min -0.0632   max +3.1509
  paths     steer +0.5788  speed -0.9510  terrain +0.5942  achievement +0.0077
  speed     avg 20.1 mph
  lane      avg error 0.127
  terrain   road 100%
  override  156 frame(s)
  explore   ε=0.0800  σ=0.0800
  model     fitted  updates=87272


VISION SAMPLE  sample_id=20260505_014600_00007117_0016  frame=7117  roi=data\vision_samples\session_2026-05-05_01-44-30\images\20260505_014600_00007117_0016_roi.png
[01:31]  frames 6901–7200
  reward    avg +0.7767   min -0.1316   max +6.5997
  paths     steer +0.6588  speed -0.6391  terrain +0.6033  achievement +0.0107
  speed     avg 40.2 mph
  lane      avg error 0.069
  terrain   road 100%
  override  80 frame(s)
  explore   ε=0.0800  σ=0.0800
  model     fitted  updates=87548


VISION SAMPLE  sample_id=20260505_014603_00007351_0017  frame=7351  roi=data\vision_samples\session_2026-05-05_01-44-30\images\20260505_014603_00007351_0017_roi.png
[01:35]  frames 7201–7500
  reward    avg +0.7787   min -0.0700   max +6.1825
  paths     steer +0.6894  speed -0.6817  terrain +0.6074  achievement +0.0122
  speed     avg 44.6 mph
  lane      avg error 0.074
  terrain   road 100%
  override  172 frame(s)
  explore   ε=0.0800  σ=0.0800
  model     fitted  updates=87824


VISION SAMPLE  sample_id=20260505_014609_00007771_0018  frame=7771  roi=data\vision_samples\session_2026-05-05_01-44-30\images\20260505_014609_00007771_0018_roi.png

VISION SAMPLE  sample_id=20260505_014612_00008011_0019  frame=8011  roi=data\vision_samples\session_2026-05-05_01-44-30\images\20260505_014612_00008011_0019_roi.png
[01:43]  frames 7501–8100
  reward    avg +0.6358   min -0.0954   max +6.1431
  paths     steer +0.6747  speed -0.7844  terrain +0.6075  achievement +0.0095
  speed     avg 36.9 mph
  lane      avg error 0.071
  terrain   road 100%
  override  296 frame(s)
  explore   ε=0.0800  σ=0.0800
  model     fitted  updates=88400

[01:47]  frames 8101–8400
  reward    avg +0.7891   min -0.0190   max +2.9661
  paths     steer +0.6544  speed -0.6246  terrain +0.6075  achievement +0.0094
  speed     avg 41.3 mph
  lane      avg error 0.232
  terrain   road 100%
  override  113 frame(s)
  explore   ε=0.0800  σ=0.0800
  model     fitted  updates=88676


VISION SAMPLE  sample_id=20260505_014618_00008519_0020  frame=8519  roi=data\vision_samples\session_2026-05-05_01-44-30\images\20260505_014618_00008519_0020_roi.png
[01:51]  frames 8401–8700
  reward    avg +0.7180   min -0.0946   max +3.4004
  paths     steer +0.6816  speed -0.7202  terrain +0.6075  achievement +0.0074
  speed     avg 44.9 mph
  lane      avg error 0.161
  terrain   road 100%
  override  204 frame(s)
  explore   ε=0.0800  σ=0.0800
  model     fitted  updates=88952

[01:54]  frames 8701–9000
  reward    avg +0.7653   min -0.0333   max +5.9071
  paths     steer +0.6663  speed -0.6601  terrain +0.6075  achievement +0.0085
  speed     avg 39.9 mph
  lane      avg error 0.161
  terrain   road 100%
  override  151 frame(s)
  explore   ε=0.0800  σ=0.0800
  model     fitted  updates=89252


VISION SAMPLE  sample_id=20260505_014626_00009091_0021  frame=9091  roi=data\vision_samples\session_2026-05-05_01-44-30\images\20260505_014626_00009091_0021_roi.png
[01:58]  frames 9001–9300
  reward    avg +0.6700   min -0.0658   max +6.8482
  paths     steer +0.6438  speed -0.7115  terrain +0.6066  achievement +0.0070
  speed     avg 41.4 mph
  lane      avg error 0.146
  terrain   road 100%
  override  85 frame(s)
  explore   ε=0.0800  σ=0.0800
  model     fitted  updates=89528


VISION SAMPLE  sample_id=20260505_014630_00009421_0022  frame=9421  roi=data\vision_samples\session_2026-05-05_01-44-30\images\20260505_014630_00009421_0022_roi.png
[02:01]  frames 9301–9454
  reward    avg +0.4904   min -0.0499   max +2.8459
  paths     steer +0.6206  speed -0.8295  terrain +0.5927  achievement +0.0096
  speed     avg 43.5 mph
  lane      avg error 0.360
  terrain   road 100%
  override  153 frame(s)
  explore   ε=0.0800  σ=0.0800
  model     fitted  updates=89681


SESSION SCORECARD
  reward    avg +0.8556   min -5.1040   max +9.5557
  speed     avg 52.9 mph
  lane      avg error 0.193
  terrain   road 100%
  override  6319 frame(s)
  stuck     6 event(s)
  crash     9 event(s)

SESSION END  total_frames=9454  updates=89681  elapsed=00:02:01
