================================================================================
  FORZA AI — SELF-TRAINING SESSION LOG
  started  : 2026-05-04 20:13:22
  online   : models\driving\fh5-driving-online.joblib
  mode     : mixed  |  terrain: road  |  tx: manual
  features : 160
================================================================================

VISION SAMPLES  dir=data\vision_samples\session_2026-05-04_20-13-22

VISION SAMPLE  sample_id=20260504_201326_00000284_0001  frame=284  roi=data\vision_samples\session_2026-05-04_20-13-22\images\20260504_201326_00000284_0001_roi.png

VISION SAMPLE  sample_id=20260504_201331_00000588_0002  frame=588  roi=data\vision_samples\session_2026-05-04_20-13-22\images\20260504_201331_00000588_0002_roi.png
[00:08]  frames 1–600
  reward    avg +0.2992   min -0.8618   max +1.3821
  paths     steer +0.3014  speed -0.3236  terrain +0.1784  achievement +0.0101
  speed     avg 23.1 mph
  terrain   road 93% | unknown 6%
  explore   ε=0.1129  σ=0.1164
  model     fitted  updates=32185

[00:12]  frames 601–900
  reward    avg +1.3353   min +0.7565   max +1.5904
  paths     steer +0.5092  speed +0.3681  terrain +0.1996  achievement +0.0237
  speed     avg 94.7 mph
  terrain   road 100%
  explore   ε=0.1063  σ=0.1129
  model     fitted  updates=32485


VISION SAMPLE  sample_id=20260504_201336_00000996_0003  frame=996  roi=data\vision_samples\session_2026-05-04_20-13-22\images\20260504_201336_00000996_0003_roi.png
[00:16]  frames 901–1200
  reward    avg +1.4179   min +1.1107   max +1.5937
  paths     steer +0.4971  speed +0.4804  terrain +0.1986  achievement +0.0132
  speed     avg 139.0 mph
  terrain   road 100%
  explore   ε=0.1006  σ=0.1099
  model     fitted  updates=32761


VISION SAMPLE  sample_id=20260504_201343_00001451_0004  frame=1451  roi=data\vision_samples\session_2026-05-04_20-13-22\images\20260504_201343_00001451_0004_roi.png

VISION SAMPLE  sample_id=20260504_201349_00001902_0005  frame=1902  roi=data\vision_samples\session_2026-05-04_20-13-22\images\20260504_201349_00001902_0005_roi.png

VISION SAMPLE  sample_id=20260504_201353_00002180_0006  frame=2180  roi=data\vision_samples\session_2026-05-04_20-13-22\images\20260504_201353_00002180_0006_roi.png

VISION SAMPLE  sample_id=20260504_201359_00002594_0007  frame=2594  roi=data\vision_samples\session_2026-05-04_20-13-22\images\20260504_201359_00002594_0007_roi.png
[00:37]  frames 1201–2700
  reward    avg +0.6558   min -7.0831   max +1.6404
  paths     steer +0.4972  speed +0.3118  terrain -0.3459  achievement -0.0904
  speed     avg 72.2 mph
  terrain   road 94% | offroad 5%
  explore   ε=0.0907  σ=0.1043
  model     fitted  updates=33281
  crash     2 event(s) this interval


VISION SAMPLE  sample_id=20260504_201403_00002911_0008  frame=2911  roi=data\vision_samples\session_2026-05-04_20-13-22\images\20260504_201403_00002911_0008_roi.png

VISION SAMPLE  sample_id=20260504_201455_00010194_0009  frame=10194  roi=data\vision_samples\session_2026-05-04_20-13-22\images\20260504_201455_00010194_0009_roi.png

VISION SAMPLE  sample_id=20260504_201500_00010560_0010  frame=10560  roi=data\vision_samples\session_2026-05-04_20-13-22\images\20260504_201500_00010560_0010_roi.png

VISION SAMPLE  sample_id=20260504_201506_00011020_0011  frame=11020  roi=data\vision_samples\session_2026-05-04_20-13-22\images\20260504_201506_00011020_0011_roi.png

VISION SAMPLE  sample_id=20260504_201513_00011521_0012  frame=11521  roi=data\vision_samples\session_2026-05-04_20-13-22\images\20260504_201513_00011521_0012_roi.png

VISION SAMPLE  sample_id=20260504_201518_00011850_0013  frame=11850  roi=data\vision_samples\session_2026-05-04_20-13-22\images\20260504_201518_00011850_0013_roi.png

VISION SAMPLE  sample_id=20260504_201522_00012151_0014  frame=12151  roi=data\vision_samples\session_2026-05-04_20-13-22\images\20260504_201522_00012151_0014_roi.png

VISION SAMPLE  sample_id=20260504_201527_00012504_0015  frame=12504  roi=data\vision_samples\session_2026-05-04_20-13-22\images\20260504_201527_00012504_0015_roi.png

VISION SAMPLE  sample_id=20260504_201533_00012919_0016  frame=12919  roi=data\vision_samples\session_2026-05-04_20-13-22\images\20260504_201533_00012919_0016_roi.png

VISION SAMPLE  sample_id=20260504_201539_00013404_0017  frame=13404  roi=data\vision_samples\session_2026-05-04_20-13-22\images\20260504_201539_00013404_0017_roi.png

VISION SAMPLE  sample_id=20260504_201546_00013872_0018  frame=13872  roi=data\vision_samples\session_2026-05-04_20-13-22\images\20260504_201546_00013872_0018_roi.png

VISION SAMPLE  sample_id=20260504_201553_00014365_0019  frame=14365  roi=data\vision_samples\session_2026-05-04_20-13-22\images\20260504_201553_00014365_0019_roi.png

VISION SAMPLE  sample_id=20260504_201559_00014806_0020  frame=14806  roi=data\vision_samples\session_2026-05-04_20-13-22\images\20260504_201559_00014806_0020_roi.png

VISION SAMPLE  sample_id=20260504_201603_00015128_0021  frame=15128  roi=data\vision_samples\session_2026-05-04_20-13-22\images\20260504_201603_00015128_0021_roi.png

VISION SAMPLE  sample_id=20260504_201609_00015548_0022  frame=15548  roi=data\vision_samples\session_2026-05-04_20-13-22\images\20260504_201609_00015548_0022_roi.png

VISION SAMPLE  sample_id=20260504_201615_00015951_0023  frame=15951  roi=data\vision_samples\session_2026-05-04_20-13-22\images\20260504_201615_00015951_0023_roi.png

VISION SAMPLE  sample_id=20260504_201620_00016478_0024  frame=16478  roi=data\vision_samples\session_2026-05-04_20-13-22\images\20260504_201620_00016478_0024_roi.png
[02:58]  frames 2701–16500
  reward    avg +0.2466   min -0.9752   max +1.0807
  paths     steer +0.0913  speed -0.0693  terrain +0.1943  achievement +0.0040
  speed     avg 5.2 mph
  terrain   road 100%
  explore   ε=0.0800  σ=0.0910
  model     fitted  updates=34650


VISION SAMPLE  sample_id=20260504_201625_00016868_0025  frame=16868  roi=data\vision_samples\session_2026-05-04_20-13-22\images\20260504_201625_00016868_0025_roi.png

VISION SAMPLE  sample_id=20260504_201630_00017212_0026  frame=17212  roi=data\vision_samples\session_2026-05-04_20-13-22\images\20260504_201630_00017212_0026_roi.png

VISION SAMPLE  sample_id=20260504_201633_00017431_0027  frame=17431  roi=data\vision_samples\session_2026-05-04_20-13-22\images\20260504_201633_00017431_0027_roi.png

VISION SAMPLE  sample_id=20260504_201639_00017838_0028  frame=17838  roi=data\vision_samples\session_2026-05-04_20-13-22\images\20260504_201639_00017838_0028_roi.png

VISION SAMPLE  sample_id=20260504_201648_00018788_0029  frame=18788  roi=data\vision_samples\session_2026-05-04_20-13-22\images\20260504_201648_00018788_0029_roi.png

VISION SAMPLE  sample_id=20260504_201652_00019095_0030  frame=19095  roi=data\vision_samples\session_2026-05-04_20-13-22\images\20260504_201652_00019095_0030_roi.png

VISION SAMPLE  sample_id=20260504_201659_00019578_0031  frame=19578  roi=data\vision_samples\session_2026-05-04_20-13-22\images\20260504_201659_00019578_0031_roi.png

VISION SAMPLE  sample_id=20260504_201704_00019965_0032  frame=19965  roi=data\vision_samples\session_2026-05-04_20-13-22\images\20260504_201704_00019965_0032_roi.png

VISION SAMPLE  sample_id=20260504_201710_00020365_0033  frame=20365  roi=data\vision_samples\session_2026-05-04_20-13-22\images\20260504_201710_00020365_0033_roi.png
[03:47]  frames 16501–20400
  reward    avg +0.2584   min -0.9180   max +1.4014
  paths     steer +0.1900  speed -0.1766  terrain +0.1610  achievement +0.0053
  speed     avg 4.6 mph
  terrain   road 100%
  explore   ε=0.0800  σ=0.0843
  model     fitted  updates=35408


VISION SAMPLE  sample_id=20260504_201717_00020844_0034  frame=20844  roi=data\vision_samples\session_2026-05-04_20-13-22\images\20260504_201717_00020844_0034_roi.png

VISION SAMPLE  sample_id=20260504_201723_00021276_0035  frame=21276  roi=data\vision_samples\session_2026-05-04_20-13-22\images\20260504_201723_00021276_0035_roi.png

VISION SAMPLE  sample_id=20260504_201727_00021582_0036  frame=21582  roi=data\vision_samples\session_2026-05-04_20-13-22\images\20260504_201727_00021582_0036_roi.png

VISION SAMPLE  sample_id=20260504_201731_00021900_0037  frame=21900  roi=data\vision_samples\session_2026-05-04_20-13-22\images\20260504_201731_00021900_0037_roi.png

VISION SAMPLE  sample_id=20260504_201735_00022163_0038  frame=22163  roi=data\vision_samples\session_2026-05-04_20-13-22\images\20260504_201735_00022163_0038_roi.png

VISION SAMPLE  sample_id=20260504_201740_00022560_0039  frame=22560  roi=data\vision_samples\session_2026-05-04_20-13-22\images\20260504_201740_00022560_0039_roi.png

VISION SAMPLE  sample_id=20260504_201746_00022974_0040  frame=22974  roi=data\vision_samples\session_2026-05-04_20-13-22\images\20260504_201746_00022974_0040_roi.png

VISION SAMPLE  sample_id=20260504_201749_00023211_0041  frame=23211  roi=data\vision_samples\session_2026-05-04_20-13-22\images\20260504_201749_00023211_0041_roi.png

VISION SAMPLE  sample_id=20260504_201753_00023442_0042  frame=23442  roi=data\vision_samples\session_2026-05-04_20-13-22\images\20260504_201753_00023442_0042_roi.png

VISION SAMPLE  sample_id=20260504_201758_00023791_0043  frame=23791  roi=data\vision_samples\session_2026-05-04_20-13-22\images\20260504_201758_00023791_0043_roi.png

VISION SAMPLE  sample_id=20260504_201803_00024181_0044  frame=24181  roi=data\vision_samples\session_2026-05-04_20-13-22\images\20260504_201803_00024181_0044_roi.png

VISION SAMPLE  sample_id=20260504_201808_00024517_0045  frame=24517  roi=data\vision_samples\session_2026-05-04_20-13-22\images\20260504_201808_00024517_0045_roi.png
[04:46]  frames 20401–24600
  reward    avg +0.2110   min -1.0122   max +0.4292
  paths     steer +0.0830  speed -0.0571  terrain +0.1676  achievement -0.0072
  speed     avg 1.6 mph
  terrain   road 100%
  explore   ε=0.0800  σ=0.0800
  model     fitted  updates=36392
  stuck     1 event(s) this interval

[04:51]  frames 24601–25021
  reward    avg +0.4113   min -4.5450   max +1.3378
  paths     steer +0.4876  speed -0.1076  terrain -0.1159  achievement -0.1081
  speed     avg 12.1 mph
  terrain   road 100%
  explore   ε=0.0800  σ=0.0800
  model     fitted  updates=36475


SESSION END  total_frames=25021  updates=36475  elapsed=00:04:51
