================================================================================
  FORZA AI — SELF-TRAINING SESSION LOG
  started  : 2026-05-04 20:07:59
  online   : models\driving\fh5-driving-online.joblib
  mode     : mixed  |  terrain: road  |  tx: manual
  features : 160
================================================================================

VISION SAMPLES  dir=data\vision_samples\session_2026-05-04_20-07-59
[00:03]  frames 1–300
  reward    avg -0.1565   min -0.9160   max +0.2562
  paths     steer -0.0002  speed -0.4024  terrain +0.1587  achievement +0.0070
  speed     avg 2.0 mph
  terrain   road 100%
  explore   ε=0.1187  σ=0.1194
  model     fitted  updates=27395


VISION SAMPLE  sample_id=20260504_200803_00000350_0001  frame=350  roi=data\vision_samples\session_2026-05-04_20-07-59\images\20260504_200803_00000350_0001_roi.png
[00:07]  frames 301–600
  reward    avg -0.3374   min -1.7022   max +1.2551
  paths     steer +0.2396  speed -0.8566  terrain -0.0107  achievement -0.0007
  speed     avg 16.8 mph
  terrain   road 100%
  explore   ε=0.1118  σ=0.1158
  model     fitted  updates=27695
  stuck     1 event(s) this interval


VISION SAMPLE  sample_id=20260504_200808_00000691_0002  frame=691  roi=data\vision_samples\session_2026-05-04_20-07-59\images\20260504_200808_00000691_0002_roi.png

VISION SAMPLE  sample_id=20260504_200811_00000957_0003  frame=957  roi=data\vision_samples\session_2026-05-04_20-07-59\images\20260504_200811_00000957_0003_roi.png

VISION SAMPLE  sample_id=20260504_200834_00003864_0004  frame=3864  roi=data\vision_samples\session_2026-05-04_20-07-59\images\20260504_200834_00003864_0004_roi.png
[00:39]  frames 601–4200
  reward    avg -0.1718   min -18.9818   max +1.3481
  paths     steer +0.3862  speed -0.1555  terrain -0.6228  achievement -0.0039
  speed     avg 34.4 mph
  terrain   road 91% | mixed 4% | offroad 3% | unknown 0%
  explore   ε=0.0993  σ=0.1092
  model     fitted  updates=28287
  stuck     1 event(s) this interval
  crash     2 event(s) this interval


VISION SAMPLE  sample_id=20260504_200841_00004347_0005  frame=4347  roi=data\vision_samples\session_2026-05-04_20-07-59\images\20260504_200841_00004347_0005_roi.png
[00:44]  frames 4201–4500
  reward    avg +1.3865   min +1.1115   max +1.5930
  paths     steer +0.5729  speed +0.3754  terrain +0.1945  achievement +0.0323
  speed     avg 94.2 mph
  terrain   road 100%
  explore   ε=0.0935  σ=0.1059
  model     fitted  updates=28587


VISION SAMPLE  sample_id=20260504_200845_00004642_0006  frame=4642  roi=data\vision_samples\session_2026-05-04_20-07-59\images\20260504_200845_00004642_0006_roi.png
[00:48]  frames 4501–4800
  reward    avg +1.2712   min +0.9333   max +1.5637
  paths     steer +0.4885  speed +0.4266  terrain +0.1640  achievement +0.0332
  speed     avg 115.5 mph
  terrain   road 100%
  explore   ε=0.0888  σ=0.1032
  model     fitted  updates=28847

[00:52]  frames 4801–5100
  reward    avg +1.3678   min -0.7097   max +1.6302
  paths     steer +0.6075  speed +0.4124  terrain +0.1892  achievement -0.0626
  speed     avg 121.8 mph
  terrain   road 100%
  explore   ε=0.0839  σ=0.1003
  model     fitted  updates=29130
  crash     1 event(s) this interval


VISION SAMPLE  sample_id=20260504_200851_00005101_0007  frame=5101  roi=data\vision_samples\session_2026-05-04_20-07-59\images\20260504_200851_00005101_0007_roi.png
[00:56]  frames 5101–5400
  reward    avg +0.2575   min -8.6303   max +1.6561
  paths     steer +0.5832  speed +0.4613  terrain -0.8857  achievement -0.1006
  speed     avg 126.8 mph
  terrain   road 90% | offroad 10%
  explore   ε=0.0800  σ=0.0974
  model     fitted  updates=29430
  crash     2 event(s) this interval


VISION SAMPLE  sample_id=20260504_200857_00005511_0008  frame=5511  roi=data\vision_samples\session_2026-05-04_20-07-59\images\20260504_200857_00005511_0008_roi.png
[01:00]  frames 5401–5700
  reward    avg +0.9283   min -0.2381   max +1.5380
  paths     steer +0.4692  speed +0.3310  terrain -0.0637  achievement +0.0234
  speed     avg 100.5 mph
  terrain   road 100%
  explore   ε=0.0800  σ=0.0945
  model     fitted  updates=29730


VISION SAMPLE  sample_id=20260504_200902_00005902_0009  frame=5902  roi=data\vision_samples\session_2026-05-04_20-07-59\images\20260504_200902_00005902_0009_roi.png
[01:04]  frames 5701–6000
  reward    avg +1.4981   min +1.1872   max +1.5957
  paths     steer +0.5721  speed +0.5310  terrain +0.1999  achievement +0.0152
  speed     avg 142.5 mph
  terrain   road 100%
  explore   ε=0.0800  σ=0.0917
  model     fitted  updates=30030

[01:09]  frames 6001–6300
  reward    avg +0.6628   min -1.3194   max +1.5144
  paths     steer +0.4968  speed +0.3158  terrain +0.0897  achievement -0.4248
  speed     avg 87.5 mph
  terrain   road 100%
  explore   ε=0.0800  σ=0.0890
  model     fitted  updates=30328
  crash     3 event(s) this interval


VISION SAMPLE  sample_id=20260504_200908_00006331_0010  frame=6331  roi=data\vision_samples\session_2026-05-04_20-07-59\images\20260504_200908_00006331_0010_roi.png
[01:13]  frames 6301–6600
  reward    avg +1.4518   min +1.1029   max +1.5530
  paths     steer +0.6124  speed +0.3857  terrain +0.2000  achievement +0.0246
  speed     avg 90.5 mph
  terrain   road 100%
  explore   ε=0.0800  σ=0.0872
  model     fitted  updates=30537


VISION SAMPLE  sample_id=20260504_200913_00006670_0011  frame=6670  roi=data\vision_samples\session_2026-05-04_20-07-59\images\20260504_200913_00006670_0011_roi.png

VISION SAMPLE  sample_id=20260504_200916_00006894_0012  frame=6894  roi=data\vision_samples\session_2026-05-04_20-07-59\images\20260504_200916_00006894_0012_roi.png
[01:17]  frames 6601–6900
  reward    avg +1.3577   min -0.7516   max +1.7819
  paths     steer +0.5966  speed +0.4578  terrain +0.1956  achievement -0.0991
  speed     avg 132.4 mph
  terrain   road 100%
  explore   ε=0.0800  σ=0.0846
  model     fitted  updates=30837
  crash     2 event(s) this interval

[01:21]  frames 6901–7200
  reward    avg +1.4826   min -0.5903   max +1.6730
  paths     steer +0.6322  speed +0.5603  terrain +0.1949  achievement -0.1088
  speed     avg 148.2 mph
  terrain   road 100%
  explore   ε=0.0800  σ=0.0835
  model     fitted  updates=30973
  crash     1 event(s) this interval


VISION SAMPLE  sample_id=20260504_200922_00007351_0013  frame=7351  roi=data\vision_samples\session_2026-05-04_20-07-59\images\20260504_200922_00007351_0013_roi.png

VISION SAMPLE  sample_id=20260504_200928_00007737_0014  frame=7737  roi=data\vision_samples\session_2026-05-04_20-07-59\images\20260504_200928_00007737_0014_roi.png

VISION SAMPLE  sample_id=20260504_200932_00008084_0015  frame=8084  roi=data\vision_samples\session_2026-05-04_20-07-59\images\20260504_200932_00008084_0015_roi.png

VISION SAMPLE  sample_id=20260504_200936_00008320_0016  frame=8320  roi=data\vision_samples\session_2026-05-04_20-07-59\images\20260504_200936_00008320_0016_roi.png

VISION SAMPLE  sample_id=20260504_200941_00008691_0017  frame=8691  roi=data\vision_samples\session_2026-05-04_20-07-59\images\20260504_200941_00008691_0017_roi.png

VISION SAMPLE  sample_id=20260504_200946_00009057_0018  frame=9057  roi=data\vision_samples\session_2026-05-04_20-07-59\images\20260504_200946_00009057_0018_roi.png

VISION SAMPLE  sample_id=20260504_200952_00009500_0019  frame=9500  roi=data\vision_samples\session_2026-05-04_20-07-59\images\20260504_200952_00009500_0019_roi.png

VISION SAMPLE  sample_id=20260504_200959_00009984_0020  frame=9984  roi=data\vision_samples\session_2026-05-04_20-07-59\images\20260504_200959_00009984_0020_roi.png

VISION SAMPLE  sample_id=20260504_201002_00010231_0021  frame=10231  roi=data\vision_samples\session_2026-05-04_20-07-59\images\20260504_201002_00010231_0021_roi.png

VISION SAMPLE  sample_id=20260504_201009_00010694_0022  frame=10694  roi=data\vision_samples\session_2026-05-04_20-07-59\images\20260504_201009_00010694_0022_roi.png

VISION SAMPLE  sample_id=20260504_201012_00010939_0023  frame=10939  roi=data\vision_samples\session_2026-05-04_20-07-59\images\20260504_201012_00010939_0023_roi.png
[02:27]  frames 7201–12613
  reward    avg +0.8980   min -0.8106   max +1.6700
  paths     steer +0.4096  speed +0.0938  terrain +0.1961  achievement +0.0125
  speed     avg 45.5 mph
  terrain   road 100%
  explore   ε=0.0800  σ=0.0800
  model     fitted  updates=31879


SESSION END  total_frames=12613  updates=31879  elapsed=00:02:27
