================================================================================
  FORZA AI — SELF-TRAINING SESSION LOG
  started  : 2026-05-05 02:57:10
  online   : models\driving\fh5-driving-online.joblib
  mode     : mixed  |  terrain: road  |  tx: manual
  features : 170
================================================================================

VISION SAMPLES  dir=data\vision_samples\session_2026-05-05_02-57-10

VISION SAMPLE  sample_id=20260505_025713_00000474_0001  frame=474  roi=data\vision_samples\session_2026-05-05_02-57-10\images\20260505_025713_00000474_0001_roi.png
[00:04]  frames 1–600
  reward    avg +1.4857   min +1.2547   max +1.7408
  paths     steer +0.7089  speed +0.5637  terrain -0.2689  achievement +0.0026
  speed     avg 128.8 mph
  lane      avg error 0.149
  terrain   road 100%
  override  35 frame(s)
  explore   ε=0.0062  σ=0.0223
  model     fitted  updates=175004


VISION SAMPLE  sample_id=20260505_025717_00000792_0002  frame=792  roi=data\vision_samples\session_2026-05-05_02-57-10\images\20260505_025717_00000792_0002_roi.png
[00:09]  frames 601–900
  reward    avg +1.3509   min +1.1065   max +1.5123
  paths     steer +0.6599  speed +0.5423  terrain -0.3147  achievement +0.0048
  speed     avg 119.8 mph
  lane      avg error 0.193
  terrain   road 100%
  override  96 frame(s)
  explore   ε=0.0059  σ=0.0216
  model     fitted  updates=175280

[00:12]  frames 901–1200
  reward    avg +1.4881   min +0.9482   max +5.8831
  paths     steer +0.7118  speed +0.5946  terrain -0.3185  achievement +0.0074
  speed     avg 116.3 mph
  lane      avg error 0.189
  terrain   road 100%
  override  201 frame(s)
  explore   ε=0.0055  σ=0.0211
  model     fitted  updates=175556


VISION SAMPLE  sample_id=20260505_025723_00001239_0003  frame=1239  roi=data\vision_samples\session_2026-05-05_02-57-10\images\20260505_025723_00001239_0003_roi.png
[00:16]  frames 1201–1500
  reward    avg +0.9909   min -5.4892   max +5.6246
  paths     steer +0.6984  speed +0.4265  terrain -0.3511  achievement -0.2487
  speed     avg 89.6 mph
  lane      avg error 0.222
  terrain   road 100%
  override  182 frame(s)
  explore   ε=0.0052  σ=0.0204
  model     fitted  updates=175856
  crash     2 event(s) this interval


VISION SAMPLE  sample_id=20260505_025727_00001573_0004  frame=1573  roi=data\vision_samples\session_2026-05-05_02-57-10\images\20260505_025727_00001573_0004_roi.png

VISION SAMPLE  sample_id=20260505_025730_00001765_0005  frame=1765  roi=data\vision_samples\session_2026-05-05_02-57-10\images\20260505_025730_00001765_0005_roi.png
[00:21]  frames 1501–1800
  reward    avg -1.2981   min -3.4955   max +0.5763
  paths     steer -0.0492  speed -0.3949  terrain -0.8822  achievement -0.0203
  speed     avg 7.0 mph
  lane      avg error 0.356
  terrain   road 100%
  override  84 frame(s)
  explore   ε=0.0049  σ=0.0199
  model     fitted  updates=176132
  stuck     2 event(s) this interval

[00:25]  frames 1801–2100
  reward    avg -0.8183   min -1.6169   max +3.4284
  paths     steer +0.6423  speed -1.1105  terrain -0.5997  achievement +0.0052
  speed     avg 13.7 mph
  lane      avg error 0.146
  terrain   road 100%
  override  143 frame(s)
  explore   ε=0.0047  σ=0.0193
  model     fitted  updates=176408


VISION SAMPLE  sample_id=20260505_025735_00002101_0006  frame=2101  roi=data\vision_samples\session_2026-05-05_02-57-10\images\20260505_025735_00002101_0006_roi.png
[00:29]  frames 2101–2400
  reward    avg -0.6818   min -1.4463   max +5.8225
  paths     steer +0.6579  speed -0.9446  terrain -0.6899  achievement +0.0041
  speed     avg 21.8 mph
  lane      avg error 0.175
  terrain   road 100%
  override  204 frame(s)
  explore   ε=0.0044  σ=0.0188
  model     fitted  updates=176684


VISION SAMPLE  sample_id=20260505_025741_00002611_0007  frame=2611  roi=data\vision_samples\session_2026-05-05_02-57-10\images\20260505_025741_00002611_0007_roi.png
[00:33]  frames 2401–2700
  reward    avg -0.7231   min -2.0047   max +2.2911
  paths     steer +0.6183  speed -0.7761  terrain -0.8975  achievement +0.0048
  speed     avg 34.7 mph
  lane      avg error 0.075
  terrain   road 80% | mixed 20%
  override  123 frame(s)
  explore   ε=0.0042  σ=0.0183
  model     fitted  updates=176984

[00:36]  frames 2701–3000
  reward    avg -0.9572   min -1.9855   max +4.2568
  paths     steer +0.6230  speed -0.6941  terrain -1.2920  achievement +0.0048
  speed     avg 38.0 mph
  lane      avg error 0.050
  terrain   road 100%
  override  84 frame(s)
  explore   ε=0.0039  σ=0.0178
  model     fitted  updates=177260


VISION SAMPLE  sample_id=20260505_025748_00003151_0008  frame=3151  roi=data\vision_samples\session_2026-05-05_02-57-10\images\20260505_025748_00003151_0008_roi.png
[00:40]  frames 3001–3300
  reward    avg -0.7111   min -1.9039   max +2.7373
  paths     steer +0.6196  speed -0.7787  terrain -0.8824  achievement +0.0050
  speed     avg 44.7 mph
  lane      avg error 0.072
  terrain   road 65% | mixed 34%
  override  202 frame(s)
  explore   ε=0.0037  σ=0.0173
  model     fitted  updates=177536


VISION SAMPLE  sample_id=20260505_025752_00003421_0009  frame=3421  roi=data\vision_samples\session_2026-05-05_02-57-10\images\20260505_025752_00003421_0009_roi.png
[00:44]  frames 3301–3600
  reward    avg -0.6118   min -2.1523   max +5.1559
  paths     steer +0.5864  speed -0.8219  terrain -0.6486  achievement +0.0050
  speed     avg 39.1 mph
  lane      avg error 0.099
  terrain   road 30% | mixed 70%
  override  182 frame(s)
  explore   ε=0.0035  σ=0.0168
  model     fitted  updates=177836


VISION SAMPLE  sample_id=20260505_025758_00003889_0010  frame=3889  roi=data\vision_samples\session_2026-05-05_02-57-10\images\20260505_025758_00003889_0010_roi.png
[00:49]  frames 3601–3900
  reward    avg -0.8005   min -2.0184   max +2.1343
  paths     steer +0.5827  speed -0.8345  terrain -0.8460  achievement +0.0042
  speed     avg 32.7 mph
  lane      avg error 0.089
  terrain   road 45% | mixed 54%
  override  85 frame(s)
  explore   ε=0.0033  σ=0.0163
  model     fitted  updates=178112


VISION SAMPLE  sample_id=20260505_025802_00004171_0011  frame=4171  roi=data\vision_samples\session_2026-05-05_02-57-10\images\20260505_025802_00004171_0011_roi.png
[00:53]  frames 3901–4200
  reward    avg -0.1791   min -0.8333   max +5.1810
  paths     steer +0.5997  speed -0.7813  terrain -0.2175  achievement +0.0048
  speed     avg 37.8 mph
  lane      avg error 0.080
  terrain   mixed 100%
  override  142 frame(s)
  explore   ε=0.0031  σ=0.0159
  model     fitted  updates=178388

[00:56]  frames 4201–4500
  reward    avg -0.2786   min -0.9565   max +5.5275
  paths     steer +0.5814  speed -0.8270  terrain -0.2404  achievement +0.0047
  speed     avg 39.3 mph
  lane      avg error 0.089
  terrain   mixed 100%
  override  205 frame(s)
  explore   ε=0.0030  σ=0.0154
  model     fitted  updates=178664


VISION SAMPLE  sample_id=20260505_025807_00004545_0012  frame=4545  roi=data\vision_samples\session_2026-05-05_02-57-10\images\20260505_025807_00004545_0012_roi.png
[01:00]  frames 4501–4800
  reward    avg -0.0876   min -0.8708   max +5.9703
  paths     steer +0.5984  speed -0.7371  terrain -0.1671  achievement +0.0045
  speed     avg 42.4 mph
  lane      avg error 0.081
  terrain   mixed 100%
  override  121 frame(s)
  explore   ε=0.0028  σ=0.0150
  model     fitted  updates=178964


VISION SAMPLE  sample_id=20260505_025812_00004928_0013  frame=4928  roi=data\vision_samples\session_2026-05-05_02-57-10\images\20260505_025812_00004928_0013_roi.png
[01:04]  frames 4801–5100
  reward    avg -0.4493   min -1.5660   max +2.5689
  paths     steer +0.5970  speed -0.7580  terrain -0.5607  achievement +0.0035
  speed     avg 41.8 mph
  lane      avg error 0.092
  terrain   road 32% | mixed 67%
  override  85 frame(s)
  explore   ε=0.0027  σ=0.0146
  model     fitted  updates=179240


VISION SAMPLE  sample_id=20260505_025815_00005123_0014  frame=5123  roi=data\vision_samples\session_2026-05-05_02-57-10\images\20260505_025815_00005123_0014_roi.png
[01:08]  frames 5101–5400
  reward    avg -0.1458   min -0.9183   max +5.8482
  paths     steer +0.6007  speed -0.7440  terrain -0.2311  achievement +0.0051
  speed     avg 43.9 mph
  lane      avg error 0.097
  terrain   mixed 100%
  override  202 frame(s)
  explore   ε=0.0025  σ=0.0142
  model     fitted  updates=179516


VISION SAMPLE  sample_id=20260505_025822_00005643_0015  frame=5643  roi=data\vision_samples\session_2026-05-05_02-57-10\images\20260505_025822_00005643_0015_roi.png
[01:13]  frames 5401–5700
  reward    avg -0.3892   min -1.8881   max +2.1708
  paths     steer +0.5717  speed -0.8332  terrain -0.3465  achievement +0.0059
  speed     avg 34.3 mph
  lane      avg error 0.177
  terrain   road 30% | mixed 70%
  override  181 frame(s)
  explore   ε=0.0024  σ=0.0138
  model     fitted  updates=179816

[01:16]  frames 5701–6000
  reward    avg -1.2288   min -1.9602   max +4.1986
  paths     steer +0.5863  speed -0.8043  terrain -1.3971  achievement +0.0042
  speed     avg 31.6 mph
  lane      avg error 0.115
  terrain   road 100%
  override  85 frame(s)
  explore   ε=0.0022  σ=0.0134
  model     fitted  updates=180092


VISION SAMPLE  sample_id=20260505_025828_00006079_0016  frame=6079  roi=data\vision_samples\session_2026-05-05_02-57-10\images\20260505_025828_00006079_0016_roi.png

VISION SAMPLE  sample_id=20260505_025831_00006271_0017  frame=6271  roi=data\vision_samples\session_2026-05-05_02-57-10\images\20260505_025831_00006271_0017_roi.png
[01:21]  frames 6001–6300
  reward    avg -0.6785   min -1.9561   max +4.9743
  paths     steer +0.6237  speed -0.6133  terrain -1.0745  achievement +0.0046
  speed     avg 43.1 mph
  lane      avg error 0.072
  terrain   road 84% | mixed 15%
  override  142 frame(s)
  explore   ε=0.0021  σ=0.0130
  model     fitted  updates=180368

[01:25]  frames 6301–6600
  reward    avg -0.2960   min -1.1716   max +5.9221
  paths     steer +0.6058  speed -0.6815  terrain -0.5011  achievement +0.0049
  speed     avg 39.4 mph
  lane      avg error 0.078
  terrain   road 67% | mixed 32%
  override  204 frame(s)
  explore   ε=0.0020  σ=0.0127
  model     fitted  updates=180644


VISION SAMPLE  sample_id=20260505_025836_00006671_0018  frame=6671  roi=data\vision_samples\session_2026-05-05_02-57-10\images\20260505_025836_00006671_0018_roi.png
[01:29]  frames 6601–6900
  reward    avg -0.3448   min -1.2622   max +5.5149
  paths     steer +0.6280  speed -0.6319  terrain -0.6644  achievement +0.0046
  speed     avg 39.1 mph
  lane      avg error 0.060
  terrain   road 100%
  override  122 frame(s)
  explore   ε=0.0019  σ=0.0123
  model     fitted  updates=180944


VISION SAMPLE  sample_id=20260505_025842_00007183_0019  frame=7183  roi=data\vision_samples\session_2026-05-05_02-57-10\images\20260505_025842_00007183_0019_roi.png
[01:33]  frames 6901–7200
  reward    avg -0.3825   min -1.2278   max +2.5740
  paths     steer +0.6486  speed -0.6284  terrain -0.7486  achievement +0.0036
  speed     avg 44.5 mph
  lane      avg error 0.039
  terrain   road 100%
  override  85 frame(s)
  explore   ε=0.0018  σ=0.0120
  model     fitted  updates=181220

[01:36]  frames 7201–7500
  reward    avg -0.6101   min -1.4853   max +4.7916
  paths     steer +0.6535  speed -0.7283  terrain -0.8914  achievement +0.0050
  speed     avg 45.8 mph
  lane      avg error 0.076
  terrain   road 89% | mixed 10%
  override  202 frame(s)
  explore   ε=0.0017  σ=0.0116
  model     fitted  updates=181496


VISION SAMPLE  sample_id=20260505_025847_00007551_0020  frame=7551  roi=data\vision_samples\session_2026-05-05_02-57-10\images\20260505_025847_00007551_0020_roi.png
[01:41]  frames 7501–7800
  reward    avg -0.5605   min -2.0959   max +5.3312
  paths     steer +0.5906  speed -0.7439  terrain -0.7005  achievement +0.0045
  speed     avg 42.7 mph
  lane      avg error 0.084
  terrain   road 60% | mixed 40%
  override  182 frame(s)
  explore   ε=0.0016  σ=0.0113
  model     fitted  updates=181796


VISION SAMPLE  sample_id=20260505_025852_00007861_0021  frame=7861  roi=data\vision_samples\session_2026-05-05_02-57-10\images\20260505_025852_00007861_0021_roi.png
[01:45]  frames 7801–8100
  reward    avg -0.5468   min -1.8166   max +5.0465
  paths     steer +0.6042  speed -0.6836  terrain -0.7891  achievement +0.0038
  speed     avg 41.2 mph
  lane      avg error 0.067
  terrain   road 65% | mixed 34%
  override  84 frame(s)
  explore   ε=0.0015  σ=0.0110
  model     fitted  updates=182072


VISION SAMPLE  sample_id=20260505_025857_00008237_0022  frame=8237  roi=data\vision_samples\session_2026-05-05_02-57-10\images\20260505_025857_00008237_0022_roi.png
[01:49]  frames 8101–8400
  reward    avg -0.6076   min -1.6555   max +2.6147
  paths     steer +0.5914  speed -0.7904  terrain -0.6934  achievement +0.0036
  speed     avg 44.0 mph
  lane      avg error 0.097
  terrain   road 54% | mixed 45%
  override  143 frame(s)
  explore   ε=0.0014  σ=0.0107
  model     fitted  updates=182348


VISION SAMPLE  sample_id=20260505_025902_00008641_0023  frame=8641  roi=data\vision_samples\session_2026-05-05_02-57-10\images\20260505_025902_00008641_0023_roi.png
[01:53]  frames 8401–8700
  reward    avg -0.8020   min -1.6764   max +4.3427
  paths     steer +0.5644  speed -0.9211  terrain -0.6981  achievement +0.0041
  speed     avg 28.6 mph
  lane      avg error 0.257
  terrain   road 100%
  override  205 frame(s)
  explore   ε=0.0013  σ=0.0104
  model     fitted  updates=182624


VISION SAMPLE  sample_id=20260505_025905_00008896_0024  frame=8896  roi=data\vision_samples\session_2026-05-05_02-57-10\images\20260505_025905_00008896_0024_roi.png
[01:57]  frames 8701–9000
  reward    avg -0.4161   min -0.7941   max +4.9029
  paths     steer +0.5985  speed -0.8682  terrain -0.3763  achievement +0.0044
  speed     avg 25.9 mph
  lane      avg error 0.238
  terrain   road 100%
  override  120 frame(s)
  explore   ε=0.0013  σ=0.0101
  model     fitted  updates=182924

[02:01]  frames 9001–9300
  reward    avg -0.1240   min -0.8918   max +2.5172
  paths     steer +0.6390  speed -0.6874  terrain -0.3484  achievement +0.0041
  speed     avg 36.7 mph
  lane      avg error 0.138
  terrain   road 100%
  override  87 frame(s)
  explore   ε=0.0012  σ=0.0098
  model     fitted  updates=183200


VISION SAMPLE  sample_id=20260505_025912_00009403_0025  frame=9403  roi=data\vision_samples\session_2026-05-05_02-57-10\images\20260505_025912_00009403_0025_roi.png
[02:05]  frames 9301–9600
  reward    avg +0.2081   min -0.6577   max +3.0489
  paths     steer +0.6833  speed -0.6021  terrain -0.1519  achievement +0.0047
  speed     avg 43.3 mph
  lane      avg error 0.137
  terrain   road 100%
  override  203 frame(s)
  explore   ε=0.0011  σ=0.0095
  model     fitted  updates=183476


VISION SAMPLE  sample_id=20260505_025916_00009691_0026  frame=9691  roi=data\vision_samples\session_2026-05-05_02-57-10\images\20260505_025916_00009691_0026_roi.png
[02:09]  frames 9601–9900
  reward    avg +0.1557   min -0.5743   max +6.3143
  paths     steer +0.6667  speed -0.7446  terrain +0.0088  achievement +0.0044
  speed     avg 35.0 mph
  lane      avg error 0.231
  terrain   road 100%
  override  182 frame(s)
  explore   ε=0.0011  σ=0.0093
  model     fitted  updates=183776

[02:19]  frames 9901–11012
  reward    avg +0.5237   min -0.2638   max +2.9467
  paths     steer +0.7055  speed -0.5208  terrain +0.0714  achievement +0.0038
  speed     avg 46.5 mph
  lane      avg error 0.131
  terrain   road 100%
  override  23 frame(s)
  explore   ε=0.0010  σ=0.0092
  model     fitted  updates=183878


SESSION SCORECARD
  reward    avg -0.2795   min -5.4892   max +6.3143
  speed     avg 45.4 mph
  lane      avg error 0.123
  terrain   road 72% | mixed 27%
  override  4626 frame(s)
  stuck     2 event(s)
  crash     2 event(s)

SESSION END  total_frames=11012  updates=183878  elapsed=00:02:19
