================================================================================
  FORZA AI — SELF-TRAINING SESSION LOG
  started  : 2026-05-05 02:50:01
  online   : models\driving\fh5-driving-online.joblib
  mode     : mixed  |  terrain: road  |  tx: manual
  features : 170
================================================================================

VISION SAMPLES  dir=data\vision_samples\session_2026-05-05_02-50-01
[00:04]  frames 1–600
  reward    avg +1.4466   min -0.9190   max +1.6817
  paths     steer +0.6393  speed +0.4979  terrain -0.0939  achievement -0.0051
  speed     avg 76.8 mph
  lane      avg error 0.205
  terrain   road 100%
  override  287 frame(s)
  explore   ε=0.0329  σ=0.0513
  model     fitted  updates=166654
  crash     1 event(s) this interval


VISION SAMPLE  sample_id=20260505_025007_00000871_0001  frame=871  roi=data\vision_samples\session_2026-05-05_02-50-01\images\20260505_025007_00000871_0001_roi.png
[00:07]  frames 601–900
  reward    avg +1.5031   min +1.3585   max +1.5962
  paths     steer +0.7510  speed +0.4352  terrain -0.1528  achievement +0.0060
  speed     avg 73.6 mph
  lane      avg error 0.142
  terrain   road 100%
  override  80 frame(s)
  explore   ε=0.0317  σ=0.0504
  model     fitted  updates=166834

[00:10]  frames 901–1200
  reward    avg +1.4947   min +1.2806   max +3.7309
  paths     steer +0.7549  speed +0.5066  terrain -0.2660  achievement +0.0059
  speed     avg 80.1 mph
  lane      avg error 0.139
  terrain   road 100%
  override  183 frame(s)
  explore   ε=0.0300  σ=0.0490
  model     fitted  updates=167110


VISION SAMPLE  sample_id=20260505_025012_00001285_0002  frame=1285  roi=data\vision_samples\session_2026-05-05_02-50-01\images\20260505_025012_00001285_0002_roi.png

VISION SAMPLE  sample_id=20260505_025017_00001592_0003  frame=1592  roi=data\vision_samples\session_2026-05-05_02-50-01\images\20260505_025017_00001592_0003_roi.png
[00:19]  frames 1201–1800
  reward    avg +1.2567   min +0.0367   max +5.6438
  paths     steer +0.7106  speed +0.5266  terrain -0.4923  achievement +0.0036
  speed     avg 86.8 mph
  lane      avg error 0.180
  terrain   road 100%
  override  296 frame(s)
  explore   ε=0.0268  σ=0.0463
  model     fitted  updates=167686
  crash     1 event(s) this interval

[00:22]  frames 1801–2100
  reward    avg +1.0324   min +0.5703   max +3.6455
  paths     steer +0.8201  speed +0.4855  terrain -0.8971  achievement +0.0063
  speed     avg 77.8 mph
  lane      avg error 0.140
  terrain   road 100%
  override  112 frame(s)
  explore   ε=0.0253  σ=0.0450
  model     fitted  updates=167962


VISION SAMPLE  sample_id=20260505_025023_00002112_0004  frame=2112  roi=data\vision_samples\session_2026-05-05_02-50-01\images\20260505_025023_00002112_0004_roi.png
[00:26]  frames 2101–2400
  reward    avg +0.4430   min -2.1737   max +4.9760
  paths     steer +0.7106  speed +0.2524  terrain -1.0898  achievement +0.0131
  speed     avg 68.6 mph
  lane      avg error 0.246
  terrain   road 100%
  override  205 frame(s)
  explore   ε=0.0240  σ=0.0438
  model     fitted  updates=168238


VISION SAMPLE  sample_id=20260505_025029_00002551_0005  frame=2551  roi=data\vision_samples\session_2026-05-05_02-50-01\images\20260505_025029_00002551_0005_roi.png
[00:30]  frames 2401–2700
  reward    avg -0.8938   min -2.1994   max +1.2595
  paths     steer +0.5012  speed -0.9676  terrain -0.6211  achievement -0.0048
  speed     avg 21.1 mph
  lane      avg error 0.278
  terrain   road 100%
  override  153 frame(s)
  explore   ε=0.0226  σ=0.0425
  model     fitted  updates=168538
  stuck     1 event(s) this interval


VISION SAMPLE  sample_id=20260505_025034_00002956_0006  frame=2956  roi=data\vision_samples\session_2026-05-05_02-50-01\images\20260505_025034_00002956_0006_roi.png
[00:34]  frames 2701–3000
  reward    avg -0.7065   min -2.2597   max +1.6073
  paths     steer +0.5509  speed -0.9105  terrain -0.3127  achievement -0.2199
  speed     avg 10.2 mph
  lane      avg error 0.074
  terrain   road 100%
  override  81 frame(s)
  explore   ε=0.0214  σ=0.0413
  model     fitted  updates=168814

[00:37]  frames 3001–3300
  reward    avg -1.5853   min -2.5448   max +3.3302
  paths     steer +0.6208  speed -1.1744  terrain -1.3772  achievement +0.0046
  speed     avg 18.7 mph
  lane      avg error 0.281
  terrain   road 100%
  override  174 frame(s)
  explore   ε=0.0202  σ=0.0402
  model     fitted  updates=169090


VISION SAMPLE  sample_id=20260505_025040_00003481_0007  frame=3481  roi=data\vision_samples\session_2026-05-05_02-50-01\images\20260505_025040_00003481_0007_roi.png
[00:44]  frames 3301–3900
  reward    avg -1.5659   min -2.2030   max +4.2652
  paths     steer +0.6476  speed -1.1226  terrain -1.4711  achievement +0.0041
  speed     avg 22.0 mph
  lane      avg error 0.147
  terrain   road 100%
  override  295 frame(s)
  explore   ε=0.0180  σ=0.0380
  model     fitted  updates=169666


VISION SAMPLE  sample_id=20260505_025047_00004060_0008  frame=4060  roi=data\vision_samples\session_2026-05-05_02-50-01\images\20260505_025047_00004060_0008_roi.png
[00:48]  frames 3901–4200
  reward    avg -1.4598   min -2.4163   max +1.2592
  paths     steer +0.6573  speed -1.0976  terrain -1.3973  achievement +0.0042
  speed     avg 31.1 mph
  lane      avg error 0.149
  terrain   road 100%
  override  113 frame(s)
  explore   ε=0.0170  σ=0.0369
  model     fitted  updates=169942


VISION SAMPLE  sample_id=20260505_025050_00004309_0009  frame=4309  roi=data\vision_samples\session_2026-05-05_02-50-01\images\20260505_025050_00004309_0009_roi.png
[00:52]  frames 4201–4500
  reward    avg -0.7456   min -1.5812   max +5.6305
  paths     steer +0.6524  speed -0.8908  terrain -0.8313  achievement +0.0067
  speed     avg 39.1 mph
  lane      avg error 0.206
  terrain   road 100%
  override  205 frame(s)
  explore   ε=0.0161  σ=0.0359
  model     fitted  updates=170218


VISION SAMPLE  sample_id=20260505_025053_00004542_0010  frame=4542  roi=data\vision_samples\session_2026-05-05_02-50-01\images\20260505_025053_00004542_0010_roi.png
[00:56]  frames 4501–4800
  reward    avg -0.6567   min -3.4587   max +6.4698
  paths     steer +0.6522  speed -0.8764  terrain -0.7344  achievement -0.0028
  speed     avg 34.3 mph
  lane      avg error 0.166
  terrain   road 100%
  override  152 frame(s)
  explore   ε=0.0152  σ=0.0349
  model     fitted  updates=170518
  crash     1 event(s) this interval


VISION SAMPLE  sample_id=20260505_025057_00004801_0011  frame=4801  roi=data\vision_samples\session_2026-05-05_02-50-01\images\20260505_025057_00004801_0011_roi.png

VISION SAMPLE  sample_id=20260505_025100_00005027_0012  frame=5027  roi=data\vision_samples\session_2026-05-05_02-50-01\images\20260505_025100_00005027_0012_roi.png
[01:00]  frames 4801–5100
  reward    avg -0.5972   min -3.6069   max +5.2652
  paths     steer +0.5983  speed -0.7429  terrain -0.3603  achievement -0.3340
  speed     avg 37.3 mph
  lane      avg error 0.412
  terrain   road 100%
  override  113 frame(s)
  explore   ε=0.0144  σ=0.0340
  model     fitted  updates=170770
  crash     3 event(s) this interval


VISION SAMPLE  sample_id=20260505_025115_00007218_0013  frame=7218  roi=data\vision_samples\session_2026-05-05_02-50-01\images\20260505_025115_00007218_0013_roi.png
[01:18]  frames 5101–7500
  reward    avg -0.5674   min -1.8491   max +1.1671
  paths     steer +0.6474  speed -1.1166  terrain -0.3078  achievement +0.0072
  speed     avg 21.0 mph
  lane      avg error 0.104
  terrain   road 100%
  override  195 frame(s)
  explore   ε=0.0136  σ=0.0329
  model     fitted  updates=171080


VISION SAMPLE  sample_id=20260505_025121_00007651_0014  frame=7651  roi=data\vision_samples\session_2026-05-05_02-50-01\images\20260505_025121_00007651_0014_roi.png
[01:21]  frames 7501–7800
  reward    avg +0.1833   min -1.0961   max +2.1110
  paths     steer +0.7039  speed -0.6400  terrain -0.1659  achievement +0.0045
  speed     avg 35.0 mph
  lane      avg error 0.160
  terrain   road 100%
  override  135 frame(s)
  explore   ε=0.0130  σ=0.0323
  model     fitted  updates=171284


VISION SAMPLE  sample_id=20260505_025135_00009891_0015  frame=9891  roi=data\vision_samples\session_2026-05-05_02-50-01\images\20260505_025135_00009891_0015_roi.png
[01:38]  frames 7801–10200
  reward    avg -0.5528   min -1.0327   max +1.1782
  paths     steer +0.6574  speed -1.0867  terrain -0.3466  achievement +0.0054
  speed     avg 36.1 mph
  lane      avg error 0.092
  terrain   road 100%
  override  184 frame(s)
  explore   ε=0.0123  σ=0.0313
  model     fitted  updates=171583


VISION SAMPLE  sample_id=20260505_025140_00010231_0016  frame=10231  roi=data\vision_samples\session_2026-05-05_02-50-01\images\20260505_025140_00010231_0016_roi.png
[01:43]  frames 10201–10500
  reward    avg -0.3982   min -0.9649   max +4.6114
  paths     steer +0.6616  speed -0.9080  terrain -0.4183  achievement +0.0092
  speed     avg 35.9 mph
  lane      avg error 0.217
  terrain   road 100%
  override  87 frame(s)
  explore   ε=0.0116  σ=0.0305
  model     fitted  updates=171859


VISION SAMPLE  sample_id=20260505_025146_00010681_0017  frame=10681  roi=data\vision_samples\session_2026-05-05_02-50-01\images\20260505_025146_00010681_0017_roi.png
[01:47]  frames 10501–10800
  reward    avg -0.7290   min -3.5272   max +2.0318
  paths     steer +0.5654  speed -0.7053  terrain -0.8542  achievement -0.0398
  speed     avg 31.9 mph
  lane      avg error 0.290
  terrain   road 100%
  override  290 frame(s)
  explore   ε=0.0110  σ=0.0296
  model     fitted  updates=172149
  crash     1 event(s) this interval

[01:50]  frames 10801–11100
  reward    avg -0.5989   min -2.5688   max +4.9327
  paths     steer +0.3100  speed -0.5509  terrain -0.4395  achievement -0.0569
  speed     avg 16.7 mph
  lane      avg error 0.269
  terrain   road 100%
  override  247 frame(s)
  explore   ε=0.0104  σ=0.0289
  model     fitted  updates=172407
  stuck     1 event(s) this interval


VISION SAMPLE  sample_id=20260505_025152_00011209_0018  frame=11209  roi=data\vision_samples\session_2026-05-05_02-50-01\images\20260505_025152_00011209_0018_roi.png

VISION SAMPLE  sample_id=20260505_025157_00011611_0019  frame=11611  roi=data\vision_samples\session_2026-05-05_02-50-01\images\20260505_025157_00011611_0019_roi.png
[01:58]  frames 11101–11700
  reward    avg +0.1269   min -0.6485   max +5.2152
  paths     steer +0.6748  speed -0.5741  terrain -0.2708  achievement +0.0051
  speed     avg 26.8 mph
  lane      avg error 0.107
  terrain   road 100%
  override  265 frame(s)
  explore   ε=0.0095  σ=0.0275
  model     fitted  updates=172871

[02:01]  frames 11701–12000
  reward    avg -0.0047   min -0.6849   max +5.3049
  paths     steer +0.6789  speed -0.6771  terrain -0.2947  achievement +0.0061
  speed     avg 28.8 mph
  lane      avg error 0.087
  terrain   road 100%
  override  129 frame(s)
  explore   ε=0.0091  σ=0.0270
  model     fitted  updates=173089


VISION SAMPLE  sample_id=20260505_025202_00012001_0020  frame=12001  roi=data\vision_samples\session_2026-05-05_02-50-01\images\20260505_025202_00012001_0020_roi.png

VISION SAMPLE  sample_id=20260505_025205_00012227_0021  frame=12227  roi=data\vision_samples\session_2026-05-05_02-50-01\images\20260505_025205_00012227_0021_roi.png
[02:06]  frames 12001–12300
  reward    avg -0.0769   min -2.4778   max +5.4823
  paths     steer +0.6393  speed -0.7763  terrain -0.0788  achievement -0.0762
  speed     avg 41.2 mph
  lane      avg error 0.198
  terrain   road 100%
  override  144 frame(s)
  explore   ε=0.0086  σ=0.0262
  model     fitted  updates=173364
  crash     1 event(s) this interval

[02:09]  frames 12301–12600
  reward    avg -1.2418   min -5.8530   max +1.8085
  paths     steer +0.3740  speed -0.6214  terrain -1.2358  achievement -0.0377
  speed     avg 20.5 mph
  lane      avg error 0.340
  terrain   road 100%
  override  259 frame(s)
  explore   ε=0.0081  σ=0.0255
  model     fitted  updates=173636
  stuck     1 event(s) this interval
  crash     1 event(s) this interval


VISION SAMPLE  sample_id=20260505_025211_00012631_0022  frame=12631  roi=data\vision_samples\session_2026-05-05_02-50-01\images\20260505_025211_00012631_0022_roi.png
[02:14]  frames 12601–12900
  reward    avg -0.4359   min -3.0073   max +2.7560
  paths     steer +0.5075  speed -0.6133  terrain -0.5846  achievement +0.0052
  speed     avg 22.7 mph
  lane      avg error 0.393
  terrain   road 100%
  override  297 frame(s)
  explore   ε=0.0077  σ=0.0248
  model     fitted  updates=173933


VISION SAMPLE  sample_id=20260505_025216_00013021_0023  frame=13021  roi=data\vision_samples\session_2026-05-05_02-50-01\images\20260505_025216_00013021_0023_roi.png
[02:18]  frames 12901–13200
  reward    avg +0.5003   min -0.8646   max +4.3888
  paths     steer +0.6677  speed -0.3059  terrain -0.1835  achievement +0.0064
  speed     avg 56.2 mph
  lane      avg error 0.257
  terrain   road 100%
  override  300 frame(s)
  explore   ε=0.0072  σ=0.0240
  model     fitted  updates=174233


VISION SAMPLE  sample_id=20260505_025222_00013407_0024  frame=13407  roi=data\vision_samples\session_2026-05-05_02-50-01\images\20260505_025222_00013407_0024_roi.png
[02:23]  frames 13201–13500
  reward    avg +2.0406   min +1.5406   max +8.5237
  paths     steer +0.7582  speed +0.7502  terrain +0.0422  achievement +0.0046
  speed     avg 120.8 mph
  lane      avg error 0.194
  terrain   road 100%
  override  300 frame(s)
  explore   ε=0.0068  σ=0.0233
  model     fitted  updates=174533


VISION SAMPLE  sample_id=20260505_025225_00013612_0025  frame=13612  roi=data\vision_samples\session_2026-05-05_02-50-01\images\20260505_025225_00013612_0025_roi.png
[02:32]  frames 13501–14778
  reward    avg +2.0185   min +1.2756   max +7.8157
  paths     steer +0.7385  speed +0.7687  terrain +0.0281  achievement +0.0028
  speed     avg 152.2 mph
  lane      avg error 0.215
  terrain   road 100%
  override  140 frame(s)
  explore   ε=0.0065  σ=0.0228
  model     fitted  updates=174765


SESSION SCORECARD
  reward    avg -0.0522   min -5.8530   max +8.5237
  speed     avg 46.9 mph
  lane      avg error 0.197
  terrain   road 100%
  override  5421 frame(s)
  stuck     3 event(s)
  crash     9 event(s)

SESSION END  total_frames=14778  updates=174765  elapsed=00:02:32
