================================================================================
  FORZA AI — SELF-TRAINING SESSION LOG
  started  : 2026-05-05 02:10:43
  online   : models\driving\fh5-driving-online.joblib
  mode     : mixed  |  terrain: road  |  tx: manual
  features : 170
================================================================================

VISION SAMPLES  dir=data\vision_samples\session_2026-05-05_02-10-43
[00:04]  frames 1–600
  reward    avg -0.8096   min -1.9247   max -0.2066
  paths     steer +0.2652  speed -0.7061  terrain -0.3722  achievement -0.0790
  speed     avg 12.5 mph
  lane      avg error 0.260
  terrain   road 100%
  override  307 frame(s)
  explore   ε=0.1116  σ=0.1157
  model     fitted  updates=103658
  stuck     1 event(s) this interval


VISION SAMPLE  sample_id=20260505_021048_00000630_0001  frame=630  roi=data\vision_samples\session_2026-05-05_02-10-43\images\20260505_021048_00000630_0001_roi.png

VISION SAMPLE  sample_id=20260505_021054_00001113_0002  frame=1113  roi=data\vision_samples\session_2026-05-05_02-10-43\images\20260505_021054_00001113_0002_roi.png
[00:12]  frames 601–1200
  reward    avg -0.1495   min -1.3642   max +3.3204
  paths     steer +0.5804  speed -0.4703  terrain -0.5764  achievement +0.0107
  speed     avg 53.9 mph
  lane      avg error 0.205
  terrain   road 100%
  override  455 frame(s)
  explore   ε=0.1000  σ=0.1095
  model     fitted  updates=104207


VISION SAMPLE  sample_id=20260505_021058_00001351_0003  frame=1351  roi=data\vision_samples\session_2026-05-05_02-10-43\images\20260505_021058_00001351_0003_roi.png
[00:17]  frames 1201–1500
  reward    avg +1.3111   min +0.6875   max +7.8050
  paths     steer +0.7654  speed +0.5466  terrain -0.5575  achievement +0.0084
  speed     avg 100.2 mph
  lane      avg error 0.154
  terrain   road 100%
  override  300 frame(s)
  explore   ε=0.0942  σ=0.1063
  model     fitted  updates=104507

[00:20]  frames 1501–1800
  reward    avg +1.5339   min +1.0472   max +7.2478
  paths     steer +0.7676  speed +0.7582  terrain -0.5807  achievement +0.0042
  speed     avg 145.4 mph
  lane      avg error 0.149
  terrain   road 100%
  override  300 frame(s)
  explore   ε=0.0887  σ=0.1032
  model     fitted  updates=104807


VISION SAMPLE  sample_id=20260505_021104_00001818_0004  frame=1818  roi=data\vision_samples\session_2026-05-05_02-10-43\images\20260505_021104_00001818_0004_roi.png
[00:25]  frames 1801–2100
  reward    avg +1.6202   min +0.9038   max +6.0003
  paths     steer +0.6944  speed +0.9179  terrain -0.5664  achievement +0.0045
  speed     avg 169.0 mph
  lane      avg error 0.208
  terrain   road 100%
  override  300 frame(s)
  explore   ε=0.0835  σ=0.1001
  model     fitted  updates=105107


VISION SAMPLE  sample_id=20260505_021109_00002101_0005  frame=2101  roi=data\vision_samples\session_2026-05-05_02-10-43\images\20260505_021109_00002101_0005_roi.png

VISION SAMPLE  sample_id=20260505_021112_00002351_0006  frame=2351  roi=data\vision_samples\session_2026-05-05_02-10-43\images\20260505_021112_00002351_0006_roi.png
[00:30]  frames 2101–2400
  reward    avg +0.6033   min -3.3153   max +5.8843
  paths     steer +0.6081  speed +0.7764  terrain -0.3657  achievement -0.8909
  speed     avg 162.3 mph
  lane      avg error 0.213
  terrain   road 89% | mixed 10%
  override  286 frame(s)
  explore   ε=0.0800  σ=0.0973
  model     fitted  updates=105393
  crash     12 event(s) this interval

[00:33]  frames 2401–2700
  reward    avg +0.2643   min -3.3563   max +3.1867
  paths     steer +0.5369  speed +0.2693  terrain -0.7345  achievement -0.2264
  speed     avg 85.8 mph
  lane      avg error 0.378
  terrain   road 89% | mixed 10%
  override  237 frame(s)
  explore   ε=0.0800  σ=0.0946
  model     fitted  updates=105669
  crash     3 event(s) this interval


VISION SAMPLE  sample_id=20260505_021118_00002821_0007  frame=2821  roi=data\vision_samples\session_2026-05-05_02-10-43\images\20260505_021118_00002821_0007_roi.png
[00:37]  frames 2701–3000
  reward    avg +0.0146   min -1.1059   max +1.9308
  paths     steer +0.5296  speed -0.3018  terrain -0.5192  achievement +0.0086
  speed     avg 40.8 mph
  lane      avg error 0.214
  terrain   road 100%
  override  240 frame(s)
  explore   ε=0.0800  σ=0.0923
  model     fitted  updates=105920

[00:40]  frames 3001–3300
  reward    avg -0.6568   min -1.2811   max +4.0338
  paths     steer +0.4897  speed -0.7237  terrain -0.6652  achievement +0.0063
  speed     avg 14.7 mph
  lane      avg error 0.124
  terrain   road 100%
  override  88 frame(s)
  explore   ε=0.0800  σ=0.0900
  model     fitted  updates=106171


VISION SAMPLE  sample_id=20260505_021125_00003337_0008  frame=3337  roi=data\vision_samples\session_2026-05-05_02-10-43\images\20260505_021125_00003337_0008_roi.png
[00:44]  frames 3301–3600
  reward    avg -0.4572   min -1.2672   max +4.9090
  paths     steer +0.5241  speed -0.6162  terrain -0.6365  achievement +0.0064
  speed     avg 33.7 mph
  lane      avg error 0.208
  terrain   road 100%
  override  146 frame(s)
  explore   ε=0.0800  σ=0.0880
  model     fitted  updates=106399


VISION SAMPLE  sample_id=20260505_021129_00003654_0009  frame=3654  roi=data\vision_samples\session_2026-05-05_02-10-43\images\20260505_021129_00003654_0009_roi.png

VISION SAMPLE  sample_id=20260505_021133_00003961_0010  frame=3961  roi=data\vision_samples\session_2026-05-05_02-10-43\images\20260505_021133_00003961_0010_roi.png
[00:53]  frames 3601–4200
  reward    avg -0.3534   min -1.7654   max +7.0458
  paths     steer +0.5671  speed -0.5945  terrain -0.6214  achievement +0.0078
  speed     avg 38.6 mph
  lane      avg error 0.206
  terrain   road 94% | mixed 5%
  override  292 frame(s)
  explore   ε=0.0800  σ=0.0831
  model     fitted  updates=106970


VISION SAMPLE  sample_id=20260505_021139_00004388_0011  frame=4388  roi=data\vision_samples\session_2026-05-05_02-10-43\images\20260505_021139_00004388_0011_roi.png
[00:57]  frames 4201–4500
  reward    avg -0.0626   min -1.3349   max +2.1925
  paths     steer +0.5554  speed -0.1082  terrain -0.9154  achievement +0.0067
  speed     avg 43.0 mph
  lane      avg error 0.371
  terrain   road 100%
  override  300 frame(s)
  explore   ε=0.0800  σ=0.0806
  model     fitted  updates=107270

[01:01]  frames 4501–4800
  reward    avg -0.5273   min -1.7846   max +5.8623
  paths     steer +0.4884  speed -0.4929  terrain -0.8275  achievement +0.0102
  speed     avg 27.3 mph
  lane      avg error 0.328
  terrain   road 89% | mixed 10%
  override  261 frame(s)
  explore   ε=0.0800  σ=0.0800
  model     fitted  updates=107546


VISION SAMPLE  sample_id=20260505_021145_00004916_0012  frame=4916  roi=data\vision_samples\session_2026-05-05_02-10-43\images\20260505_021145_00004916_0012_roi.png

VISION SAMPLE  sample_id=20260505_021149_00005221_0013  frame=5221  roi=data\vision_samples\session_2026-05-05_02-10-43\images\20260505_021149_00005221_0013_roi.png
[01:08]  frames 4801–5400
  reward    avg -0.2750   min -1.1051   max +3.2757
  paths     steer +0.5600  speed -0.5046  terrain -0.6374  achievement +0.0072
  speed     avg 19.4 mph
  lane      avg error 0.178
  terrain   road 100%
  override  282 frame(s)
  explore   ε=0.0800  σ=0.0800
  model     fitted  updates=107971

[01:11]  frames 5401–5700
  reward    avg -0.4988   min -1.2049   max +2.1265
  paths     steer +0.5707  speed -0.7708  terrain -0.5592  achievement +0.0068
  speed     avg 25.1 mph
  lane      avg error 0.119
  terrain   road 87% | mixed 12%
  override  126 frame(s)
  explore   ε=0.0800  σ=0.0800
  model     fitted  updates=108216


VISION SAMPLE  sample_id=20260505_021155_00005761_0014  frame=5761  roi=data\vision_samples\session_2026-05-05_02-10-43\images\20260505_021155_00005761_0014_roi.png
[01:15]  frames 5701–6000
  reward    avg -0.1955   min -2.1550   max +4.3797
  paths     steer +0.5109  speed -0.2487  terrain -0.6246  achievement -0.1450
  speed     avg 39.1 mph
  lane      avg error 0.213
  terrain   road 100%
  override  298 frame(s)
  explore   ε=0.0800  σ=0.0800
  model     fitted  updates=108514
  crash     1 event(s) this interval


VISION SAMPLE  sample_id=20260505_021200_00006081_0015  frame=6081  roi=data\vision_samples\session_2026-05-05_02-10-43\images\20260505_021200_00006081_0015_roi.png

VISION SAMPLE  sample_id=20260505_021205_00006489_0016  frame=6489  roi=data\vision_samples\session_2026-05-05_02-10-43\images\20260505_021205_00006489_0016_roi.png
[01:23]  frames 6001–6600
  reward    avg -0.2907   min -1.9678   max +3.3249
  paths     steer +0.6061  speed -0.3841  terrain -0.9017  achievement +0.0083
  speed     avg 27.2 mph
  lane      avg error 0.148
  terrain   road 79% | mixed 20%
  override  355 frame(s)
  explore   ε=0.0800  σ=0.0800
  model     fitted  updates=108996


VISION SAMPLE  sample_id=20260505_021209_00006820_0017  frame=6820  roi=data\vision_samples\session_2026-05-05_02-10-43\images\20260505_021209_00006820_0017_roi.png
[01:27]  frames 6601–6900
  reward    avg -0.8260   min -1.5849   max +0.8229
  paths     steer +0.5085  speed -0.6290  terrain -1.0288  achievement +0.0090
  speed     avg 17.5 mph
  lane      avg error 0.297
  terrain   road 100%
  override  87 frame(s)
  explore   ε=0.0800  σ=0.0800
  model     fitted  updates=109272

[01:30]  frames 6901–7200
  reward    avg -1.7018   min -4.1732   max +1.6466
  paths     steer +0.4261  speed -0.9778  terrain -1.4362  achievement +0.0043
  speed     avg 19.8 mph
  lane      avg error 0.301
  terrain   road 100%
  override  203 frame(s)
  explore   ε=0.0800  σ=0.0800
  model     fitted  updates=109548
  crash     1 event(s) this interval


VISION SAMPLE  sample_id=20260505_021215_00007322_0018  frame=7322  roi=data\vision_samples\session_2026-05-05_02-10-43\images\20260505_021215_00007322_0018_roi.png
[01:34]  frames 7201–7500
  reward    avg -1.4279   min -2.0283   max +1.0525
  paths     steer +0.5583  speed -0.9736  terrain -1.3539  achievement +0.0050
  speed     avg 19.0 mph
  lane      avg error 0.463
  terrain   road 100%
  override  182 frame(s)
  explore   ε=0.0800  σ=0.0800
  model     fitted  updates=109848

[01:37]  frames 7501–7800
  reward    avg -0.4184   min -3.4240   max +1.8140
  paths     steer +0.6026  speed -0.8564  terrain -0.3872  achievement -0.0084
  speed     avg 21.5 mph
  lane      avg error 0.213
  terrain   road 100%
  override  84 frame(s)
  explore   ε=0.0800  σ=0.0800
  model     fitted  updates=110124
  crash     1 event(s) this interval


VISION SAMPLE  sample_id=20260505_021222_00007846_0019  frame=7846  roi=data\vision_samples\session_2026-05-05_02-10-43\images\20260505_021222_00007846_0019_roi.png
[01:41]  frames 7801–8100
  reward    avg -0.2360   min -4.7121   max +2.3385
  paths     steer +0.5138  speed -0.5457  terrain -0.2699  achievement -0.1497
  speed     avg 29.9 mph
  lane      avg error 0.281
  terrain   road 100%
  override  143 frame(s)
  explore   ε=0.0800  σ=0.0800
  model     fitted  updates=110400
  stuck     1 event(s) this interval
  crash     3 event(s) this interval


VISION SAMPLE  sample_id=20260505_021227_00008221_0020  frame=8221  roi=data\vision_samples\session_2026-05-05_02-10-43\images\20260505_021227_00008221_0020_roi.png
[01:45]  frames 8101–8400
  reward    avg -0.8308   min -3.3274   max -0.1610
  paths     steer +0.0647  speed -0.1743  terrain -0.4563  achievement -0.3395
  speed     avg 0.8 mph
  lane      avg error 0.000
  terrain   road 100%
  override  204 frame(s)
  explore   ε=0.0800  σ=0.0800
  model     fitted  updates=110676
  stuck     3 event(s) this interval


VISION SAMPLE  sample_id=20260505_021231_00008535_0021  frame=8535  roi=data\vision_samples\session_2026-05-05_02-10-43\images\20260505_021231_00008535_0021_roi.png
[01:49]  frames 8401–8700
  reward    avg -0.5577   min -1.3732   max -0.0905
  paths     steer +0.0082  speed -0.1347  terrain -0.4232  achievement -0.0554
  speed     avg 0.2 mph
  lane      avg error 0.000
  terrain   road 100%
  override  122 frame(s)
  explore   ε=0.0800  σ=0.0800
  model     fitted  updates=110976
  stuck     6 event(s) this interval

[01:52]  frames 8701–9000
  reward    avg -0.5332   min -2.2257   max -0.2057
  paths     steer +0.0784  speed -0.1592  terrain -0.4693  achievement -0.0688
  speed     avg 0.2 mph
  lane      avg error 0.000
  terrain   road 100%
  override  83 frame(s)
  explore   ε=0.0800  σ=0.0800
  model     fitted  updates=111252
  stuck     5 event(s) this interval


VISION SAMPLE  sample_id=20260505_021237_00009081_0022  frame=9081  roi=data\vision_samples\session_2026-05-05_02-10-43\images\20260505_021237_00009081_0022_roi.png
[01:56]  frames 9001–9300
  reward    avg -0.5276   min -1.5701   max +0.0983
  paths     steer +0.0839  speed -0.1503  terrain -0.5452  achievement -0.0171
  speed     avg 0.7 mph
  lane      avg error 0.000
  terrain   road 100%
  override  203 frame(s)
  explore   ε=0.0800  σ=0.0800
  model     fitted  updates=111528
  stuck     5 event(s) this interval


VISION SAMPLE  sample_id=20260505_021242_00009429_0023  frame=9429  roi=data\vision_samples\session_2026-05-05_02-10-43\images\20260505_021242_00009429_0023_roi.png
[02:00]  frames 9301–9600
  reward    avg -0.5467   min -1.7647   max -0.2016
  paths     steer +0.0345  speed -0.1168  terrain -0.5272  achievement -0.0159
  speed     avg 0.5 mph
  lane      avg error 0.000
  terrain   road 100%
  override  181 frame(s)
  explore   ε=0.0800  σ=0.0800
  model     fitted  updates=111828
  stuck     6 event(s) this interval


VISION SAMPLE  sample_id=20260505_021245_00009701_0024  frame=9701  roi=data\vision_samples\session_2026-05-05_02-10-43\images\20260505_021245_00009701_0024_roi.png
[02:04]  frames 9601–9900
  reward    avg -0.4633   min -1.7440   max -0.2125
  paths     steer +0.0804  speed -0.1184  terrain -0.4914  achievement -0.0300
  speed     avg 0.3 mph
  lane      avg error 0.000
  terrain   road 100%
  override  84 frame(s)
  explore   ε=0.0800  σ=0.0800
  model     fitted  updates=112104
  stuck     5 event(s) this interval


VISION SAMPLE  sample_id=20260505_021250_00010111_0025  frame=10111  roi=data\vision_samples\session_2026-05-05_02-10-43\images\20260505_021250_00010111_0025_roi.png
[02:08]  frames 9901–10200
  reward    avg -0.6255   min -1.5854   max -0.2960
  paths     steer +0.0602  speed -0.1993  terrain -0.5642  achievement -0.0070
  speed     avg 0.5 mph
  lane      avg error 0.000
  terrain   road 100%
  override  144 frame(s)
  explore   ε=0.0800  σ=0.0800
  model     fitted  updates=112380
  stuck     6 event(s) this interval

[02:11]  frames 10201–10500
  reward    avg -0.5140   min -1.4961   max -0.1164
  paths     steer +0.0757  speed -0.1249  terrain -0.5380  achievement -0.0267
  speed     avg 0.5 mph
  lane      avg error 0.000
  terrain   road 100%
  override  204 frame(s)
  explore   ε=0.0800  σ=0.0800
  model     fitted  updates=112656
  stuck     5 event(s) this interval


VISION SAMPLE  sample_id=20260505_021257_00010621_0026  frame=10621  roi=data\vision_samples\session_2026-05-05_02-10-43\images\20260505_021257_00010621_0026_roi.png
[02:15]  frames 10501–10800
  reward    avg -0.4819   min -1.4449   max -0.0921
  paths     steer +0.0756  speed -0.1313  terrain -0.5053  achievement -0.0148
  speed     avg 0.3 mph
  lane      avg error 0.000
  terrain   road 100%
  override  122 frame(s)
  explore   ε=0.0800  σ=0.0800
  model     fitted  updates=112956
  stuck     6 event(s) this interval


VISION SAMPLE  sample_id=20260505_021302_00011071_0027  frame=11071  roi=data\vision_samples\session_2026-05-05_02-10-43\images\20260505_021302_00011071_0027_roi.png
[02:19]  frames 10801–11100
  reward    avg -0.5379   min -1.5531   max -0.2033
  paths     steer +0.0510  speed -0.1519  terrain -0.5123  achievement -0.0043
  speed     avg 0.4 mph
  lane      avg error 0.000
  terrain   road 100%
  override  84 frame(s)
  explore   ε=0.0800  σ=0.0800
  model     fitted  updates=113232
  stuck     6 event(s) this interval

[02:23]  frames 11101–11400
  reward    avg -0.6011   min -1.3038   max -0.1577
  paths     steer +0.0331  speed -0.1382  terrain -0.5649  achievement -0.0116
  speed     avg 0.4 mph
  lane      avg error 0.000
  terrain   road 100%
  override  202 frame(s)
  explore   ε=0.0800  σ=0.0800
  model     fitted  updates=113508
  stuck     4 event(s) this interval


VISION SAMPLE  sample_id=20260505_021308_00011513_0028  frame=11513  roi=data\vision_samples\session_2026-05-05_02-10-43\images\20260505_021308_00011513_0028_roi.png
[02:27]  frames 11401–11700
  reward    avg -0.5264   min -1.5223   max -0.1615
  paths     steer +0.0556  speed -0.1418  terrain -0.5129  achievement -0.0107
  speed     avg 0.5 mph
  lane      avg error 0.000
  terrain   road 100%
  override  181 frame(s)
  explore   ε=0.0800  σ=0.0800
  model     fitted  updates=113808
  stuck     6 event(s) this interval


VISION SAMPLE  sample_id=20260505_021312_00011821_0029  frame=11821  roi=data\vision_samples\session_2026-05-05_02-10-43\images\20260505_021312_00011821_0029_roi.png
[02:31]  frames 11701–12000
  reward    avg -0.4995   min -1.5966   max -0.2047
  paths     steer +0.0497  speed -0.1254  terrain -0.4844  achievement -0.0182
  speed     avg 0.3 mph
  lane      avg error 0.000
  terrain   road 100%
  override  84 frame(s)
  explore   ε=0.0800  σ=0.0800
  model     fitted  updates=114084
  stuck     5 event(s) this interval

[02:34]  frames 12001–12300
  reward    avg -0.6729   min -2.7346   max +0.1086
  paths     steer +0.0671  speed -0.1544  terrain -0.5644  achievement -0.1163
  speed     avg 0.4 mph
  lane      avg error 0.000
  terrain   road 100%
  override  143 frame(s)
  explore   ε=0.0800  σ=0.0800
  model     fitted  updates=114360
  stuck     4 event(s) this interval


VISION SAMPLE  sample_id=20260505_021318_00012311_0030  frame=12311  roi=data\vision_samples\session_2026-05-05_02-10-43\images\20260505_021318_00012311_0030_roi.png
[02:38]  frames 12301–12600
  reward    avg -0.5653   min -1.6424   max -0.0367
  paths     steer +0.0644  speed -0.1629  terrain -0.5382  achievement -0.0171
  speed     avg 0.6 mph
  lane      avg error 0.000
  terrain   road 100%
  override  204 frame(s)
  explore   ε=0.0800  σ=0.0800
  model     fitted  updates=114636
  stuck     5 event(s) this interval


VISION SAMPLE  sample_id=20260505_021323_00012697_0031  frame=12697  roi=data\vision_samples\session_2026-05-05_02-10-43\images\20260505_021323_00012697_0031_roi.png
[02:42]  frames 12601–12900
  reward    avg -0.5007   min -1.7409   max +0.0614
  paths     steer +0.0865  speed -0.1416  terrain -0.5153  achievement -0.0296
  speed     avg 0.5 mph
  lane      avg error 0.000
  terrain   road 100%
  override  122 frame(s)
  explore   ε=0.0800  σ=0.0800
  model     fitted  updates=114936
  stuck     6 event(s) this interval


VISION SAMPLE  sample_id=20260505_021328_00013081_0032  frame=13081  roi=data\vision_samples\session_2026-05-05_02-10-43\images\20260505_021328_00013081_0032_roi.png
[02:46]  frames 12901–13200
  reward    avg -0.4839   min -1.5652   max +0.0787
  paths     steer +0.0985  speed -0.1508  terrain -0.5263  achievement -0.0108
  speed     avg 0.4 mph
  lane      avg error 0.000
  terrain   road 100%
  override  84 frame(s)
  explore   ε=0.0800  σ=0.0800
  model     fitted  updates=115212
  stuck     6 event(s) this interval


VISION SAMPLE  sample_id=20260505_021332_00013372_0033  frame=13372  roi=data\vision_samples\session_2026-05-05_02-10-43\images\20260505_021332_00013372_0033_roi.png
[02:50]  frames 13201–13500
  reward    avg -0.5629   min -1.7117   max -0.1400
  paths     steer +0.0418  speed -0.1329  terrain -0.5336  achievement -0.0192
  speed     avg 0.6 mph
  lane      avg error 0.000
  terrain   road 100%
  override  202 frame(s)
  explore   ε=0.0800  σ=0.0800
  model     fitted  updates=115488
  stuck     5 event(s) this interval


VISION SAMPLE  sample_id=20260505_021338_00013794_0034  frame=13794  roi=data\vision_samples\session_2026-05-05_02-10-43\images\20260505_021338_00013794_0034_roi.png
[02:55]  frames 13501–13800
  reward    avg -0.8163   min -2.9495   max -0.1597
  paths     steer +0.0678  speed -0.1635  terrain -0.5430  achievement -0.2684
  speed     avg 0.5 mph
  lane      avg error 0.000
  terrain   road 100%
  override  182 frame(s)
  explore   ε=0.0800  σ=0.0800
  model     fitted  updates=115788
  stuck     5 event(s) this interval

[02:58]  frames 13801–14100
  reward    avg -0.6649   min -2.8628   max -0.1847
  paths     steer +0.0189  speed -0.1366  terrain -0.5926  achievement -0.0325
  speed     avg 0.3 mph
  lane      avg error 0.000
  terrain   road 100%
  override  84 frame(s)
  explore   ε=0.0800  σ=0.0800
  model     fitted  updates=116064
  stuck     5 event(s) this interval


VISION SAMPLE  sample_id=20260505_021345_00014342_0035  frame=14342  roi=data\vision_samples\session_2026-05-05_02-10-43\images\20260505_021345_00014342_0035_roi.png
[03:02]  frames 14101–14400
  reward    avg -0.5598   min -1.5670   max -0.0469
  paths     steer +0.0753  speed -0.1355  terrain -0.6014  achievement -0.0057
  speed     avg 0.3 mph
  lane      avg error 0.000
  terrain   road 100%
  override  155 frame(s)
  explore   ε=0.0800  σ=0.0800
  model     fitted  updates=116340
  stuck     6 event(s) this interval

[03:06]  frames 14401–14700
  reward    avg -0.9210   min -2.5247   max -0.1622
  paths     steer +0.0402  speed -0.2184  terrain -0.5788  achievement -0.2382
  speed     avg 0.7 mph
  lane      avg error 0.000
  terrain   road 100%
  override  296 frame(s)
  explore   ε=0.0800  σ=0.0800
  model     fitted  updates=116636
  stuck     4 event(s) this interval


VISION SAMPLE  sample_id=20260505_021350_00014740_0036  frame=14740  roi=data\vision_samples\session_2026-05-05_02-10-43\images\20260505_021350_00014740_0036_roi.png
[03:09]  frames 14701–15000
  reward    avg -2.3042   min -3.4332   max +2.9783
  paths     steer +0.1679  speed -0.5695  terrain -1.0059  achievement -1.0461
  speed     avg 5.6 mph
  lane      avg error 0.341
  terrain   road 100%
  override  261 frame(s)
  explore   ε=0.0800  σ=0.0800
  model     fitted  updates=116901

[03:13]  frames 15001–15300
  reward    avg -0.9186   min -2.6893   max +0.6734
  paths     steer +0.0610  speed -0.2015  terrain -0.8729  achievement -0.0364
  speed     avg 2.0 mph
  lane      avg error 0.000
  terrain   road 100%
  override  120 frame(s)
  explore   ε=0.0800  σ=0.0800
  model     fitted  updates=117201
  stuck     5 event(s) this interval


VISION SAMPLE  sample_id=20260505_021357_00015303_0037  frame=15303  roi=data\vision_samples\session_2026-05-05_02-10-43\images\20260505_021357_00015303_0037_roi.png
[03:17]  frames 15301–15600
  reward    avg -0.6136   min -1.6410   max +1.1309
  paths     steer +0.2548  speed -0.6255  terrain -0.3289  achievement +0.0031
  speed     avg 7.9 mph
  lane      avg error 0.456
  terrain   road 100%
  override  86 frame(s)
  explore   ε=0.0800  σ=0.0800
  model     fitted  updates=117477
  stuck     2 event(s) this interval


VISION SAMPLE  sample_id=20260505_021403_00015833_0038  frame=15833  roi=data\vision_samples\session_2026-05-05_02-10-43\images\20260505_021403_00015833_0038_roi.png
[03:21]  frames 15601–15900
  reward    avg -0.6218   min -2.1471   max +1.7000
  paths     steer +0.3130  speed -0.6569  terrain -0.1426  achievement -0.2145
  speed     avg 9.7 mph
  lane      avg error 0.268
  terrain   road 100%
  override  203 frame(s)
  explore   ε=0.0800  σ=0.0800
  model     fitted  updates=117753
  stuck     1 event(s) this interval

[03:24]  frames 15901–16200
  reward    avg -0.5931   min -2.6290   max +1.0801
  paths     steer +0.1412  speed -0.1895  terrain -0.0508  achievement -0.5438
  speed     avg 2.5 mph
  lane      avg error 0.211
  terrain   road 100%
  override  182 frame(s)
  explore   ε=0.0800  σ=0.0800
  model     fitted  updates=118053
  stuck     3 event(s) this interval


VISION SAMPLE  sample_id=20260505_021410_00016362_0039  frame=16362  roi=data\vision_samples\session_2026-05-05_02-10-43\images\20260505_021410_00016362_0039_roi.png
[03:28]  frames 16201–16681
  reward    avg +0.0030   min -1.2124   max +0.2159
  paths     steer +0.1000  speed -0.1478  terrain +0.0362  achievement -0.0079
  speed     avg 0.2 mph
  lane      avg error 0.000
  terrain   road 100%
  override  22 frame(s)
  explore   ε=0.0800  σ=0.0800
  model     fitted  updates=118248
  stuck     5 event(s) this interval


SESSION SCORECARD
  reward    avg -0.4185   min -4.7121   max +7.8050
  speed     avg 24.9 mph
  lane      avg error 0.232
  terrain   road 98% | mixed 1%
  override  9516 frame(s)
  stuck     132 event(s)
  crash     21 event(s)

SESSION END  total_frames=16681  updates=118248  elapsed=00:03:28
