================================================================================
  FORZA AI — SELF-TRAINING SESSION LOG
  started  : 2026-05-04 18:54:05
  online   : models\driving\horizon-open-road-online.joblib
  mode     : mixed  |  terrain: mixed  |  tx: automatic
  features : 144
================================================================================
[00:04]  frames 1–300
  reward    avg +0.0634   min -1.0510   max +0.9827
  paths     steer +0.1177  speed -0.1038  terrain -0.0808  achievement +0.0507
  speed     avg 8.4 mph
  terrain   road 50% | mixed 14% | offroad 19% | unknown 16%
  explore   ε=0.1413  σ=0.1747
  model     fitted  updates=299

[00:08]  frames 301–600
  reward    avg -0.2475   min -1.2916   max +0.1305
  paths     steer +0.0223  speed -0.3808  terrain -0.0025  achievement +0.0262
  speed     avg 1.3 mph
  terrain   road 84% | mixed 14% | offroad 1%
  explore   ε=0.1331  σ=0.1695
  model     fitted  updates=599

[00:12]  frames 601–900
  reward    avg +0.5896   min -0.4139   max +1.4090
  paths     steer +0.4253  speed -0.1357  terrain -0.0053  achievement +0.0656
  speed     avg 53.7 mph
  terrain   road 21% | mixed 54% | offroad 24%
  explore   ε=0.1253  σ=0.1645
  model     fitted  updates=899

[00:16]  frames 901–1200
  reward    avg +1.0957   min +0.5090   max +1.5379
  paths     steer +0.5162  speed +0.3302  terrain -0.0180  achievement +0.0752
  speed     avg 112.4 mph
  terrain   road 97% | mixed 1% | offroad 1%
  explore   ε=0.1180  σ=0.1597
  model     fitted  updates=1199

[00:20]  frames 1201–1500
  reward    avg +1.2013   min +0.9339   max +1.6235
  paths     steer +0.5336  speed +0.4429  terrain -0.0004  achievement +0.0470
  speed     avg 109.4 mph
  terrain   road 79% | mixed 9% | offroad 11%
  explore   ε=0.1111  σ=0.1549
  model     fitted  updates=1499

[00:25]  frames 1501–1800
  reward    avg -0.7996   min -2.6887   max +1.2644
  paths     steer +0.0543  speed -1.0075  terrain -0.0688  achievement -0.0062
  speed     avg 14.4 mph
  terrain   road 63% | mixed 1% | offroad 35%
  explore   ε=0.1047  σ=0.1504
  model     fitted  updates=1799
  stuck     5 event(s) this interval

[00:29]  frames 1801–2100
  reward    avg -0.7462   min -3.6638   max +0.7549
  paths     steer +0.2492  speed -0.8180  terrain -0.0857  achievement -0.3798
  speed     avg 13.2 mph
  terrain   road 5% | offroad 94%
  explore   ε=0.0986  σ=0.1459
  model     fitted  updates=2099

[00:33]  frames 2101–2400
  reward    avg +0.4987   min -0.4892   max +1.3719
  paths     steer +0.4735  speed -0.3214  terrain -0.0116  achievement +0.0571
  speed     avg 41.0 mph
  terrain   road 43% | mixed 3% | offroad 53%
  explore   ε=0.0928  σ=0.1416
  model     fitted  updates=2399

[00:37]  frames 2401–2700
  reward    avg +0.9255   min +0.2076   max +1.4370
  paths     steer +0.4807  speed +0.1868  terrain -0.0165  achievement +0.0715
  speed     avg 71.1 mph
  terrain   road 57% | mixed 7% | offroad 35%
  explore   ε=0.0874  σ=0.1374
  model     fitted  updates=2699

[00:41]  frames 2701–3000
  reward    avg +0.8876   min +0.4654   max +1.2252
  paths     steer +0.4240  speed +0.2843  terrain -0.0227  achievement +0.0469
  speed     avg 69.0 mph
  terrain   road 31% | mixed 4% | offroad 64%
  explore   ε=0.0823  σ=0.1334
  model     fitted  updates=2999

[00:45]  frames 3001–3300
  reward    avg +0.8768   min +0.4874   max +1.1919
  paths     steer +0.4707  speed +0.2226  terrain -0.0580  achievement +0.0507
  speed     avg 44.5 mph
  terrain   road 56% | mixed 29% | offroad 14%
  explore   ε=0.0775  σ=0.1294
  model     fitted  updates=3299

[00:50]  frames 3301–3600
  reward    avg +0.8169   min +0.5073   max +1.1157
  paths     steer +0.5156  speed +0.0772  terrain -0.0471  achievement +0.0288
  speed     avg 46.7 mph
  terrain   road 71% | offroad 28%
  explore   ε=0.0730  σ=0.1256
  model     fitted  updates=3599

[00:53]  frames 3601–3944
  reward    avg -0.5275   min -1.4448   max +0.6912
  paths     steer +0.0326  speed -0.6597  terrain -0.0656  achievement +0.0170
  speed     avg 3.6 mph
  terrain   road 0% | mixed 18% | offroad 64% | unknown 16%
  explore   ε=0.0711  σ=0.1239
  model     fitted  updates=3734
  stuck     1 event(s) this interval


SESSION END  total_frames=3944  updates=3734  elapsed=00:00:53
