================================================================================
  FORZA AI — SELF-TRAINING SESSION LOG
  started  : 2026-05-04 15:00:46
  online   : models\driving\fh5-driving-online.joblib
  mode     : mixed  |  terrain: road  |  tx: manual
  features : 135
================================================================================
[00:04]  frames 1–300
  reward    avg -5.0161   min -19.3045   max +1.5655
  paths     steer +0.4000  speed +0.3329  terrain -5.9834  achievement +0.1010
  speed     avg 78.6 mph
  terrain   road 39% | mixed 27% | offroad 32%
  explore   ε=0.1413  σ=0.1747
  model     fitted  updates=299

[00:08]  frames 301–600
  reward    avg -3.3199   min -20.0974   max +1.0743
  paths     steer +0.3747  speed -0.1888  terrain -3.8077  achievement +0.0769
  speed     avg 31.3 mph
  terrain   road 36% | mixed 39% | offroad 25%
  explore   ε=0.1331  σ=0.1695
  model     fitted  updates=599

[00:12]  frames 601–900
  reward    avg -8.1438   min -19.4965   max +1.0309
  paths     steer +0.4000  speed -0.0363  terrain -8.7548  achievement +0.0400
  speed     avg 52.4 mph
  terrain   road 25% | mixed 28% | offroad 46%
  explore   ε=0.1253  σ=0.1645
  model     fitted  updates=899

[00:16]  frames 901–1200
  reward    avg -19.3504   min -19.8479   max -19.0606
  paths     steer +0.4000  speed +0.0999  terrain -20.0650  achievement +0.0348
  speed     avg 49.1 mph
  terrain   offroad 100%
  explore   ε=0.1180  σ=0.1597
  model     fitted  updates=1199

[00:20]  frames 1201–1500
  reward    avg -18.0367   min -28.0451   max +0.5498
  paths     steer +0.3138  speed -0.3360  terrain -18.2881  achievement +0.0495
  speed     avg 36.8 mph
  terrain   mixed 6% | offroad 93%
  explore   ε=0.1111  σ=0.1549
  model     fitted  updates=1499

[00:25]  frames 1501–1800
  reward    avg -15.3188   min -27.9512   max +0.2860
  paths     steer +0.1568  speed -0.5052  terrain -15.1984  achievement +0.0486
  speed     avg 13.0 mph
  terrain   mixed 21% | offroad 78%
  explore   ε=0.1047  σ=0.1504
  model     fitted  updates=1799

[00:29]  frames 1801–2100
  reward    avg -8.3892   min -21.4373   max +1.3070
  paths     steer +0.3906  speed -0.3751  terrain -8.7091  achievement +0.0341
  speed     avg 40.0 mph
  terrain   road 15% | mixed 26% | offroad 58%
  explore   ε=0.0986  σ=0.1459
  model     fitted  updates=2099

[00:33]  frames 2101–2400
  reward    avg -2.0129   min -13.4365   max +1.3813
  paths     steer +0.4000  speed +0.2649  terrain -2.8875  achievement +0.0627
  speed     avg 84.5 mph
  terrain   road 27% | mixed 52% | offroad 20%
  explore   ε=0.0928  σ=0.1416
  model     fitted  updates=2399

[00:37]  frames 2401–2700
  reward    avg +1.1328   min +0.6012   max +1.3743
  paths     steer +0.4000  speed +0.4415  terrain +0.1403  achievement +0.0392
  speed     avg 135.0 mph
  terrain   road 85% | mixed 14%
  explore   ε=0.0874  σ=0.1374
  model     fitted  updates=2699

[00:41]  frames 2701–3000
  reward    avg +1.2250   min +0.8743   max +1.4016
  paths     steer +0.4000  speed +0.5907  terrain +0.1238  achievement +0.0286
  speed     avg 165.3 mph
  terrain   road 81% | mixed 18%
  explore   ε=0.0823  σ=0.1334
  model     fitted  updates=2999

[00:45]  frames 3001–3300
  reward    avg -2.2212   min -18.9777   max +1.4135
  paths     steer +0.4000  speed +0.6055  terrain -3.3539  achievement +0.0483
  speed     avg 167.5 mph
  terrain   road 23% | mixed 52% | offroad 25%
  explore   ε=0.0775  σ=0.1294
  model     fitted  updates=3299

[00:50]  frames 3301–3600
  reward    avg -8.2390   min -20.5055   max +1.3427
  paths     steer +0.4000  speed +0.5003  terrain -9.2845  achievement +0.0452
  speed     avg 128.0 mph
  terrain   road 8% | mixed 42% | offroad 49%
  explore   ε=0.0730  σ=0.1256
  model     fitted  updates=3599

[00:54]  frames 3601–3900
  reward    avg +1.0889   min +0.7665   max +1.4205
  paths     steer +0.4000  speed +0.4108  terrain +0.1178  achievement +0.0425
  speed     avg 98.3 mph
  terrain   road 79% | mixed 21%
  explore   ε=0.0688  σ=0.1219
  model     fitted  updates=3899

[00:58]  frames 3901–4200
  reward    avg -9.4427   min -20.4730   max +1.2752
  paths     steer +0.4000  speed +0.4211  terrain -10.4315  achievement +0.0519
  speed     avg 101.0 mph
  terrain   road 22% | mixed 23% | offroad 55%
  explore   ε=0.0648  σ=0.1183
  model     fitted  updates=4199

[01:02]  frames 4201–4500
  reward    avg -10.3645   min -19.5393   max +1.1827
  paths     steer +0.4000  speed +0.4164  terrain -11.3232  achievement +0.0257
  speed     avg 99.6 mph
  terrain   road 19% | mixed 16% | offroad 64%
  explore   ε=0.0610  σ=0.1148
  model     fitted  updates=4499

[01:06]  frames 4501–4800
  reward    avg -6.6281   min -19.1644   max +1.1704
  paths     steer +0.4000  speed +0.3589  terrain -7.5476  achievement +0.0323
  speed     avg 82.9 mph
  terrain   road 15% | mixed 33% | offroad 51%
  explore   ε=0.0574  σ=0.1114
  model     fitted  updates=4799

[01:11]  frames 4801–5192
  reward    avg -12.0009   min -19.1204   max +1.1337
  paths     steer +0.4000  speed +0.3334  terrain -12.9011  achievement +0.0335
  speed     avg 74.4 mph
  terrain   road 8% | mixed 21% | offroad 70%
  explore   ε=0.0546  σ=0.1086
  model     fitted  updates=5048


SESSION END  total_frames=5192  updates=5048  elapsed=00:01:11
