================================================================================
  FORZA AI — SELF-TRAINING SESSION LOG
  started  : 2026-05-04 15:05:53
  online   : models\driving\fh5-driving-online.joblib
  mode     : mixed  |  terrain: road  |  tx: manual
  features : 135
================================================================================
[00:04]  frames 1–300
  reward    avg -1.4263   min -15.1927   max +1.0186
  paths     steer +0.2903  speed -0.6136  terrain -1.4189  achievement +0.0480
  speed     avg 18.5 mph
  terrain   road 37% | mixed 41% | offroad 9% | unknown 11%
  explore   ε=0.0515  σ=0.1054
  model     fitted  updates=5347
  stuck     1 event(s) this interval

[00:08]  frames 301–600
  reward    avg -13.3652   min -33.8342   max +1.0364
  paths     steer +0.4000  speed +0.0440  terrain -14.0197  achievement +0.0193
  speed     avg 51.1 mph
  terrain   road 30% | mixed 19% | offroad 51%
  explore   ε=0.0500  σ=0.1023
  model     fitted  updates=5647

[00:12]  frames 601–900
  reward    avg -26.6283   min -31.3931   max -13.1786
  paths     steer +0.4000  speed +0.0694  terrain -27.3042  achievement +0.0204
  speed     avg 49.9 mph
  terrain   offroad 100%
  explore   ε=0.0500  σ=0.0993
  model     fitted  updates=5947

[00:16]  frames 901–1200
  reward    avg -26.1661   min -29.2059   max -18.4560
  paths     steer +0.4000  speed +0.0110  terrain -26.7970  achievement +0.0221
  speed     avg 41.7 mph
  terrain   offroad 100%
  explore   ε=0.0500  σ=0.0964
  model     fitted  updates=6247

[00:20]  frames 1201–1500
  reward    avg -11.3741   min -29.1352   max +1.0091
  paths     steer +0.4000  speed +0.2019  terrain -12.1666  achievement +0.0310
  speed     avg 41.9 mph
  terrain   road 12% | mixed 17% | offroad 70%
  explore   ε=0.0500  σ=0.0935
  model     fitted  updates=6547

[00:25]  frames 1501–1800
  reward    avg -0.9571   min -17.5442   max +1.2909
  paths     steer +0.4000  speed +0.1981  terrain -1.7374  achievement +0.0218
  speed     avg 51.8 mph
  terrain   road 72% | mixed 17% | offroad 10%
  explore   ε=0.0500  σ=0.0908
  model     fitted  updates=6847

[00:29]  frames 1801–2100
  reward    avg -1.7956   min -17.5056   max +1.3687
  paths     steer +0.4000  speed +0.3366  terrain -2.6974  achievement +0.0325
  speed     avg 75.5 mph
  terrain   road 45% | mixed 34% | offroad 20%
  explore   ε=0.0500  σ=0.0881
  model     fitted  updates=7147

[00:33]  frames 2101–2400
  reward    avg -5.3942   min -17.5401   max +1.1284
  paths     steer +0.4000  speed +0.3525  terrain -6.3047  achievement +0.0285
  speed     avg 80.9 mph
  terrain   road 40% | mixed 20% | offroad 40%
  explore   ε=0.0500  σ=0.0855
  model     fitted  updates=7447

[00:37]  frames 2401–2700
  reward    avg -12.6393   min -25.3195   max +1.1499
  paths     steer +0.4000  speed +0.3961  terrain -13.5792  achievement +0.0230
  speed     avg 93.0 mph
  terrain   road 30% | mixed 6% | offroad 63%
  explore   ε=0.0500  σ=0.0829
  model     fitted  updates=7747

[00:41]  frames 2701–3000
  reward    avg -14.0526   min -27.4574   max +1.1336
  paths     steer +0.4000  speed +0.3713  terrain -14.9642  achievement +0.0146
  speed     avg 86.4 mph
  terrain   road 6% | mixed 13% | offroad 80%
  explore   ε=0.0500  σ=0.0805
  model     fitted  updates=8047

[00:58]  frames 3001–5100
  reward    avg -20.6817   min -34.0828   max -8.7566
  paths     steer +0.3862  speed +0.2917  terrain -21.5085  achievement +0.0142
  speed     avg 84.9 mph
  terrain   offroad 100%
  explore   ε=0.0500  σ=0.0789
  model     fitted  updates=8245

[01:02]  frames 5101–5400
  reward    avg -21.8460   min -28.0589   max -17.4460
  paths     steer +0.3955  speed +0.3645  terrain -22.7446  achievement +0.0137
  speed     avg 84.1 mph
  terrain   offroad 100%
  explore   ε=0.0500  σ=0.0766
  model     fitted  updates=8545

[01:06]  frames 5401–5700
  reward    avg -17.7418   min -25.6750   max -7.0740
  paths     steer +0.3997  speed +0.3233  terrain -18.6292  achievement +0.0293
  speed     avg 70.3 mph
  terrain   offroad 100%
  explore   ε=0.0500  σ=0.0743
  model     fitted  updates=8845

[01:10]  frames 5701–6000
  reward    avg -19.9074   min -25.4059   max -13.1462
  paths     steer +0.4000  speed +0.2993  terrain -20.7696  achievement +0.0228
  speed     avg 63.4 mph
  terrain   offroad 100%
  explore   ε=0.0500  σ=0.0721
  model     fitted  updates=9145

[01:14]  frames 6001–6300
  reward    avg -16.3323   min -25.3864   max +1.1063
  paths     steer +0.4000  speed +0.3347  terrain -17.2212  achievement +0.0211
  speed     avg 75.8 mph
  terrain   road 1% | mixed 4% | offroad 93%
  explore   ε=0.0500  σ=0.0700
  model     fitted  updates=9445

[01:19]  frames 6301–6600
  reward    avg -17.8444   min -27.3363   max +1.0953
  paths     steer +0.3998  speed +0.0908  terrain -18.5406  achievement +0.0238
  speed     avg 49.8 mph
  terrain   road 14% | mixed 0% | offroad 85%
  explore   ε=0.0500  σ=0.0679
  model     fitted  updates=9745

[01:23]  frames 6601–6900
  reward    avg -19.9923   min -27.8152   max -8.1024
  paths     steer +0.2863  speed -0.6846  terrain -19.9101  achievement +0.0360
  speed     avg 18.9 mph
  terrain   offroad 100%
  explore   ε=0.0500  σ=0.0659
  model     fitted  updates=10045
  stuck     1 event(s) this interval

[01:27]  frames 6901–7200
  reward    avg -15.9030   min -26.3654   max +0.9552
  paths     steer +0.3982  speed +0.2119  terrain -16.6981  achievement +0.0283
  speed     avg 55.7 mph
  terrain   mixed 8% | offroad 91%
  explore   ε=0.0500  σ=0.0640
  model     fitted  updates=10345

[01:31]  frames 7201–7500
  reward    avg -17.7616   min -25.8121   max -8.3183
  paths     steer +0.4000  speed +0.0366  terrain -18.4164  achievement +0.0255
  speed     avg 48.1 mph
  terrain   offroad 100%
  explore   ε=0.0500  σ=0.0621
  model     fitted  updates=10645

[01:35]  frames 7501–7800
  reward    avg -12.6184   min -18.2600   max -7.8940
  paths     steer +0.4000  speed +0.3720  terrain -13.5268  achievement +0.0108
  speed     avg 88.5 mph
  terrain   offroad 100%
  explore   ε=0.0500  σ=0.0602
  model     fitted  updates=10945

[01:39]  frames 7801–8100
  reward    avg -19.0138   min -25.9604   max +1.1994
  paths     steer +0.3997  speed +0.4056  terrain -19.9621  achievement +0.0242
  speed     avg 96.4 mph
  terrain   road 5% | mixed 3% | offroad 91%
  explore   ε=0.0500  σ=0.0585
  model     fitted  updates=11245

[01:48]  frames 8101–9000
  reward    avg -22.3393   min -27.4074   max +1.1860
  paths     steer +0.3994  speed -0.2160  terrain -22.8027  achievement +0.0372
  speed     avg 53.2 mph
  terrain   road 1% | mixed 0% | offroad 97%
  explore   ε=0.0500  σ=0.0566
  model     fitted  updates=11573

[01:53]  frames 9001–9300
  reward    avg -16.5313   min -26.3467   max -0.0457
  paths     steer +0.1573  speed -0.9866  terrain -16.0001  achievement +0.0221
  speed     avg 8.4 mph
  terrain   offroad 86% | unknown 13%
  explore   ε=0.0500  σ=0.0549
  model     fitted  updates=11873
  stuck     2 event(s) this interval

[02:00]  frames 9301–9900
  reward    avg -12.8858   min -24.6416   max +0.6707
  paths     steer +0.4000  speed -0.0549  terrain -13.4616  achievement +0.0197
  speed     avg 42.7 mph
  terrain   mixed 28% | offroad 71%
  explore   ε=0.0500  σ=0.0526
  model     fitted  updates=12306

[02:04]  frames 9901–10200
  reward    avg -12.1342   min -31.5993   max +0.6635
  paths     steer +0.4000  speed +0.0580  terrain -12.7917  achievement +0.0111
  speed     avg 49.6 mph
  terrain   mixed 41% | offroad 59%
  explore   ε=0.0500  σ=0.0510
  model     fitted  updates=12606

[02:09]  frames 10201–10500
  reward    avg -2.4353   min -19.4320   max +0.6326
  paths     steer +0.1400  speed -0.7821  terrain -2.0272  achievement +0.0075
  speed     avg 18.0 mph
  terrain   road 13% | mixed 21% | offroad 16% | unknown 49%
  explore   ε=0.0500  σ=0.0495
  model     fitted  updates=12906
  stuck     4 event(s) this interval

[02:13]  frames 10501–10800
  reward    avg -3.7960   min -21.0652   max +0.1674
  paths     steer +0.0013  speed -1.2527  terrain -2.7984  achievement +0.0025
  speed     avg 1.2 mph
  terrain   road 50% | offroad 17% | unknown 32%
  explore   ε=0.0500  σ=0.0481
  model     fitted  updates=13206
  stuck     6 event(s) this interval

[02:17]  frames 10801–11100
  reward    avg -18.6778   min -27.9372   max -0.3281
  paths     steer +0.2651  speed -0.7022  terrain -18.5366  achievement +0.0229
  speed     avg 13.0 mph
  terrain   mixed 1% | offroad 98%
  explore   ε=0.0500  σ=0.0466
  model     fitted  updates=13506
  stuck     1 event(s) this interval

[02:21]  frames 11101–11400
  reward    avg -14.1970   min -25.6222   max +0.5978
  paths     steer +0.4000  speed +0.0729  terrain -14.8762  achievement +0.0209
  speed     avg 45.3 mph
  terrain   mixed 16% | offroad 84%
  explore   ε=0.0500  σ=0.0453
  model     fitted  updates=13806

[02:26]  frames 11401–12000
  reward    avg -2.8433   min -18.7070   max +0.6420
  paths     steer +0.4000  speed -0.0203  terrain -3.4396  achievement +0.0125
  speed     avg 52.4 mph
  terrain   mixed 82% | offroad 17%
  explore   ε=0.0500  σ=0.0449
  model     fitted  updates=13895

[02:30]  frames 12001–12300
  reward    avg -5.6353   min -19.3929   max +0.6258
  paths     steer +0.4000  speed +0.0862  terrain -6.3167  achievement +0.0124
  speed     avg 52.1 mph
  terrain   mixed 67% | offroad 32%
  explore   ε=0.0500  σ=0.0435
  model     fitted  updates=14195

[02:35]  frames 12301–12600
  reward    avg -14.4687   min -30.1483   max +0.8754
  paths     steer +0.4000  speed +0.0426  terrain -15.1140  achievement +0.0112
  speed     avg 52.4 mph
  terrain   road 3% | mixed 8% | offroad 88%
  explore   ε=0.0500  σ=0.0422
  model     fitted  updates=14495

[02:39]  frames 12601–12900
  reward    avg -16.1639   min -25.6009   max +1.0146
  paths     steer +0.4000  speed +0.0299  terrain -16.7995  achievement +0.0116
  speed     avg 52.5 mph
  terrain   road 5% | mixed 3% | offroad 91%
  explore   ε=0.0500  σ=0.0410
  model     fitted  updates=14795

[02:43]  frames 12901–13200
  reward    avg -18.8376   min -25.6686   max -17.5472
  paths     steer +0.4000  speed +0.0885  terrain -19.5189  achievement +0.0105
  speed     avg 51.1 mph
  terrain   offroad 100%
  explore   ε=0.0500  σ=0.0400
  model     fitted  updates=15095

[02:47]  frames 13201–13500
  reward    avg -20.5702   min -26.2430   max -8.3076
  paths     steer +0.4000  speed +0.0785  terrain -21.2468  achievement +0.0137
  speed     avg 50.5 mph
  terrain   offroad 100%
  explore   ε=0.0500  σ=0.0400
  model     fitted  updates=15395

[02:51]  frames 13501–13800
  reward    avg -24.5911   min -27.6108   max -17.5602
  paths     steer +0.4000  speed +0.1193  terrain -25.2970  achievement +0.0104
  speed     avg 51.0 mph
  terrain   offroad 100%
  explore   ε=0.0500  σ=0.0400
  model     fitted  updates=15695

[02:55]  frames 13801–14100
  reward    avg -25.6775   min -26.7744   max -18.3636
  paths     steer +0.4000  speed -0.1013  terrain -26.2180  achievement +0.0215
  speed     avg 22.1 mph
  terrain   offroad 100%
  explore   ε=0.0500  σ=0.0400
  model     fitted  updates=15995

[03:00]  frames 14101–14400
  reward    avg -24.8139   min -26.7763   max -17.5902
  paths     steer +0.4000  speed -0.4073  terrain -25.1086  achievement +0.0205
  speed     avg 34.6 mph
  terrain   offroad 100%
  explore   ε=0.0500  σ=0.0400
  model     fitted  updates=16295

[03:04]  frames 14401–14700
  reward    avg -21.8223   min -29.5120   max -17.5259
  paths     steer +0.2187  speed -0.1352  terrain -22.0571  achievement +0.0150
  speed     avg 22.1 mph
  terrain   offroad 100%
  explore   ε=0.0500  σ=0.0400
  model     fitted  updates=16595
  stuck     1 event(s) this interval

[03:08]  frames 14701–15000
  reward    avg -18.7784   min -22.0283   max -17.9107
  paths     steer +0.0602  speed -0.2299  terrain -18.6938  achievement +0.0090
  speed     avg 3.5 mph
  terrain   offroad 100%
  explore   ε=0.0500  σ=0.0400
  model     fitted  updates=16895
  stuck     1 event(s) this interval

[03:12]  frames 15001–15300
  reward    avg -17.5582   min -20.1545   max -15.7082
  paths     steer +0.4000  speed -0.2173  terrain -17.9967  achievement +0.0124
  speed     avg 41.6 mph
  terrain   offroad 100%
  explore   ε=0.0500  σ=0.0400
  model     fitted  updates=17195

[03:16]  frames 15301–15600
  reward    avg -18.2252   min -27.0446   max +0.5544
  paths     steer +0.4000  speed -0.0516  terrain -18.7966  achievement +0.0127
  speed     avg 41.4 mph
  terrain   mixed 2% | offroad 98%
  explore   ε=0.0500  σ=0.0400
  model     fitted  updates=17495

[03:47]  frames 15601–19800
  reward    avg -14.3049   min -20.1712   max +0.4806
  paths     steer +0.3861  speed -0.3088  terrain -14.6530  achievement +0.0160
  speed     avg 25.0 mph
  terrain   mixed 13% | offroad 86%
  explore   ε=0.0500  σ=0.0400
  model     fitted  updates=17706

[03:52]  frames 19801–20100
  reward    avg -17.1812   min -22.5432   max +0.6283
  paths     steer +0.3855  speed -0.2683  terrain -17.5608  achievement +0.0159
  speed     avg 32.0 mph
  terrain   mixed 6% | offroad 93%
  explore   ε=0.0500  σ=0.0400
  model     fitted  updates=18006

[03:56]  frames 20101–20400
  reward    avg -5.6729   min -19.6080   max +1.0189
  paths     steer +0.4000  speed +0.0616  terrain -6.3368  achievement +0.0146
  speed     avg 49.9 mph
  terrain   road 30% | mixed 34% | offroad 35%
  explore   ε=0.0500  σ=0.0400
  model     fitted  updates=18306

[04:00]  frames 20401–20700
  reward    avg -13.1484   min -17.8877   max -7.3222
  paths     steer +0.4000  speed +0.2344  terrain -13.9473  achievement +0.0115
  speed     avg 68.5 mph
  terrain   offroad 100%
  explore   ε=0.0500  σ=0.0400
  model     fitted  updates=18606

[04:04]  frames 20701–21000
  reward    avg -12.7147   min -17.7205   max -7.9511
  paths     steer +0.4000  speed +0.2887  terrain -13.5824  achievement +0.0368
  speed     avg 111.1 mph
  terrain   offroad 100%
  explore   ε=0.0500  σ=0.0400
  model     fitted  updates=18906

[04:08]  frames 21001–21300
  reward    avg -15.7121   min -25.4168   max -8.0460
  paths     steer +0.4000  speed +0.4501  terrain -16.6972  achievement +0.0250
  speed     avg 111.1 mph
  terrain   offroad 100%
  explore   ε=0.0500  σ=0.0400
  model     fitted  updates=19206

[04:13]  frames 21301–21600
  reward    avg -10.3585   min -17.4875   max -7.7766
  paths     steer +0.4000  speed +0.5211  terrain -11.3980  achievement +0.0226
  speed     avg 131.5 mph
  terrain   offroad 100%
  explore   ε=0.0500  σ=0.0400
  model     fitted  updates=19506

[04:17]  frames 21601–21900
  reward    avg -17.3879   min -26.7803   max +0.3923
  paths     steer +0.3653  speed +0.3047  terrain -18.2000  achievement +0.0204
  speed     avg 89.3 mph
  terrain   mixed 0% | offroad 99%
  explore   ε=0.0500  σ=0.0400
  model     fitted  updates=19806


SESSION END  total_frames=23233  updates=19806  elapsed=00:04:26
