================================================================================
  FORZA AI — SELF-TRAINING SESSION LOG
  started  : 2026-05-04 14:35:16
  online   : models\driving\fh5-driving-online.joblib
  mode     : mixed  |  terrain: road  |  tx: manual
  features : 113
================================================================================
[00:03]  frames 1–300
  reward    avg -8.0980   min -10.3960   max +0.8358
  paths     steer +0.4000  speed -0.4516  terrain -8.4052  achievement +0.0684
  speed     avg 30.1 mph
  terrain   mixed 3% | offroad 96%
  explore   ε=0.1453  σ=0.1772
  model     warming up  buffer=158/256

[00:07]  frames 301–600
  reward    avg -9.5601   min -10.4600   max -8.9711
  paths     steer +0.3973  speed -0.1015  terrain -10.1334  achievement +0.0585
  speed     avg 35.8 mph
  terrain   offroad 100%
  explore   ε=0.1369  σ=0.1719
  model     fitted  updates=458

[00:11]  frames 601–900
  reward    avg -9.1467   min -9.7890   max -5.9101
  paths     steer +0.4000  speed +0.0599  terrain -9.8389  achievement +0.0443
  speed     avg 41.6 mph
  terrain   offroad 100%
  explore   ε=0.1289  σ=0.1669
  model     fitted  updates=758

[00:16]  frames 901–1200
  reward    avg -10.5875   min -13.7237   max -6.3544
  paths     steer +0.2884  speed -0.0237  terrain -11.0490  achievement +0.0478
  speed     avg 42.3 mph
  terrain   offroad 100%
  explore   ε=0.1214  σ=0.1619
  model     fitted  updates=1058

[00:20]  frames 1201–1500
  reward    avg -10.0536   min -13.0458   max -1.4970
  paths     steer +0.2331  speed -0.9558  terrain -9.6801  achievement +0.0416
  speed     avg 13.3 mph
  terrain   offroad 97% | unknown 3%
  explore   ε=0.1143  σ=0.1571
  model     fitted  updates=1358
  stuck     1 event(s) this interval

[00:24]  frames 1501–1800
  reward    avg -7.7930   min -10.3352   max +0.9381
  paths     steer +0.4000  speed +0.1241  terrain -8.5389  achievement +0.0466
  speed     avg 45.3 mph
  terrain   mixed 2% | offroad 97%
  explore   ε=0.1077  σ=0.1525
  model     fitted  updates=1658

[00:28]  frames 1801–2100
  reward    avg -6.3073   min -9.6474   max +1.1651
  paths     steer +0.4000  speed +0.3069  terrain -7.1980  achievement +0.0451
  speed     avg 68.6 mph
  terrain   road 0% | mixed 9% | offroad 90%
  explore   ε=0.1014  σ=0.1480
  model     fitted  updates=1958

[00:32]  frames 2101–2400
  reward    avg -6.4612   min -9.4204   max +1.1879
  paths     steer +0.4000  speed +0.2860  terrain -7.3331  achievement +0.0431
  speed     avg 57.7 mph
  terrain   road 17% | mixed 2% | offroad 80%
  explore   ε=0.0955  σ=0.1436
  model     fitted  updates=2258

[00:36]  frames 2401–2700
  reward    avg +1.0908   min +0.7424   max +1.4353
  paths     steer +0.4000  speed +0.3799  terrain +0.1169  achievement +0.0700
  speed     avg 88.8 mph
  terrain   road 76% | mixed 23%
  explore   ε=0.0899  σ=0.1394
  model     fitted  updates=2558

[00:41]  frames 2701–3000
  reward    avg +1.1485   min +0.7726   max +1.4861
  paths     steer +0.4000  speed +0.4699  terrain +0.1096  achievement +0.0630
  speed     avg 116.3 mph
  terrain   road 74% | mixed 25%
  explore   ε=0.0847  σ=0.1353
  model     fitted  updates=2858

[00:45]  frames 3001–3300
  reward    avg -2.1102   min -8.9660   max +1.2615
  paths     steer +0.4000  speed +0.4971  terrain -3.1565  achievement +0.0485
  speed     avg 129.8 mph
  terrain   road 13% | mixed 53% | offroad 33%
  explore   ε=0.0798  σ=0.1313
  model     fitted  updates=3158

[00:49]  frames 3301–3600
  reward    avg -5.7222   min -9.3324   max +1.2443
  paths     steer +0.4000  speed +0.4794  terrain -6.7487  achievement +0.0429
  speed     avg 119.0 mph
  terrain   road 6% | mixed 26% | offroad 67%
  explore   ε=0.0751  σ=0.1274
  model     fitted  updates=3458

[00:53]  frames 3601–3900
  reward    avg -10.2409   min -12.2567   max -2.9191
  paths     steer +0.3409  speed -0.0591  terrain -10.7591  achievement +0.0541
  speed     avg 57.8 mph
  terrain   offroad 100%
  explore   ε=0.0707  σ=0.1236
  model     fitted  updates=3758

[00:57]  frames 3901–4200
  reward    avg -9.9799   min -13.0799   max -0.3093
  paths     steer +0.2416  speed -0.9957  terrain -9.5743  achievement +0.0285
  speed     avg 18.9 mph
  terrain   mixed 4% | offroad 95%
  explore   ε=0.0666  σ=0.1200
  model     fitted  updates=4058
  stuck     1 event(s) this interval

[01:01]  frames 4201–4500
  reward    avg -7.2931   min -12.1635   max -0.7890
  paths     steer -0.0002  speed -1.1687  terrain -6.3761  achievement +0.0183
  speed     avg 2.9 mph
  terrain   mixed 0% | offroad 80% | unknown 19%
  explore   ε=0.0627  σ=0.1164
  model     fitted  updates=4358
  stuck     6 event(s) this interval

[01:06]  frames 4501–4800
  reward    avg -1.7403   min -11.2334   max -0.3836
  paths     steer +0.0000  speed -1.3660  terrain -0.6534  achievement +0.0059
  speed     avg 0.3 mph
  terrain   offroad 5% | unknown 94%
  explore   ε=0.0591  σ=0.1130
  model     fitted  updates=4658
  stuck     7 event(s) this interval

[01:10]  frames 4801–5100
  reward    avg -6.8716   min -12.4474   max -0.7723
  paths     steer +0.0493  speed -1.2063  terrain -5.9879  achievement +0.0074
  speed     avg 4.4 mph
  terrain   offroad 64% | unknown 36%
  explore   ε=0.0556  σ=0.1096
  model     fitted  updates=4958
  stuck     5 event(s) this interval

[01:14]  frames 5101–5400
  reward    avg -10.5671   min -11.7428   max -7.3416
  paths     steer +0.3484  speed -1.0512  terrain -10.2683  achievement +0.0196
  speed     avg 16.9 mph
  terrain   offroad 100%
  explore   ε=0.0524  σ=0.1064
  model     fitted  updates=5258
  stuck     1 event(s) this interval

[01:18]  frames 5401–5700
  reward    avg -10.9641   min -12.9920   max -6.3110
  paths     steer +0.2864  speed -0.8192  terrain -10.7595  achievement +0.0212
  speed     avg 25.6 mph
  terrain   offroad 100%
  explore   ε=0.0500  σ=0.1032
  model     fitted  updates=5558

[01:22]  frames 5701–6000
  reward    avg -10.2026   min -12.6456   max -7.0416
  paths     steer +0.2592  speed -0.9240  terrain -9.8670  achievement +0.0150
  speed     avg 16.7 mph
  terrain   offroad 100%
  explore   ε=0.0500  σ=0.1002
  model     fitted  updates=5858
  stuck     2 event(s) this interval

[01:26]  frames 6001–6300
  reward    avg -1.0643   min -9.5535   max +1.1821
  paths     steer +0.4000  speed +0.2581  terrain -1.9095  achievement +0.0387
  speed     avg 55.5 mph
  terrain   road 16% | mixed 59% | offroad 24%
  explore   ε=0.0500  σ=0.0972
  model     fitted  updates=6158

[01:31]  frames 6301–6600
  reward    avg +0.9522   min +0.7689   max +1.1696
  paths     steer +0.4000  speed +0.3724  terrain +0.0097  achievement +0.0446
  speed     avg 86.7 mph
  terrain   road 45% | mixed 55%
  explore   ε=0.0500  σ=0.0944
  model     fitted  updates=6458

[01:35]  frames 6601–6900
  reward    avg -0.6853   min -10.5093   max +1.1512
  paths     steer +0.4000  speed +0.3305  terrain -1.5855  achievement +0.0358
  speed     avg 74.0 mph
  terrain   road 12% | mixed 70% | offroad 17%
  explore   ε=0.0500  σ=0.0916
  model     fitted  updates=6758

[01:39]  frames 6901–7200
  reward    avg -4.1395   min -15.6929   max +1.1163
  paths     steer +0.3656  speed +0.2921  terrain -4.9454  achievement +0.0239
  speed     avg 63.8 mph
  terrain   road 31% | mixed 20% | offroad 48%
  explore   ε=0.0500  σ=0.0889
  model     fitted  updates=7058

[01:43]  frames 7201–7500
  reward    avg -10.6800   min -18.9065   max -0.8406
  paths     steer +0.1973  speed -0.7014  terrain -10.4426  achievement +0.0279
  speed     avg 27.5 mph
  terrain   mixed 2% | offroad 97%
  explore   ε=0.0500  σ=0.0862
  model     fitted  updates=7358

[01:47]  frames 7501–7800
  reward    avg -6.9684   min -12.3623   max +0.7361
  paths     steer +0.1973  speed -0.5955  terrain -6.8036  achievement +0.0156
  speed     avg 20.1 mph
  terrain   mixed 9% | offroad 76% | unknown 14%
  explore   ε=0.0500  σ=0.0837
  model     fitted  updates=7658
  stuck     3 event(s) this interval

[01:51]  frames 7801–8100
  reward    avg -4.3358   min -11.9008   max -0.6206
  paths     steer +0.0000  speed -1.3202  terrain -3.2826  achievement +0.0029
  speed     avg 0.8 mph
  terrain   offroad 31% | unknown 69%
  explore   ε=0.0500  σ=0.0812
  model     fitted  updates=7958
  stuck     7 event(s) this interval

[01:56]  frames 8101–8400
  reward    avg -3.0349   min -12.2431   max -0.5577
  paths     steer +0.0000  speed -1.2862  terrain -2.0089  achievement +0.0028
  speed     avg 0.8 mph
  terrain   offroad 18% | unknown 81%
  explore   ε=0.0500  σ=0.0788
  model     fitted  updates=8258
  stuck     8 event(s) this interval

[02:00]  frames 8401–8700
  reward    avg -8.3087   min -11.9325   max -0.2682
  paths     steer +0.1267  speed -1.1118  terrain -7.6154  achievement +0.0061
  speed     avg 6.9 mph
  terrain   offroad 77% | unknown 22%
  explore   ε=0.0500  σ=0.0765
  model     fitted  updates=8558
  stuck     3 event(s) this interval

[02:04]  frames 8701–9000
  reward    avg -6.3246   min -12.0378   max +1.0444
  paths     steer +0.3755  speed -0.4464  terrain -6.5483  achievement +0.0175
  speed     avg 31.5 mph
  terrain   road 3% | mixed 25% | offroad 71%
  explore   ε=0.0500  σ=0.0742
  model     fitted  updates=8858

[02:08]  frames 9001–9300
  reward    avg +0.6293   min +0.2481   max +1.0567
  paths     steer +0.4000  speed +0.0617  terrain -0.0506  achievement +0.0305
  speed     avg 51.9 mph
  terrain   road 28% | mixed 72%
  explore   ε=0.0500  σ=0.0720
  model     fitted  updates=9158

[02:12]  frames 9301–9600
  reward    avg +0.7604   min +0.4306   max +1.0348
  paths     steer +0.4000  speed +0.0565  terrain +0.0893  achievement +0.0259
  speed     avg 52.1 mph
  terrain   road 67% | mixed 32%
  explore   ε=0.0500  σ=0.0699
  model     fitted  updates=9458

[02:16]  frames 9601–9900
  reward    avg -2.0649   min -14.1255   max +1.0256
  paths     steer +0.4000  speed -0.1941  terrain -2.5285  achievement +0.0188
  speed     avg 44.1 mph
  terrain   road 37% | mixed 33% | offroad 29%
  explore   ε=0.0500  σ=0.0678
  model     fitted  updates=9758

[02:21]  frames 9901–10200
  reward    avg -10.5329   min -16.5928   max -1.0674
  paths     steer +0.0849  speed -0.9895  terrain -9.8820  achievement +0.0133
  speed     avg 10.1 mph
  terrain   mixed 1% | offroad 89% | unknown 9%
  explore   ε=0.0500  σ=0.0658
  model     fitted  updates=10058
  stuck     3 event(s) this interval

[02:25]  frames 10201–10500
  reward    avg -9.6147   min -17.2051   max -0.3511
  paths     steer +0.0878  speed -0.8696  terrain -9.0669  achievement +0.0161
  speed     avg 16.2 mph
  terrain   mixed 17% | offroad 82%
  explore   ε=0.0500  σ=0.0639
  model     fitted  updates=10358
  stuck     1 event(s) this interval

[02:29]  frames 10501–10800
  reward    avg -9.6637   min -16.1443   max -6.5395
  paths     steer +0.1602  speed -0.5450  terrain -9.4771  achievement +0.0092
  speed     avg 19.5 mph
  terrain   offroad 100%
  explore   ε=0.0500  σ=0.0620
  model     fitted  updates=10658
  stuck     3 event(s) this interval

[02:33]  frames 10801–11100
  reward    avg -6.1279   min -15.2878   max -1.0465
  paths     steer +0.0000  speed -1.1456  terrain -5.2127  achievement +0.0012
  speed     avg 2.0 mph
  terrain   mixed 11% | offroad 50% | unknown 38%
  explore   ε=0.0500  σ=0.0602
  model     fitted  updates=10958
  stuck     7 event(s) this interval

[02:37]  frames 11101–11400
  reward    avg -6.3691   min -15.0021   max -1.0592
  paths     steer +0.0000  speed -1.3011  terrain -5.3277  achievement -0.0004
  speed     avg 1.2 mph
  terrain   offroad 57% | unknown 43%
  explore   ε=0.0500  σ=0.0584
  model     fitted  updates=11258
  stuck     8 event(s) this interval

[02:41]  frames 11401–11700
  reward    avg -8.5418   min -14.7749   max -1.0611
  paths     steer +0.0000  speed -1.3016  terrain -7.4993  achievement -0.0012
  speed     avg 1.2 mph
  terrain   mixed 2% | offroad 83% | unknown 14%
  explore   ε=0.0500  σ=0.0567
  model     fitted  updates=11558
  stuck     7 event(s) this interval

[02:46]  frames 11701–12000
  reward    avg -3.7979   min -15.3256   max -1.0444
  paths     steer +0.0000  speed -1.3204  terrain -2.7399  achievement -0.0017
  speed     avg 0.8 mph
  terrain   offroad 23% | unknown 76%
  explore   ε=0.0500  σ=0.0550
  model     fitted  updates=11858
  stuck     8 event(s) this interval

[02:50]  frames 12001–12300
  reward    avg -6.7851   min -15.2007   max -1.0553
  paths     steer +0.0000  speed -1.3529  terrain -5.6985  achievement -0.0043
  speed     avg 1.1 mph
  terrain   mixed 4% | offroad 63% | unknown 32%
  explore   ε=0.0500  σ=0.0534
  model     fitted  updates=12158
  stuck     7 event(s) this interval

[02:54]  frames 12301–12600
  reward    avg -7.5516   min -15.0013   max -1.0483
  paths     steer +0.0000  speed -1.3256  terrain -6.4890  achievement -0.0021
  speed     avg 1.2 mph
  terrain   offroad 60% | unknown 39%
  explore   ε=0.0500  σ=0.0518
  model     fitted  updates=12458
  stuck     7 event(s) this interval

[02:58]  frames 12601–12900
  reward    avg -3.4875   min -15.4215   max -0.9498
  paths     steer +0.0307  speed -1.2877  terrain -2.5005  achievement -0.0029
  speed     avg 2.5 mph
  terrain   mixed 7% | offroad 23% | unknown 69%
  explore   ε=0.0500  σ=0.0503
  model     fitted  updates=12758
  stuck     6 event(s) this interval

[03:02]  frames 12901–13200
  reward    avg -6.8448   min -14.3659   max +0.2376
  paths     steer +0.2693  speed -0.9530  terrain -6.4953  achievement +0.0090
  speed     avg 15.7 mph
  terrain   mixed 19% | offroad 78% | unknown 2%
  explore   ε=0.0500  σ=0.0488
  model     fitted  updates=13058
  stuck     1 event(s) this interval

[03:06]  frames 13201–13500
  reward    avg -1.1633   min -6.6191   max +1.0204
  paths     steer +0.4000  speed +0.0701  terrain -1.8379  achievement +0.0185
  speed     avg 49.7 mph
  terrain   road 10% | mixed 64% | offroad 24%
  explore   ε=0.0500  σ=0.0473
  model     fitted  updates=13358

[03:11]  frames 13501–13800
  reward    avg -1.2376   min -9.9481   max +1.1363
  paths     steer +0.3980  speed +0.1406  terrain -1.9700  achievement +0.0229
  speed     avg 50.4 mph
  terrain   road 11% | mixed 63% | offroad 25%
  explore   ε=0.0500  σ=0.0459
  model     fitted  updates=13658

[03:15]  frames 13801–14100
  reward    avg +0.5798   min -6.1807   max +1.0212
  paths     steer +0.4000  speed +0.0639  terrain -0.0893  achievement +0.0180
  speed     avg 51.9 mph
  terrain   road 27% | mixed 72% | offroad 0%
  explore   ε=0.0500  σ=0.0446
  model     fitted  updates=13958

[03:19]  frames 14101–14400
  reward    avg -0.6556   min -9.1082   max +1.0942
  paths     steer +0.4000  speed +0.3178  terrain -1.5353  achievement +0.0255
  speed     avg 69.0 mph
  terrain   road 13% | mixed 67% | offroad 19%
  explore   ε=0.0500  σ=0.0433
  model     fitted  updates=14258

[03:23]  frames 14401–14700
  reward    avg -6.2452   min -9.4198   max +1.1568
  paths     steer +0.4000  speed +0.3012  terrain -7.1181  achievement +0.0320
  speed     avg 63.6 mph
  terrain   road 2% | mixed 16% | offroad 81%
  explore   ε=0.0500  σ=0.0420
  model     fitted  updates=14558

[03:27]  frames 14701–15000
  reward    avg -7.2337   min -9.2395   max +1.0877
  paths     steer +0.4000  speed +0.3181  terrain -8.1167  achievement +0.0285
  speed     avg 68.5 mph
  terrain   road 4% | mixed 9% | offroad 86%
  explore   ε=0.0500  σ=0.0407
  model     fitted  updates=14858

[03:31]  frames 15001–15300
  reward    avg -10.1656   min -11.9901   max -8.4598
  paths     steer +0.3238  speed +0.1332  terrain -10.7828  achievement +0.0250
  speed     avg 60.6 mph
  terrain   offroad 100%
  explore   ε=0.0500  σ=0.0400
  model     fitted  updates=15158

[03:36]  frames 15301–15600
  reward    avg -10.0914   min -12.3225   max -6.2231
  paths     steer +0.2957  speed -0.8543  terrain -9.8617  achievement +0.0102
  speed     avg 18.4 mph
  terrain   offroad 100%
  explore   ε=0.0500  σ=0.0400
  model     fitted  updates=15458
  stuck     1 event(s) this interval

[03:40]  frames 15601–15900
  reward    avg -3.7880   min -9.4654   max +0.6676
  paths     steer +0.4000  speed +0.0748  terrain -4.4626  achievement +0.0148
  speed     avg 46.5 mph
  terrain   mixed 49% | offroad 50%
  explore   ε=0.0500  σ=0.0400
  model     fitted  updates=15758

[03:44]  frames 15901–16200
  reward    avg -2.9967   min -9.4617   max +0.6632
  paths     steer +0.4000  speed +0.0639  terrain -3.6621  achievement +0.0143
  speed     avg 50.3 mph
  terrain   mixed 55% | offroad 44%
  explore   ε=0.0500  σ=0.0400
  model     fitted  updates=16058

[03:48]  frames 16201–16500
  reward    avg -4.5933   min -9.4769   max +0.6600
  paths     steer +0.4000  speed +0.0624  terrain -5.2575  achievement +0.0143
  speed     avg 49.3 mph
  terrain   mixed 43% | offroad 56%
  explore   ε=0.0500  σ=0.0400
  model     fitted  updates=16358

[03:52]  frames 16501–16800
  reward    avg -2.2094   min -9.4365   max +0.7092
  paths     steer +0.4000  speed +0.0528  terrain -2.8637  achievement +0.0120
  speed     avg 49.7 mph
  terrain   mixed 67% | offroad 32%
  explore   ε=0.0500  σ=0.0400
  model     fitted  updates=16658

[03:56]  frames 16801–17100
  reward    avg -9.2376   min -9.4359   max -6.1864
  paths     steer +0.4000  speed +0.0769  terrain -9.9100  achievement +0.0109
  speed     avg 50.5 mph
  terrain   offroad 100%
  explore   ε=0.0500  σ=0.0400
  model     fitted  updates=16958

[04:01]  frames 17101–17400
  reward    avg -2.3570   min -9.4587   max +0.6631
  paths     steer +0.4000  speed +0.0757  terrain -3.0272  achievement +0.0096
  speed     avg 50.7 mph
  terrain   mixed 61% | offroad 38%
  explore   ε=0.0500  σ=0.0400
  model     fitted  updates=17258

[04:05]  frames 17401–17700
  reward    avg -2.5389   min -9.4312   max +0.6596
  paths     steer +0.4000  speed +0.0645  terrain -3.2008  achievement +0.0102
  speed     avg 50.6 mph
  terrain   mixed 66% | offroad 33%
  explore   ε=0.0500  σ=0.0400
  model     fitted  updates=17558

[04:09]  frames 17701–18000
  reward    avg -0.2836   min -9.4490   max +0.6655
  paths     steer +0.4000  speed +0.0730  terrain -0.9497  achievement +0.0078
  speed     avg 51.2 mph
  terrain   mixed 89% | offroad 10%
  explore   ε=0.0500  σ=0.0400
  model     fitted  updates=17858

[04:13]  frames 18001–18300
  reward    avg +0.1317   min -9.4699   max +1.0149
  paths     steer +0.4000  speed +0.0569  terrain -0.5239  achievement +0.0101
  speed     avg 51.7 mph
  terrain   road 37% | mixed 55% | offroad 7%
  explore   ε=0.0500  σ=0.0400
  model     fitted  updates=18158

[04:17]  frames 18301–18600
  reward    avg -4.4021   min -12.1048   max +0.8656
  paths     steer +0.1573  speed -0.7466  terrain -4.0636  achievement +0.0228
  speed     avg 20.4 mph
  terrain   road 5% | mixed 6% | offroad 48% | unknown 39%
  explore   ε=0.0500  σ=0.0400
  model     fitted  updates=18458
  stuck     4 event(s) this interval

[04:21]  frames 18601–18900
  reward    avg -11.1776   min -15.5160   max -7.1384
  paths     steer +0.3533  speed -1.0563  terrain -10.8727  achievement +0.0101
  speed     avg 19.7 mph
  terrain   offroad 100%
  explore   ε=0.0500  σ=0.0400
  model     fitted  updates=18758

[04:26]  frames 18901–19200
  reward    avg -3.8907   min -12.1063   max +1.0595
  paths     steer +0.4000  speed -0.3541  terrain -4.2178  achievement +0.0103
  speed     avg 36.1 mph
  terrain   road 26% | mixed 19% | offroad 55%
  explore   ε=0.0500  σ=0.0400
  model     fitted  updates=19058

[04:30]  frames 19201–19500
  reward    avg +0.2323   min -6.3086   max +1.1407
  paths     steer +0.4000  speed +0.3243  terrain -0.6492  achievement +0.0220
  speed     avg 71.0 mph
  terrain   road 26% | mixed 65% | offroad 8%
  explore   ε=0.0500  σ=0.0400
  model     fitted  updates=19358

[04:34]  frames 19501–19800
  reward    avg +0.3639   min -9.0683   max +1.1705
  paths     steer +0.4000  speed +0.4080  terrain -0.5972  achievement +0.0347
  speed     avg 97.5 mph
  terrain   road 24% | mixed 69% | offroad 6%
  explore   ε=0.0500  σ=0.0400
  model     fitted  updates=19658

[04:38]  frames 19801–20100
  reward    avg -5.5548   min -9.1732   max +1.0915
  paths     steer +0.4000  speed +0.4368  terrain -6.5446  achievement +0.0405
  speed     avg 105.8 mph
  terrain   mixed 27% | offroad 72%
  explore   ε=0.0500  σ=0.0400
  model     fitted  updates=19958

[04:42]  frames 20101–20400
  reward    avg -2.1846   min -9.1329   max +1.2011
  paths     steer +0.4000  speed +0.4436  terrain -3.1684  achievement +0.0290
  speed     avg 108.9 mph
  terrain   road 16% | mixed 47% | offroad 36%
  explore   ε=0.0500  σ=0.0400
  model     fitted  updates=20258

[04:46]  frames 20401–20700
  reward    avg -1.9131   min -10.6501   max +1.2749
  paths     steer +0.3720  speed +0.4077  terrain -2.8276  achievement +0.0303
  speed     avg 103.8 mph
  terrain   road 33% | mixed 31% | offroad 35%
  explore   ε=0.0500  σ=0.0400
  model     fitted  updates=20558

[04:51]  frames 20701–21000
  reward    avg -0.8128   min -9.2606   max +1.3130
  paths     steer +0.4000  speed +0.4324  terrain -1.7766  achievement +0.0179
  speed     avg 105.4 mph
  terrain   road 52% | mixed 25% | offroad 22%
  explore   ε=0.0500  σ=0.0400
  model     fitted  updates=20858

[04:55]  frames 21001–21300
  reward    avg -4.3266   min -9.1765   max +1.1730
  paths     steer +0.4000  speed +0.4638  terrain -5.3215  achievement +0.0239
  speed     avg 113.8 mph
  terrain   road 14% | mixed 21% | offroad 63%
  explore   ε=0.0500  σ=0.0400
  model     fitted  updates=21158

[04:59]  frames 21301–21600
  reward    avg +0.7549   min -6.0931   max +1.5061
  paths     steer +0.4000  speed +0.5039  terrain -0.2796  achievement +0.0313
  speed     avg 127.4 mph
  terrain   road 13% | mixed 84% | offroad 2%
  explore   ε=0.0500  σ=0.0400
  model     fitted  updates=21458

[05:03]  frames 21601–21900
  reward    avg -3.6351   min -9.2452   max +1.2074
  paths     steer +0.4000  speed +0.4846  terrain -4.6459  achievement +0.0231
  speed     avg 120.8 mph
  terrain   road 4% | mixed 46% | offroad 49%
  explore   ε=0.0500  σ=0.0400
  model     fitted  updates=21758

[05:06]  frames 21901–22138
  reward    avg -5.3614   min -9.2204   max +0.9333
  paths     steer +0.4000  speed +0.4696  terrain -6.3598  achievement +0.0227
  speed     avg 117.1 mph
  terrain   mixed 31% | offroad 68%
  explore   ε=0.0500  σ=0.0400
  model     fitted  updates=21844


SESSION END  total_frames=22138  updates=21844  elapsed=00:05:06
