================================================================================
  FORZA AI — SELF-TRAINING SESSION LOG
  started  : 2026-05-04 19:43:11
  online   : models\driving\fh5-driving-online.joblib
  mode     : mixed  |  terrain: road  |  tx: manual
  features : 160
================================================================================

VISION SAMPLES  dir=data\vision_samples\session_2026-05-04_19-43-11

VISION SAMPLE  sample_id=20260504_194315_00000357_0001  frame=357  roi=data\vision_samples\session_2026-05-04_19-43-11\images\20260504_194315_00000357_0001_roi.png

VISION SAMPLE  sample_id=20260504_194320_00000714_0002  frame=714  roi=data\vision_samples\session_2026-05-04_19-43-11\images\20260504_194320_00000714_0002_roi.png

VISION SAMPLE  sample_id=20260504_194326_00001128_0003  frame=1128  roi=data\vision_samples\session_2026-05-04_19-43-11\images\20260504_194326_00001128_0003_roi.png
[00:15]  frames 1–1200
  reward    avg -0.1836   min -2.0434   max +1.5082
  paths     steer +0.2193  speed -0.7812  terrain +0.1053  achievement +0.0071
  speed     avg 16.1 mph
  terrain   road 98% | unknown 1%
  explore   ε=0.1285  σ=0.1666
  model     fitted  updates=774
  stuck     2 event(s) this interval
  crash     2 event(s) this interval

[00:19]  frames 1201–1500
  reward    avg -4.3144   min -21.4196   max +1.5525
  paths     steer +0.4358  speed +0.0195  terrain -4.9010  achievement -0.0827
  speed     avg 38.2 mph
  terrain   road 66% | mixed 0% | offroad 32%
  explore   ε=0.1216  σ=0.1621
  model     fitted  updates=1048
  crash     1 event(s) this interval


VISION SAMPLE  sample_id=20260504_194331_00001501_0004  frame=1501  roi=data\vision_samples\session_2026-05-04_19-43-11\images\20260504_194331_00001501_0004_roi.png

VISION SAMPLE  sample_id=20260504_194334_00001752_0005  frame=1752  roi=data\vision_samples\session_2026-05-04_19-43-11\images\20260504_194334_00001752_0005_roi.png

VISION SAMPLE  sample_id=20260504_194341_00002186_0006  frame=2186  roi=data\vision_samples\session_2026-05-04_19-43-11\images\20260504_194341_00002186_0006_roi.png

VISION SAMPLE  sample_id=20260504_194347_00002657_0007  frame=2657  roi=data\vision_samples\session_2026-05-04_19-43-11\images\20260504_194347_00002657_0007_roi.png

VISION SAMPLE  sample_id=20260504_194351_00002976_0008  frame=2976  roi=data\vision_samples\session_2026-05-04_19-43-11\images\20260504_194351_00002976_0008_roi.png

VISION SAMPLE  sample_id=20260504_194358_00003476_0009  frame=3476  roi=data\vision_samples\session_2026-05-04_19-43-11\images\20260504_194358_00003476_0009_roi.png

VISION SAMPLE  sample_id=20260504_194403_00003825_0010  frame=3825  roi=data\vision_samples\session_2026-05-04_19-43-11\images\20260504_194403_00003825_0010_roi.png

VISION SAMPLE  sample_id=20260504_194408_00004141_0011  frame=4141  roi=data\vision_samples\session_2026-05-04_19-43-11\images\20260504_194408_00004141_0011_roi.png

VISION SAMPLE  sample_id=20260504_194412_00004464_0012  frame=4464  roi=data\vision_samples\session_2026-05-04_19-43-11\images\20260504_194412_00004464_0012_roi.png

VISION SAMPLE  sample_id=20260504_194419_00004929_0013  frame=4929  roi=data\vision_samples\session_2026-05-04_19-43-11\images\20260504_194419_00004929_0013_roi.png

VISION SAMPLE  sample_id=20260504_194425_00005361_0014  frame=5361  roi=data\vision_samples\session_2026-05-04_19-43-11\images\20260504_194425_00005361_0014_roi.png

VISION SAMPLE  sample_id=20260504_194429_00005672_0015  frame=5672  roi=data\vision_samples\session_2026-05-04_19-43-11\images\20260504_194429_00005672_0015_roi.png
[01:18]  frames 1501–5700
  reward    avg -0.5289   min -20.7292   max +1.4494
  paths     steer +0.1758  speed -0.2952  terrain -0.5750  achievement +0.0186
  speed     avg 11.3 mph
  terrain   road 58% | offroad 3% | unknown 37%
  explore   ε=0.0970  σ=0.1447
  model     fitted  updates=2180
  stuck     1 event(s) this interval


VISION SAMPLE  sample_id=20260504_194433_00005997_0016  frame=5997  roi=data\vision_samples\session_2026-05-04_19-43-11\images\20260504_194433_00005997_0016_roi.png

VISION SAMPLE  sample_id=20260504_194440_00006489_0017  frame=6489  roi=data\vision_samples\session_2026-05-04_19-43-11\images\20260504_194440_00006489_0017_roi.png

VISION SAMPLE  sample_id=20260504_194443_00006710_0018  frame=6710  roi=data\vision_samples\session_2026-05-04_19-43-11\images\20260504_194443_00006710_0018_roi.png

VISION SAMPLE  sample_id=20260504_194447_00006953_0019  frame=6953  roi=data\vision_samples\session_2026-05-04_19-43-11\images\20260504_194447_00006953_0019_roi.png

VISION SAMPLE  sample_id=20260504_194451_00007250_0020  frame=7250  roi=data\vision_samples\session_2026-05-04_19-43-11\images\20260504_194451_00007250_0020_roi.png

VISION SAMPLE  sample_id=20260504_194455_00007531_0021  frame=7531  roi=data\vision_samples\session_2026-05-04_19-43-11\images\20260504_194455_00007531_0021_roi.png

VISION SAMPLE  sample_id=20260504_194501_00007959_0022  frame=7959  roi=data\vision_samples\session_2026-05-04_19-43-11\images\20260504_194501_00007959_0022_roi.png
[01:51]  frames 5701–8100
  reward    avg -2.6923   min -21.8435   max +0.0129
  paths     steer +0.0251  speed -0.8687  terrain -1.8400  achievement -0.1949
  speed     avg 1.9 mph
  terrain   road 16% | offroad 9% | unknown 73%
  explore   ε=0.0806  σ=0.1319
  model     fitted  updates=3106
  stuck     5 event(s) this interval


VISION SAMPLE  sample_id=20260504_194507_00008399_0023  frame=8399  roi=data\vision_samples\session_2026-05-04_19-43-11\images\20260504_194507_00008399_0023_roi.png

VISION SAMPLE  sample_id=20260504_194512_00008756_0024  frame=8756  roi=data\vision_samples\session_2026-05-04_19-43-11\images\20260504_194512_00008756_0024_roi.png

VISION SAMPLE  sample_id=20260504_194518_00009204_0025  frame=9204  roi=data\vision_samples\session_2026-05-04_19-43-11\images\20260504_194518_00009204_0025_roi.png

VISION SAMPLE  sample_id=20260504_194524_00009615_0026  frame=9615  roi=data\vision_samples\session_2026-05-04_19-43-11\images\20260504_194524_00009615_0026_roi.png

VISION SAMPLE  sample_id=20260504_194527_00009886_0027  frame=9886  roi=data\vision_samples\session_2026-05-04_19-43-11\images\20260504_194527_00009886_0027_roi.png

VISION SAMPLE  sample_id=20260504_194531_00010171_0028  frame=10171  roi=data\vision_samples\session_2026-05-04_19-43-11\images\20260504_194531_00010171_0028_roi.png
[02:20]  frames 8101–10200
  reward    avg +0.1327   min -1.0255   max +1.2123
  paths     steer +0.1467  speed -0.2716  terrain +0.1178  achievement +0.0121
  speed     avg 8.1 mph
  terrain   road 100%
  explore   ε=0.0720  σ=0.1247
  model     fitted  updates=3668


VISION SAMPLE  sample_id=20260504_194538_00010642_0029  frame=10642  roi=data\vision_samples\session_2026-05-04_19-43-11\images\20260504_194538_00010642_0029_roi.png

VISION SAMPLE  sample_id=20260504_194542_00010920_0030  frame=10920  roi=data\vision_samples\session_2026-05-04_19-43-11\images\20260504_194542_00010920_0030_roi.png

VISION SAMPLE  sample_id=20260504_194548_00011368_0031  frame=11368  roi=data\vision_samples\session_2026-05-04_19-43-11\images\20260504_194548_00011368_0031_roi.png
[02:37]  frames 10201–11400
  reward    avg -0.0361   min -0.8520   max +0.2946
  paths     steer +0.0464  speed -0.3525  terrain +0.1691  achievement +0.0072
  speed     avg 1.0 mph
  terrain   road 100%
  explore   ε=0.0683  σ=0.1215
  model     fitted  updates=3932


VISION SAMPLE  sample_id=20260504_194554_00011769_0032  frame=11769  roi=data\vision_samples\session_2026-05-04_19-43-11\images\20260504_194554_00011769_0032_roi.png

VISION SAMPLE  sample_id=20260504_194557_00012040_0033  frame=12040  roi=data\vision_samples\session_2026-05-04_19-43-11\images\20260504_194557_00012040_0033_roi.png

VISION SAMPLE  sample_id=20260504_194604_00012517_0034  frame=12517  roi=data\vision_samples\session_2026-05-04_19-43-11\images\20260504_194604_00012517_0034_roi.png

VISION SAMPLE  sample_id=20260504_194610_00012951_0035  frame=12951  roi=data\vision_samples\session_2026-05-04_19-43-11\images\20260504_194610_00012951_0035_roi.png

VISION SAMPLE  sample_id=20260504_194616_00013385_0036  frame=13385  roi=data\vision_samples\session_2026-05-04_19-43-11\images\20260504_194616_00013385_0036_roi.png

VISION SAMPLE  sample_id=20260504_194622_00013850_0037  frame=13850  roi=data\vision_samples\session_2026-05-04_19-43-11\images\20260504_194622_00013850_0037_roi.png

VISION SAMPLE  sample_id=20260504_194629_00014323_0038  frame=14323  roi=data\vision_samples\session_2026-05-04_19-43-11\images\20260504_194629_00014323_0038_roi.png

VISION SAMPLE  sample_id=20260504_194635_00014742_0039  frame=14742  roi=data\vision_samples\session_2026-05-04_19-43-11\images\20260504_194635_00014742_0039_roi.png

VISION SAMPLE  sample_id=20260504_194639_00015047_0040  frame=15047  roi=data\vision_samples\session_2026-05-04_19-43-11\images\20260504_194639_00015047_0040_roi.png

VISION SAMPLE  sample_id=20260504_194646_00015529_0041  frame=15529  roi=data\vision_samples\session_2026-05-04_19-43-11\images\20260504_194646_00015529_0041_roi.png

VISION SAMPLE  sample_id=20260504_194649_00015761_0042  frame=15761  roi=data\vision_samples\session_2026-05-04_19-43-11\images\20260504_194649_00015761_0042_roi.png

VISION SAMPLE  sample_id=20260504_194653_00016013_0043  frame=16013  roi=data\vision_samples\session_2026-05-04_19-43-11\images\20260504_194653_00016013_0043_roi.png

VISION SAMPLE  sample_id=20260504_194657_00016319_0044  frame=16319  roi=data\vision_samples\session_2026-05-04_19-43-11\images\20260504_194657_00016319_0044_roi.png

VISION SAMPLE  sample_id=20260504_194703_00016737_0045  frame=16737  roi=data\vision_samples\session_2026-05-04_19-43-11\images\20260504_194703_00016737_0045_roi.png

VISION SAMPLE  sample_id=20260504_194708_00017091_0046  frame=17091  roi=data\vision_samples\session_2026-05-04_19-43-11\images\20260504_194708_00017091_0046_roi.png

VISION SAMPLE  sample_id=20260504_194712_00017379_0047  frame=17379  roi=data\vision_samples\session_2026-05-04_19-43-11\images\20260504_194712_00017379_0047_roi.png

VISION SAMPLE  sample_id=20260504_194715_00017628_0048  frame=17628  roi=data\vision_samples\session_2026-05-04_19-43-11\images\20260504_194715_00017628_0048_roi.png

VISION SAMPLE  sample_id=20260504_194720_00017970_0049  frame=17970  roi=data\vision_samples\session_2026-05-04_19-43-11\images\20260504_194720_00017970_0049_roi.png

VISION SAMPLE  sample_id=20260504_194725_00018354_0050  frame=18354  roi=data\vision_samples\session_2026-05-04_19-43-11\images\20260504_194725_00018354_0050_roi.png

VISION SAMPLE  sample_id=20260504_194730_00018738_0051  frame=18738  roi=data\vision_samples\session_2026-05-04_19-43-11\images\20260504_194730_00018738_0051_roi.png

VISION SAMPLE  sample_id=20260504_194734_00018988_0052  frame=18988  roi=data\vision_samples\session_2026-05-04_19-43-11\images\20260504_194734_00018988_0052_roi.png

VISION SAMPLE  sample_id=20260504_194741_00019476_0053  frame=19476  roi=data\vision_samples\session_2026-05-04_19-43-11\images\20260504_194741_00019476_0053_roi.png

VISION SAMPLE  sample_id=20260504_194745_00019801_0054  frame=19801  roi=data\vision_samples\session_2026-05-04_19-43-11\images\20260504_194745_00019801_0054_roi.png

VISION SAMPLE  sample_id=20260504_194749_00020071_0055  frame=20071  roi=data\vision_samples\session_2026-05-04_19-43-11\images\20260504_194749_00020071_0055_roi.png

VISION SAMPLE  sample_id=20260504_194753_00020355_0056  frame=20355  roi=data\vision_samples\session_2026-05-04_19-43-11\images\20260504_194753_00020355_0056_roi.png

VISION SAMPLE  sample_id=20260504_194757_00020624_0057  frame=20624  roi=data\vision_samples\session_2026-05-04_19-43-11\images\20260504_194757_00020624_0057_roi.png

VISION SAMPLE  sample_id=20260504_194802_00021021_0058  frame=21021  roi=data\vision_samples\session_2026-05-04_19-43-11\images\20260504_194802_00021021_0058_roi.png

VISION SAMPLE  sample_id=20260504_194807_00021386_0059  frame=21386  roi=data\vision_samples\session_2026-05-04_19-43-11\images\20260504_194807_00021386_0059_roi.png

VISION SAMPLE  sample_id=20260504_194814_00021879_0060  frame=21879  roi=data\vision_samples\session_2026-05-04_19-43-11\images\20260504_194814_00021879_0060_roi.png

VISION SAMPLE  sample_id=20260504_194820_00022307_0061  frame=22307  roi=data\vision_samples\session_2026-05-04_19-43-11\images\20260504_194820_00022307_0061_roi.png

VISION SAMPLE  sample_id=20260504_194823_00022550_0062  frame=22550  roi=data\vision_samples\session_2026-05-04_19-43-11\images\20260504_194823_00022550_0062_roi.png

VISION SAMPLE  sample_id=20260504_194830_00022999_0063  frame=22999  roi=data\vision_samples\session_2026-05-04_19-43-11\images\20260504_194830_00022999_0063_roi.png

VISION SAMPLE  sample_id=20260504_194833_00023225_0064  frame=23225  roi=data\vision_samples\session_2026-05-04_19-43-11\images\20260504_194833_00023225_0064_roi.png

VISION SAMPLE  sample_id=20260504_194836_00023445_0065  frame=23445  roi=data\vision_samples\session_2026-05-04_19-43-11\images\20260504_194836_00023445_0065_roi.png

VISION SAMPLE  sample_id=20260504_194841_00023851_0066  frame=23851  roi=data\vision_samples\session_2026-05-04_19-43-11\images\20260504_194841_00023851_0066_roi.png

VISION SAMPLE  sample_id=20260504_194846_00024205_0067  frame=24205  roi=data\vision_samples\session_2026-05-04_19-43-11\images\20260504_194846_00024205_0067_roi.png

VISION SAMPLE  sample_id=20260504_194849_00024431_0068  frame=24431  roi=data\vision_samples\session_2026-05-04_19-43-11\images\20260504_194849_00024431_0068_roi.png

VISION SAMPLE  sample_id=20260504_194854_00024781_0069  frame=24781  roi=data\vision_samples\session_2026-05-04_19-43-11\images\20260504_194854_00024781_0069_roi.png

VISION SAMPLE  sample_id=20260504_194859_00025085_0070  frame=25085  roi=data\vision_samples\session_2026-05-04_19-43-11\images\20260504_194859_00025085_0070_roi.png

VISION SAMPLE  sample_id=20260504_194902_00025360_0071  frame=25360  roi=data\vision_samples\session_2026-05-04_19-43-11\images\20260504_194902_00025360_0071_roi.png

VISION SAMPLE  sample_id=20260504_194908_00025773_0072  frame=25773  roi=data\vision_samples\session_2026-05-04_19-43-11\images\20260504_194908_00025773_0072_roi.png
[05:57]  frames 11401–25800
  reward    avg -2.8285   min -21.9710   max +0.4470
  paths     steer +0.0340  speed -0.2753  terrain -2.6653  achievement +0.0061
  speed     avg 1.8 mph
  terrain   road 37% | mixed 46% | offroad 11% | unknown 4%
  explore   ε=0.0500  σ=0.0896
  model     fitted  updates=6980


VISION SAMPLE  sample_id=20260504_194913_00026106_0073  frame=26106  roi=data\vision_samples\session_2026-05-04_19-43-11\images\20260504_194913_00026106_0073_roi.png

VISION SAMPLE  sample_id=20260504_194916_00026327_0074  frame=26327  roi=data\vision_samples\session_2026-05-04_19-43-11\images\20260504_194916_00026327_0074_roi.png

VISION SAMPLE  sample_id=20260504_194920_00026641_0075  frame=26641  roi=data\vision_samples\session_2026-05-04_19-43-11\images\20260504_194920_00026641_0075_roi.png

VISION SAMPLE  sample_id=20260504_194926_00027061_0076  frame=27061  roi=data\vision_samples\session_2026-05-04_19-43-11\images\20260504_194926_00027061_0076_roi.png

VISION SAMPLE  sample_id=20260504_194932_00027493_0077  frame=27493  roi=data\vision_samples\session_2026-05-04_19-43-11\images\20260504_194932_00027493_0077_roi.png

VISION SAMPLE  sample_id=20260504_194938_00027893_0078  frame=27893  roi=data\vision_samples\session_2026-05-04_19-43-11\images\20260504_194938_00027893_0078_roi.png

VISION SAMPLE  sample_id=20260504_194944_00028345_0079  frame=28345  roi=data\vision_samples\session_2026-05-04_19-43-11\images\20260504_194944_00028345_0079_roi.png

VISION SAMPLE  sample_id=20260504_194951_00028849_0080  frame=28849  roi=data\vision_samples\session_2026-05-04_19-43-11\images\20260504_194951_00028849_0080_roi.png

VISION SAMPLE  sample_id=20260504_194955_00029176_0081  frame=29176  roi=data\vision_samples\session_2026-05-04_19-43-11\images\20260504_194955_00029176_0081_roi.png
[06:47]  frames 25801–29400
  reward    avg -15.3364   min -25.9055   max +0.9649
  paths     steer +0.0273  speed -0.4432  terrain -15.0191  achievement -0.0037
  speed     avg 1.8 mph
  terrain   road 13% | mixed 13% | offroad 71% | unknown 1%
  explore   ε=0.0500  σ=0.0820
  model     fitted  updates=7865
  stuck     2 event(s) this interval


VISION SAMPLE  sample_id=20260504_195000_00029496_0082  frame=29496  roi=data\vision_samples\session_2026-05-04_19-43-11\images\20260504_195000_00029496_0082_roi.png
[06:51]  frames 29401–29700
  reward    avg +0.8550   min -0.1620   max +1.6010
  paths     steer +0.4926  speed -0.1377  terrain +0.1911  achievement +0.0352
  speed     avg 34.8 mph
  terrain   road 100%
  explore   ε=0.0500  σ=0.0801
  model     fitted  updates=8100


VISION SAMPLE  sample_id=20260504_195006_00029928_0083  frame=29928  roi=data\vision_samples\session_2026-05-04_19-43-11\images\20260504_195006_00029928_0083_roi.png
[06:55]  frames 29701–30000
  reward    avg +1.3408   min -0.8492   max +1.7772
  paths     steer +0.5224  speed +0.3559  terrain +0.1939  achievement +0.0786
  speed     avg 95.7 mph
  terrain   road 100%
  explore   ε=0.0500  σ=0.0777
  model     fitted  updates=8400
  crash     1 event(s) this interval


VISION SAMPLE  sample_id=20260504_195009_00030192_0084  frame=30192  roi=data\vision_samples\session_2026-05-04_19-43-11\images\20260504_195009_00030192_0084_roi.png
[06:59]  frames 30001–30300
  reward    avg +1.1619   min -1.3263   max +1.7171
  paths     steer +0.5150  speed +0.4306  terrain +0.1785  achievement -0.1336
  speed     avg 132.5 mph
  terrain   road 100%
  explore   ε=0.0500  σ=0.0754
  model     fitted  updates=8700
  crash     1 event(s) this interval


VISION SAMPLE  sample_id=20260504_195013_00030451_0085  frame=30451  roi=data\vision_samples\session_2026-05-04_19-43-11\images\20260504_195013_00030451_0085_roi.png
[07:03]  frames 30301–30600
  reward    avg +1.0885   min -1.0872   max +1.5955
  paths     steer +0.5407  speed +0.3350  terrain +0.1870  achievement -0.1776
  speed     avg 112.7 mph
  terrain   road 100%
  explore   ε=0.0500  σ=0.0733
  model     fitted  updates=8983
  crash     2 event(s) this interval


VISION SAMPLE  sample_id=20260504_195018_00030811_0086  frame=30811  roi=data\vision_samples\session_2026-05-04_19-43-11\images\20260504_195018_00030811_0086_roi.png
[07:08]  frames 30601–30900
  reward    avg -2.0804   min -17.2381   max +1.4981
  paths     steer +0.4630  speed +0.4005  terrain -2.6425  achievement -0.4528
  speed     avg 95.3 mph
  terrain   road 79% | offroad 20%
  explore   ε=0.0500  σ=0.0715
  model     fitted  updates=9231
  crash     5 event(s) this interval


VISION SAMPLE  sample_id=20260504_195023_00031193_0087  frame=31193  roi=data\vision_samples\session_2026-05-04_19-43-11\images\20260504_195023_00031193_0087_roi.png

VISION SAMPLE  sample_id=20260504_195027_00031430_0088  frame=31430  roi=data\vision_samples\session_2026-05-04_19-43-11\images\20260504_195027_00031430_0088_roi.png

VISION SAMPLE  sample_id=20260504_195032_00031787_0089  frame=31787  roi=data\vision_samples\session_2026-05-04_19-43-11\images\20260504_195032_00031787_0089_roi.png

VISION SAMPLE  sample_id=20260504_195037_00032206_0090  frame=32206  roi=data\vision_samples\session_2026-05-04_19-43-11\images\20260504_195037_00032206_0090_roi.png

VISION SAMPLE  sample_id=20260504_195041_00032430_0091  frame=32430  roi=data\vision_samples\session_2026-05-04_19-43-11\images\20260504_195041_00032430_0091_roi.png

VISION SAMPLE  sample_id=20260504_195046_00032829_0092  frame=32829  roi=data\vision_samples\session_2026-05-04_19-43-11\images\20260504_195046_00032829_0092_roi.png

VISION SAMPLE  sample_id=20260504_195050_00033129_0093  frame=33129  roi=data\vision_samples\session_2026-05-04_19-43-11\images\20260504_195050_00033129_0093_roi.png

VISION SAMPLE  sample_id=20260504_195054_00033376_0094  frame=33376  roi=data\vision_samples\session_2026-05-04_19-43-11\images\20260504_195054_00033376_0094_roi.png

VISION SAMPLE  sample_id=20260504_195058_00033661_0095  frame=33661  roi=data\vision_samples\session_2026-05-04_19-43-11\images\20260504_195058_00033661_0095_roi.png
[07:49]  frames 30901–33900
  reward    avg +0.2931   min -2.2702   max +1.3847
  paths     steer +0.1703  speed -0.1076  terrain +0.1172  achievement +0.0066
  speed     avg 19.1 mph
  terrain   road 95% | unknown 4%
  explore   ε=0.0500  σ=0.0651
  model     fitted  updates=10169
  crash     1 event(s) this interval


VISION SAMPLE  sample_id=20260504_195101_00033932_0096  frame=33932  roi=data\vision_samples\session_2026-05-04_19-43-11\images\20260504_195101_00033932_0096_roi.png

VISION SAMPLE  sample_id=20260504_195105_00034209_0097  frame=34209  roi=data\vision_samples\session_2026-05-04_19-43-11\images\20260504_195105_00034209_0097_roi.png

VISION SAMPLE  sample_id=20260504_195112_00034677_0098  frame=34677  roi=data\vision_samples\session_2026-05-04_19-43-11\images\20260504_195112_00034677_0098_roi.png

VISION SAMPLE  sample_id=20260504_195117_00035061_0099  frame=35061  roi=data\vision_samples\session_2026-05-04_19-43-11\images\20260504_195117_00035061_0099_roi.png

VISION SAMPLE  sample_id=20260504_195122_00035418_0100  frame=35418  roi=data\vision_samples\session_2026-05-04_19-43-11\images\20260504_195122_00035418_0100_roi.png

VISION SAMPLE  sample_id=20260504_195129_00035881_0101  frame=35881  roi=data\vision_samples\session_2026-05-04_19-43-11\images\20260504_195129_00035881_0101_roi.png

VISION SAMPLE  sample_id=20260504_195132_00036117_0102  frame=36117  roi=data\vision_samples\session_2026-05-04_19-43-11\images\20260504_195132_00036117_0102_roi.png

VISION SAMPLE  sample_id=20260504_195136_00036428_0103  frame=36428  roi=data\vision_samples\session_2026-05-04_19-43-11\images\20260504_195136_00036428_0103_roi.png

VISION SAMPLE  sample_id=20260504_195140_00036728_0104  frame=36728  roi=data\vision_samples\session_2026-05-04_19-43-11\images\20260504_195140_00036728_0104_roi.png

VISION SAMPLE  sample_id=20260504_195144_00036979_0105  frame=36979  roi=data\vision_samples\session_2026-05-04_19-43-11\images\20260504_195144_00036979_0105_roi.png

VISION SAMPLE  sample_id=20260504_195150_00037456_0106  frame=37456  roi=data\vision_samples\session_2026-05-04_19-43-11\images\20260504_195150_00037456_0106_roi.png
[08:39]  frames 33901–37500
  reward    avg +0.2188   min -0.8727   max +1.2963
  paths     steer +0.1302  speed -0.2022  terrain +0.1747  achievement +0.0106
  speed     avg 7.1 mph
  terrain   road 100%
  explore   ε=0.0500  σ=0.0593
  model     fitted  updates=11109

[08:43]  frames 37501–37800
  reward    avg +1.1864   min -0.0104   max +1.5554
  paths     steer +0.5922  speed +0.0857  terrain +0.1871  achievement +0.0424
  speed     avg 42.3 mph
  terrain   road 100%
  explore   ε=0.0500  σ=0.0580
  model     fitted  updates=11330


VISION SAMPLE  sample_id=20260504_195157_00037901_0107  frame=37901  roi=data\vision_samples\session_2026-05-04_19-43-11\images\20260504_195157_00037901_0107_roi.png
[08:48]  frames 37801–38100
  reward    avg +1.3620   min +0.8918   max +1.7983
  paths     steer +0.6467  speed +0.1861  terrain +0.2000  achievement +0.0432
  speed     avg 62.5 mph
  terrain   road 100%
  explore   ε=0.0500  σ=0.0563
  model     fitted  updates=11630


VISION SAMPLE  sample_id=20260504_195201_00038191_0108  frame=38191  roi=data\vision_samples\session_2026-05-04_19-43-11\images\20260504_195201_00038191_0108_roi.png
[08:52]  frames 38101–38400
  reward    avg +1.5095   min +1.2086   max +1.7688
  paths     steer +0.6636  speed +0.3556  terrain +0.2000  achievement +0.0297
  speed     avg 101.2 mph
  terrain   road 100%
  explore   ε=0.0500  σ=0.0546
  model     fitted  updates=11930


VISION SAMPLE  sample_id=20260504_195204_00038418_0109  frame=38418  roi=data\vision_samples\session_2026-05-04_19-43-11\images\20260504_195204_00038418_0109_roi.png
[08:56]  frames 38401–38700
  reward    avg +1.5766   min +1.4379   max +1.7803
  paths     steer +0.6151  speed +0.5306  terrain +0.1998  achievement +0.0297
  speed     avg 135.7 mph
  terrain   road 100%
  explore   ε=0.0500  σ=0.0530
  model     fitted  updates=12230


VISION SAMPLE  sample_id=20260504_195209_00038774_0110  frame=38774  roi=data\vision_samples\session_2026-05-04_19-43-11\images\20260504_195209_00038774_0110_roi.png

VISION SAMPLE  sample_id=20260504_195212_00038997_0111  frame=38997  roi=data\vision_samples\session_2026-05-04_19-43-11\images\20260504_195212_00038997_0111_roi.png
[09:00]  frames 38701–39000
  reward    avg +1.5796   min +1.4360   max +1.7540
  paths     steer +0.6048  speed +0.5646  terrain +0.2000  achievement +0.0208
  speed     avg 150.9 mph
  terrain   road 100%
  explore   ε=0.0500  σ=0.0523
  model     fitted  updates=12358

[09:04]  frames 39001–39300
  reward    avg +1.4150   min -0.9109   max +1.8346
  paths     steer +0.5674  speed +0.5802  terrain +0.1920  achievement -0.0923
  speed     avg 155.2 mph
  terrain   road 100%
  explore   ε=0.0500  σ=0.0508
  model     fitted  updates=12658
  crash     2 event(s) this interval


VISION SAMPLE  sample_id=20260504_195217_00039341_0112  frame=39341  roi=data\vision_samples\session_2026-05-04_19-43-11\images\20260504_195217_00039341_0112_roi.png
[09:08]  frames 39301–39600
  reward    avg +1.5525   min -0.6052   max +1.7817
  paths     steer +0.6465  speed +0.5903  terrain +0.1936  achievement -0.0832
  speed     avg 162.0 mph
  terrain   road 100%
  explore   ε=0.0500  σ=0.0496
  model     fitted  updates=12886
  crash     2 event(s) this interval


VISION SAMPLE  sample_id=20260504_195221_00039631_0113  frame=39631  roi=data\vision_samples\session_2026-05-04_19-43-11\images\20260504_195221_00039631_0113_roi.png

VISION SAMPLE  sample_id=20260504_195226_00040033_0114  frame=40033  roi=data\vision_samples\session_2026-05-04_19-43-11\images\20260504_195226_00040033_0114_roi.png

VISION SAMPLE  sample_id=20260504_195231_00040381_0115  frame=40381  roi=data\vision_samples\session_2026-05-04_19-43-11\images\20260504_195231_00040381_0115_roi.png

VISION SAMPLE  sample_id=20260504_195234_00040608_0116  frame=40608  roi=data\vision_samples\session_2026-05-04_19-43-11\images\20260504_195234_00040608_0116_roi.png

VISION SAMPLE  sample_id=20260504_195254_00043363_0117  frame=43363  roi=data\vision_samples\session_2026-05-04_19-43-11\images\20260504_195254_00043363_0117_roi.png

VISION SAMPLE  sample_id=20260504_195301_00043976_0118  frame=43976  roi=data\vision_samples\session_2026-05-04_19-43-11\images\20260504_195301_00043976_0118_roi.png

VISION SAMPLE  sample_id=20260504_195305_00044259_0119  frame=44259  roi=data\vision_samples\session_2026-05-04_19-43-11\images\20260504_195305_00044259_0119_roi.png

VISION SAMPLE  sample_id=20260504_195310_00044637_0120  frame=44637  roi=data\vision_samples\session_2026-05-04_19-43-11\images\20260504_195310_00044637_0120_roi.png

VISION SAMPLE  sample_id=20260504_195315_00044971_0121  frame=44971  roi=data\vision_samples\session_2026-05-04_19-43-11\images\20260504_195315_00044971_0121_roi.png
[10:03]  frames 39601–45000
  reward    avg +1.5360   min +1.1502   max +1.8582
  paths     steer +0.6420  speed +0.4396  terrain +0.1989  achievement +0.0225
  speed     avg 123.3 mph
  terrain   road 100%
  explore   ε=0.0500  σ=0.0458
  model     fitted  updates=13679


VISION SAMPLE  sample_id=20260504_195321_00045421_0122  frame=45421  roi=data\vision_samples\session_2026-05-04_19-43-11\images\20260504_195321_00045421_0122_roi.png

VISION SAMPLE  sample_id=20260504_195325_00045711_0123  frame=45711  roi=data\vision_samples\session_2026-05-04_19-43-11\images\20260504_195325_00045711_0123_roi.png

VISION SAMPLE  sample_id=20260504_195329_00046010_0124  frame=46010  roi=data\vision_samples\session_2026-05-04_19-43-11\images\20260504_195329_00046010_0124_roi.png
[10:20]  frames 45001–46200
  reward    avg +0.5451   min -1.4839   max +1.4628
  paths     steer +0.4093  speed -0.2165  terrain +0.0849  achievement +0.0194
  speed     avg 20.8 mph
  terrain   road 100%
  explore   ε=0.0500  σ=0.0434
  model     fitted  updates=14234
  stuck     1 event(s) this interval


VISION SAMPLE  sample_id=20260504_195333_00046286_0125  frame=46286  roi=data\vision_samples\session_2026-05-04_19-43-11\images\20260504_195333_00046286_0125_roi.png
[10:24]  frames 46201–46500
  reward    avg +0.8484   min -1.1354   max +1.4070
  paths     steer +0.5038  speed +0.0716  terrain +0.0129  achievement +0.0225
  speed     avg 36.4 mph
  terrain   road 100%
  explore   ε=0.0500  σ=0.0421
  model     fitted  updates=14534


VISION SAMPLE  sample_id=20260504_195336_00046513_0126  frame=46513  roi=data\vision_samples\session_2026-05-04_19-43-11\images\20260504_195336_00046513_0126_roi.png
[10:28]  frames 46501–46800
  reward    avg +0.9012   min +0.0480   max +1.4509
  paths     steer +0.5302  speed +0.2595  terrain -0.1482  achievement +0.0465
  speed     avg 53.0 mph
  terrain   road 100%
  explore   ε=0.0500  σ=0.0411
  model     fitted  updates=14766


VISION SAMPLE  sample_id=20260504_195341_00046850_0127  frame=46850  roi=data\vision_samples\session_2026-05-04_19-43-11\images\20260504_195341_00046850_0127_roi.png

VISION SAMPLE  sample_id=20260504_195346_00047248_0128  frame=47248  roi=data\vision_samples\session_2026-05-04_19-43-11\images\20260504_195346_00047248_0128_roi.png

VISION SAMPLE  sample_id=20260504_195349_00047475_0129  frame=47475  roi=data\vision_samples\session_2026-05-04_19-43-11\images\20260504_195349_00047475_0129_roi.png

VISION SAMPLE  sample_id=20260504_195355_00047880_0130  frame=47880  roi=data\vision_samples\session_2026-05-04_19-43-11\images\20260504_195355_00047880_0130_roi.png

VISION SAMPLE  sample_id=20260504_195402_00048374_0131  frame=48374  roi=data\vision_samples\session_2026-05-04_19-43-11\images\20260504_195402_00048374_0131_roi.png

VISION SAMPLE  sample_id=20260504_195407_00048745_0132  frame=48745  roi=data\vision_samples\session_2026-05-04_19-43-11\images\20260504_195407_00048745_0132_roi.png

VISION SAMPLE  sample_id=20260504_195411_00049063_0133  frame=49063  roi=data\vision_samples\session_2026-05-04_19-43-11\images\20260504_195411_00049063_0133_roi.png

VISION SAMPLE  sample_id=20260504_195502_00056244_0134  frame=56244  roi=data\vision_samples\session_2026-05-04_19-43-11\images\20260504_195502_00056244_0134_roi.png

VISION SAMPLE  sample_id=20260504_195506_00056562_0135  frame=56562  roi=data\vision_samples\session_2026-05-04_19-43-11\images\20260504_195506_00056562_0135_roi.png

VISION SAMPLE  sample_id=20260504_195511_00056963_0136  frame=56963  roi=data\vision_samples\session_2026-05-04_19-43-11\images\20260504_195511_00056963_0136_roi.png
[12:04]  frames 46801–57300
  reward    avg +0.7427   min -0.5211   max +1.5508
  paths     steer +0.4146  speed -0.1084  terrain +0.1921  achievement +0.0154
  speed     avg 22.8 mph
  terrain   road 100%
  explore   ε=0.0500  σ=0.0400
  model     fitted  updates=15666


VISION SAMPLE  sample_id=20260504_195516_00057319_0137  frame=57319  roi=data\vision_samples\session_2026-05-04_19-43-11\images\20260504_195516_00057319_0137_roi.png

VISION SAMPLE  sample_id=20260504_195520_00057588_0138  frame=57588  roi=data\vision_samples\session_2026-05-04_19-43-11\images\20260504_195520_00057588_0138_roi.png
[12:09]  frames 57301–57600
  reward    avg +0.2473   min -0.9147   max +1.3614
  paths     steer +0.4318  speed -0.3465  terrain -0.1420  achievement +0.0187
  speed     avg 18.4 mph
  terrain   road 100%
  explore   ε=0.0500  σ=0.0400
  model     fitted  updates=15882


VISION SAMPLE  sample_id=20260504_195525_00057963_0139  frame=57963  roi=data\vision_samples\session_2026-05-04_19-43-11\images\20260504_195525_00057963_0139_roi.png
[12:17]  frames 57601–58200
  reward    avg -0.9373   min -3.9058   max +1.4026
  paths     steer +0.3151  speed -1.0578  terrain -0.2791  achievement -0.2847
  speed     avg 9.4 mph
  terrain   road 100%
  explore   ε=0.0500  σ=0.0400
  model     fitted  updates=16284
  stuck     1 event(s) this interval


VISION SAMPLE  sample_id=20260504_195532_00058436_0140  frame=58436  roi=data\vision_samples\session_2026-05-04_19-43-11\images\20260504_195532_00058436_0140_roi.png

VISION SAMPLE  sample_id=20260504_195545_00059917_0141  frame=59917  roi=data\vision_samples\session_2026-05-04_19-43-11\images\20260504_195545_00059917_0141_roi.png

VISION SAMPLE  sample_id=20260504_195549_00060139_0142  frame=60139  roi=data\vision_samples\session_2026-05-04_19-43-11\images\20260504_195549_00060139_0142_roi.png

VISION SAMPLE  sample_id=20260504_195554_00060571_0143  frame=60571  roi=data\vision_samples\session_2026-05-04_19-43-11\images\20260504_195554_00060571_0143_roi.png
[12:43]  frames 58201–60600
  reward    avg +0.4927   min -0.8515   max +1.4686
  paths     steer +0.4341  speed -0.4003  terrain +0.1524  achievement +0.0093
  speed     avg 12.4 mph
  terrain   road 100%
  explore   ε=0.0500  σ=0.0400
  model     fitted  updates=16787
  stuck     1 event(s) this interval


VISION SAMPLE  sample_id=20260504_195601_00061031_0144  frame=61031  roi=data\vision_samples\session_2026-05-04_19-43-11\images\20260504_195601_00061031_0144_roi.png

VISION SAMPLE  sample_id=20260504_195604_00061258_0145  frame=61258  roi=data\vision_samples\session_2026-05-04_19-43-11\images\20260504_195604_00061258_0145_roi.png

VISION SAMPLE  sample_id=20260504_195635_00065474_0146  frame=65474  roi=data\vision_samples\session_2026-05-04_19-43-11\images\20260504_195635_00065474_0146_roi.png

VISION SAMPLE  sample_id=20260504_195640_00065902_0147  frame=65902  roi=data\vision_samples\session_2026-05-04_19-43-11\images\20260504_195640_00065902_0147_roi.png

VISION SAMPLE  sample_id=20260504_195646_00066294_0148  frame=66294  roi=data\vision_samples\session_2026-05-04_19-43-11\images\20260504_195646_00066294_0148_roi.png

VISION SAMPLE  sample_id=20260504_195651_00066713_0149  frame=66713  roi=data\vision_samples\session_2026-05-04_19-43-11\images\20260504_195651_00066713_0149_roi.png

VISION SAMPLE  sample_id=20260504_195658_00067207_0150  frame=67207  roi=data\vision_samples\session_2026-05-04_19-43-11\images\20260504_195658_00067207_0150_roi.png

VISION SAMPLE  sample_id=20260504_195702_00067488_0151  frame=67488  roi=data\vision_samples\session_2026-05-04_19-43-11\images\20260504_195702_00067488_0151_roi.png

VISION SAMPLE  sample_id=20260504_195709_00067981_0152  frame=67981  roi=data\vision_samples\session_2026-05-04_19-43-11\images\20260504_195709_00067981_0152_roi.png

VISION SAMPLE  sample_id=20260504_195713_00068244_0153  frame=68244  roi=data\vision_samples\session_2026-05-04_19-43-11\images\20260504_195713_00068244_0153_roi.png

VISION SAMPLE  sample_id=20260504_195717_00068571_0154  frame=68571  roi=data\vision_samples\session_2026-05-04_19-43-11\images\20260504_195717_00068571_0154_roi.png

VISION SAMPLE  sample_id=20260504_195722_00068925_0155  frame=68925  roi=data\vision_samples\session_2026-05-04_19-43-11\images\20260504_195722_00068925_0155_roi.png

VISION SAMPLE  sample_id=20260504_195725_00069151_0156  frame=69151  roi=data\vision_samples\session_2026-05-04_19-43-11\images\20260504_195725_00069151_0156_roi.png

VISION SAMPLE  sample_id=20260504_195729_00069385_0157  frame=69385  roi=data\vision_samples\session_2026-05-04_19-43-11\images\20260504_195729_00069385_0157_roi.png

VISION SAMPLE  sample_id=20260504_195732_00069609_0158  frame=69609  roi=data\vision_samples\session_2026-05-04_19-43-11\images\20260504_195732_00069609_0158_roi.png

VISION SAMPLE  sample_id=20260504_195735_00069851_0159  frame=69851  roi=data\vision_samples\session_2026-05-04_19-43-11\images\20260504_195735_00069851_0159_roi.png

VISION SAMPLE  sample_id=20260504_195739_00070119_0160  frame=70119  roi=data\vision_samples\session_2026-05-04_19-43-11\images\20260504_195739_00070119_0160_roi.png

VISION SAMPLE  sample_id=20260504_195745_00070542_0161  frame=70542  roi=data\vision_samples\session_2026-05-04_19-43-11\images\20260504_195745_00070542_0161_roi.png

VISION SAMPLE  sample_id=20260504_195749_00070872_0162  frame=70872  roi=data\vision_samples\session_2026-05-04_19-43-11\images\20260504_195749_00070872_0162_roi.png

VISION SAMPLE  sample_id=20260504_195755_00071251_0163  frame=71251  roi=data\vision_samples\session_2026-05-04_19-43-11\images\20260504_195755_00071251_0163_roi.png

VISION SAMPLE  sample_id=20260504_195758_00071511_0164  frame=71511  roi=data\vision_samples\session_2026-05-04_19-43-11\images\20260504_195758_00071511_0164_roi.png

VISION SAMPLE  sample_id=20260504_195803_00071894_0165  frame=71894  roi=data\vision_samples\session_2026-05-04_19-43-11\images\20260504_195803_00071894_0165_roi.png

VISION SAMPLE  sample_id=20260504_195810_00072397_0166  frame=72397  roi=data\vision_samples\session_2026-05-04_19-43-11\images\20260504_195810_00072397_0166_roi.png

VISION SAMPLE  sample_id=20260504_195814_00072672_0167  frame=72672  roi=data\vision_samples\session_2026-05-04_19-43-11\images\20260504_195814_00072672_0167_roi.png

VISION SAMPLE  sample_id=20260504_195819_00073014_0168  frame=73014  roi=data\vision_samples\session_2026-05-04_19-43-11\images\20260504_195819_00073014_0168_roi.png

VISION SAMPLE  sample_id=20260504_195825_00073434_0169  frame=73434  roi=data\vision_samples\session_2026-05-04_19-43-11\images\20260504_195825_00073434_0169_roi.png

VISION SAMPLE  sample_id=20260504_195828_00073656_0170  frame=73656  roi=data\vision_samples\session_2026-05-04_19-43-11\images\20260504_195828_00073656_0170_roi.png

VISION SAMPLE  sample_id=20260504_195833_00074038_0171  frame=74038  roi=data\vision_samples\session_2026-05-04_19-43-11\images\20260504_195833_00074038_0171_roi.png

VISION SAMPLE  sample_id=20260504_195839_00074454_0172  frame=74454  roi=data\vision_samples\session_2026-05-04_19-43-11\images\20260504_195839_00074454_0172_roi.png

VISION SAMPLE  sample_id=20260504_195845_00074862_0173  frame=74862  roi=data\vision_samples\session_2026-05-04_19-43-11\images\20260504_195845_00074862_0173_roi.png

VISION SAMPLE  sample_id=20260504_195850_00075271_0174  frame=75271  roi=data\vision_samples\session_2026-05-04_19-43-11\images\20260504_195850_00075271_0174_roi.png
[15:39]  frames 60601–75300
  reward    avg +0.3027   min -0.7722   max +1.3588
  paths     steer +0.1785  speed -0.2012  terrain +0.1915  achievement +0.0044
  speed     avg 6.8 mph
  terrain   road 100%
  explore   ε=0.0500  σ=0.0400
  model     fitted  updates=19101


VISION SAMPLE  sample_id=20260504_195854_00075560_0175  frame=75560  roi=data\vision_samples\session_2026-05-04_19-43-11\images\20260504_195854_00075560_0175_roi.png

VISION SAMPLE  sample_id=20260504_195900_00075941_0176  frame=75941  roi=data\vision_samples\session_2026-05-04_19-43-11\images\20260504_195900_00075941_0176_roi.png

VISION SAMPLE  sample_id=20260504_195903_00076182_0177  frame=76182  roi=data\vision_samples\session_2026-05-04_19-43-11\images\20260504_195903_00076182_0177_roi.png

VISION SAMPLE  sample_id=20260504_195907_00076450_0178  frame=76450  roi=data\vision_samples\session_2026-05-04_19-43-11\images\20260504_195907_00076450_0178_roi.png

VISION SAMPLE  sample_id=20260504_195910_00076676_0179  frame=76676  roi=data\vision_samples\session_2026-05-04_19-43-11\images\20260504_195910_00076676_0179_roi.png

VISION SAMPLE  sample_id=20260504_195916_00077145_0180  frame=77145  roi=data\vision_samples\session_2026-05-04_19-43-11\images\20260504_195916_00077145_0180_roi.png

VISION SAMPLE  sample_id=20260504_195921_00077507_0181  frame=77507  roi=data\vision_samples\session_2026-05-04_19-43-11\images\20260504_195921_00077507_0181_roi.png

VISION SAMPLE  sample_id=20260504_195927_00077922_0182  frame=77922  roi=data\vision_samples\session_2026-05-04_19-43-11\images\20260504_195927_00077922_0182_roi.png

VISION SAMPLE  sample_id=20260504_195933_00078331_0183  frame=78331  roi=data\vision_samples\session_2026-05-04_19-43-11\images\20260504_195933_00078331_0183_roi.png

VISION SAMPLE  sample_id=20260504_195939_00078770_0184  frame=78770  roi=data\vision_samples\session_2026-05-04_19-43-11\images\20260504_195939_00078770_0184_roi.png

VISION SAMPLE  sample_id=20260504_195942_00078998_0185  frame=78998  roi=data\vision_samples\session_2026-05-04_19-43-11\images\20260504_195942_00078998_0185_roi.png

VISION SAMPLE  sample_id=20260504_195947_00079335_0186  frame=79335  roi=data\vision_samples\session_2026-05-04_19-43-11\images\20260504_195947_00079335_0186_roi.png

VISION SAMPLE  sample_id=20260504_195951_00079667_0187  frame=79667  roi=data\vision_samples\session_2026-05-04_19-43-11\images\20260504_195951_00079667_0187_roi.png

VISION SAMPLE  sample_id=20260504_195955_00079934_0188  frame=79934  roi=data\vision_samples\session_2026-05-04_19-43-11\images\20260504_195955_00079934_0188_roi.png

VISION SAMPLE  sample_id=20260504_195958_00080158_0189  frame=80158  roi=data\vision_samples\session_2026-05-04_19-43-11\images\20260504_195958_00080158_0189_roi.png

VISION SAMPLE  sample_id=20260504_200005_00080656_0190  frame=80656  roi=data\vision_samples\session_2026-05-04_19-43-11\images\20260504_200005_00080656_0190_roi.png

VISION SAMPLE  sample_id=20260504_200012_00081128_0191  frame=81128  roi=data\vision_samples\session_2026-05-04_19-43-11\images\20260504_200012_00081128_0191_roi.png

VISION SAMPLE  sample_id=20260504_200016_00081466_0192  frame=81466  roi=data\vision_samples\session_2026-05-04_19-43-11\images\20260504_200016_00081466_0192_roi.png

VISION SAMPLE  sample_id=20260504_200019_00081689_0193  frame=81689  roi=data\vision_samples\session_2026-05-04_19-43-11\images\20260504_200019_00081689_0193_roi.png

VISION SAMPLE  sample_id=20260504_200023_00081958_0194  frame=81958  roi=data\vision_samples\session_2026-05-04_19-43-11\images\20260504_200023_00081958_0194_roi.png

VISION SAMPLE  sample_id=20260504_200028_00082291_0195  frame=82291  roi=data\vision_samples\session_2026-05-04_19-43-11\images\20260504_200028_00082291_0195_roi.png

VISION SAMPLE  sample_id=20260504_200034_00082705_0196  frame=82705  roi=data\vision_samples\session_2026-05-04_19-43-11\images\20260504_200034_00082705_0196_roi.png

VISION SAMPLE  sample_id=20260504_200039_00083101_0197  frame=83101  roi=data\vision_samples\session_2026-05-04_19-43-11\images\20260504_200039_00083101_0197_roi.png

VISION SAMPLE  sample_id=20260504_200044_00083461_0198  frame=83461  roi=data\vision_samples\session_2026-05-04_19-43-11\images\20260504_200044_00083461_0198_roi.png

VISION SAMPLE  sample_id=20260504_200048_00083731_0199  frame=83731  roi=data\vision_samples\session_2026-05-04_19-43-11\images\20260504_200048_00083731_0199_roi.png

VISION SAMPLE  sample_id=20260504_200053_00084098_0200  frame=84098  roi=data\vision_samples\session_2026-05-04_19-43-11\images\20260504_200053_00084098_0200_roi.png

VISION SAMPLE  sample_id=20260504_200058_00084493_0201  frame=84493  roi=data\vision_samples\session_2026-05-04_19-43-11\images\20260504_200058_00084493_0201_roi.png

VISION SAMPLE  sample_id=20260504_200102_00084720_0202  frame=84720  roi=data\vision_samples\session_2026-05-04_19-43-11\images\20260504_200102_00084720_0202_roi.png

VISION SAMPLE  sample_id=20260504_200105_00084970_0203  frame=84970  roi=data\vision_samples\session_2026-05-04_19-43-11\images\20260504_200105_00084970_0203_roi.png

VISION SAMPLE  sample_id=20260504_200111_00085424_0204  frame=85424  roi=data\vision_samples\session_2026-05-04_19-43-11\images\20260504_200111_00085424_0204_roi.png

VISION SAMPLE  sample_id=20260504_200115_00085724_0205  frame=85724  roi=data\vision_samples\session_2026-05-04_19-43-11\images\20260504_200115_00085724_0205_roi.png

VISION SAMPLE  sample_id=20260504_200120_00086056_0206  frame=86056  roi=data\vision_samples\session_2026-05-04_19-43-11\images\20260504_200120_00086056_0206_roi.png

VISION SAMPLE  sample_id=20260504_200125_00086407_0207  frame=86407  roi=data\vision_samples\session_2026-05-04_19-43-11\images\20260504_200125_00086407_0207_roi.png

VISION SAMPLE  sample_id=20260504_200132_00086909_0208  frame=86909  roi=data\vision_samples\session_2026-05-04_19-43-11\images\20260504_200132_00086909_0208_roi.png

VISION SAMPLE  sample_id=20260504_200139_00087409_0209  frame=87409  roi=data\vision_samples\session_2026-05-04_19-43-11\images\20260504_200139_00087409_0209_roi.png

VISION SAMPLE  sample_id=20260504_200144_00087762_0210  frame=87762  roi=data\vision_samples\session_2026-05-04_19-43-11\images\20260504_200144_00087762_0210_roi.png

VISION SAMPLE  sample_id=20260504_200150_00088201_0211  frame=88201  roi=data\vision_samples\session_2026-05-04_19-43-11\images\20260504_200150_00088201_0211_roi.png

VISION SAMPLE  sample_id=20260504_200154_00088501_0212  frame=88501  roi=data\vision_samples\session_2026-05-04_19-43-11\images\20260504_200154_00088501_0212_roi.png

VISION SAMPLE  sample_id=20260504_200201_00088991_0213  frame=88991  roi=data\vision_samples\session_2026-05-04_19-43-11\images\20260504_200201_00088991_0213_roi.png

VISION SAMPLE  sample_id=20260504_200204_00089208_0214  frame=89208  roi=data\vision_samples\session_2026-05-04_19-43-11\images\20260504_200204_00089208_0214_roi.png

VISION SAMPLE  sample_id=20260504_200210_00089679_0215  frame=89679  roi=data\vision_samples\session_2026-05-04_19-43-11\images\20260504_200210_00089679_0215_roi.png

VISION SAMPLE  sample_id=20260504_200215_00090021_0216  frame=90021  roi=data\vision_samples\session_2026-05-04_19-43-11\images\20260504_200215_00090021_0216_roi.png

VISION SAMPLE  sample_id=20260504_200221_00090476_0217  frame=90476  roi=data\vision_samples\session_2026-05-04_19-43-11\images\20260504_200221_00090476_0217_roi.png

VISION SAMPLE  sample_id=20260504_200228_00090918_0218  frame=90918  roi=data\vision_samples\session_2026-05-04_19-43-11\images\20260504_200228_00090918_0218_roi.png

VISION SAMPLE  sample_id=20260504_200233_00091321_0219  frame=91321  roi=data\vision_samples\session_2026-05-04_19-43-11\images\20260504_200233_00091321_0219_roi.png

VISION SAMPLE  sample_id=20260504_200237_00091573_0220  frame=91573  roi=data\vision_samples\session_2026-05-04_19-43-11\images\20260504_200237_00091573_0220_roi.png

VISION SAMPLE  sample_id=20260504_200243_00092059_0221  frame=92059  roi=data\vision_samples\session_2026-05-04_19-43-11\images\20260504_200243_00092059_0221_roi.png

VISION SAMPLE  sample_id=20260504_200249_00092443_0222  frame=92443  roi=data\vision_samples\session_2026-05-04_19-43-11\images\20260504_200249_00092443_0222_roi.png

VISION SAMPLE  sample_id=20260504_200255_00092911_0223  frame=92911  roi=data\vision_samples\session_2026-05-04_19-43-11\images\20260504_200255_00092911_0223_roi.png

VISION SAMPLE  sample_id=20260504_200258_00093137_0224  frame=93137  roi=data\vision_samples\session_2026-05-04_19-43-11\images\20260504_200258_00093137_0224_roi.png

VISION SAMPLE  sample_id=20260504_200302_00093428_0225  frame=93428  roi=data\vision_samples\session_2026-05-04_19-43-11\images\20260504_200302_00093428_0225_roi.png

VISION SAMPLE  sample_id=20260504_200306_00093646_0226  frame=93646  roi=data\vision_samples\session_2026-05-04_19-43-11\images\20260504_200306_00093646_0226_roi.png

VISION SAMPLE  sample_id=20260504_200310_00093976_0227  frame=93976  roi=data\vision_samples\session_2026-05-04_19-43-11\images\20260504_200310_00093976_0227_roi.png

VISION SAMPLE  sample_id=20260504_200316_00094418_0228  frame=94418  roi=data\vision_samples\session_2026-05-04_19-43-11\images\20260504_200316_00094418_0228_roi.png

VISION SAMPLE  sample_id=20260504_200323_00094913_0229  frame=94913  roi=data\vision_samples\session_2026-05-04_19-43-11\images\20260504_200323_00094913_0229_roi.png

VISION SAMPLE  sample_id=20260504_200329_00095366_0230  frame=95366  roi=data\vision_samples\session_2026-05-04_19-43-11\images\20260504_200329_00095366_0230_roi.png

VISION SAMPLE  sample_id=20260504_200335_00095742_0231  frame=95742  roi=data\vision_samples\session_2026-05-04_19-43-11\images\20260504_200335_00095742_0231_roi.png

VISION SAMPLE  sample_id=20260504_200341_00096225_0232  frame=96225  roi=data\vision_samples\session_2026-05-04_19-43-11\images\20260504_200341_00096225_0232_roi.png

VISION SAMPLE  sample_id=20260504_200345_00096459_0233  frame=96459  roi=data\vision_samples\session_2026-05-04_19-43-11\images\20260504_200345_00096459_0233_roi.png

VISION SAMPLE  sample_id=20260504_200350_00096845_0234  frame=96845  roi=data\vision_samples\session_2026-05-04_19-43-11\images\20260504_200350_00096845_0234_roi.png

VISION SAMPLE  sample_id=20260504_200356_00097270_0235  frame=97270  roi=data\vision_samples\session_2026-05-04_19-43-11\images\20260504_200356_00097270_0235_roi.png

VISION SAMPLE  sample_id=20260504_200402_00097699_0236  frame=97699  roi=data\vision_samples\session_2026-05-04_19-43-11\images\20260504_200402_00097699_0236_roi.png

VISION SAMPLE  sample_id=20260504_200405_00097941_0237  frame=97941  roi=data\vision_samples\session_2026-05-04_19-43-11\images\20260504_200405_00097941_0237_roi.png

VISION SAMPLE  sample_id=20260504_200412_00098401_0238  frame=98401  roi=data\vision_samples\session_2026-05-04_19-43-11\images\20260504_200412_00098401_0238_roi.png

VISION SAMPLE  sample_id=20260504_200417_00098772_0239  frame=98772  roi=data\vision_samples\session_2026-05-04_19-43-11\images\20260504_200417_00098772_0239_roi.png

VISION SAMPLE  sample_id=20260504_200423_00099245_0240  frame=99245  roi=data\vision_samples\session_2026-05-04_19-43-11\images\20260504_200423_00099245_0240_roi.png
[21:12]  frames 75301–99300
  reward    avg +0.0598   min -1.0796   max +0.4194
  paths     steer +0.0813  speed -0.2761  terrain +0.1557  achievement +0.0030
  speed     avg 0.5 mph
  terrain   road 96% | unknown 3%
  explore   ε=0.0500  σ=0.0400
  model     fitted  updates=24165


VISION SAMPLE  sample_id=20260504_200429_00099651_0241  frame=99651  roi=data\vision_samples\session_2026-05-04_19-43-11\images\20260504_200429_00099651_0241_roi.png

VISION SAMPLE  sample_id=20260504_200433_00099915_0242  frame=99915  roi=data\vision_samples\session_2026-05-04_19-43-11\images\20260504_200433_00099915_0242_roi.png

VISION SAMPLE  sample_id=20260504_200438_00100291_0243  frame=100291  roi=data\vision_samples\session_2026-05-04_19-43-11\images\20260504_200438_00100291_0243_roi.png

VISION SAMPLE  sample_id=20260504_200444_00100760_0244  frame=100760  roi=data\vision_samples\session_2026-05-04_19-43-11\images\20260504_200444_00100760_0244_roi.png

VISION SAMPLE  sample_id=20260504_200449_00101082_0245  frame=101082  roi=data\vision_samples\session_2026-05-04_19-43-11\images\20260504_200449_00101082_0245_roi.png

VISION SAMPLE  sample_id=20260504_200455_00101505_0246  frame=101505  roi=data\vision_samples\session_2026-05-04_19-43-11\images\20260504_200455_00101505_0246_roi.png

VISION SAMPLE  sample_id=20260504_200500_00101910_0247  frame=101910  roi=data\vision_samples\session_2026-05-04_19-43-11\images\20260504_200500_00101910_0247_roi.png

VISION SAMPLE  sample_id=20260504_200505_00102222_0248  frame=102222  roi=data\vision_samples\session_2026-05-04_19-43-11\images\20260504_200505_00102222_0248_roi.png

VISION SAMPLE  sample_id=20260504_200511_00102711_0249  frame=102711  roi=data\vision_samples\session_2026-05-04_19-43-11\images\20260504_200511_00102711_0249_roi.png

VISION SAMPLE  sample_id=20260504_200516_00103033_0250  frame=103033  roi=data\vision_samples\session_2026-05-04_19-43-11\images\20260504_200516_00103033_0250_roi.png

VISION SAMPLE  sample_id=20260504_200522_00103468_0251  frame=103468  roi=data\vision_samples\session_2026-05-04_19-43-11\images\20260504_200522_00103468_0251_roi.png

VISION SAMPLE  sample_id=20260504_200528_00103872_0252  frame=103872  roi=data\vision_samples\session_2026-05-04_19-43-11\images\20260504_200528_00103872_0252_roi.png

VISION SAMPLE  sample_id=20260504_200533_00104234_0253  frame=104234  roi=data\vision_samples\session_2026-05-04_19-43-11\images\20260504_200533_00104234_0253_roi.png

VISION SAMPLE  sample_id=20260504_200538_00104623_0254  frame=104623  roi=data\vision_samples\session_2026-05-04_19-43-11\images\20260504_200538_00104623_0254_roi.png

VISION SAMPLE  sample_id=20260504_200541_00104848_0255  frame=104848  roi=data\vision_samples\session_2026-05-04_19-43-11\images\20260504_200541_00104848_0255_roi.png

VISION SAMPLE  sample_id=20260504_200548_00105346_0256  frame=105346  roi=data\vision_samples\session_2026-05-04_19-43-11\images\20260504_200548_00105346_0256_roi.png

VISION SAMPLE  sample_id=20260504_200555_00105826_0257  frame=105826  roi=data\vision_samples\session_2026-05-04_19-43-11\images\20260504_200555_00105826_0257_roi.png

VISION SAMPLE  sample_id=20260504_200559_00106167_0258  frame=106167  roi=data\vision_samples\session_2026-05-04_19-43-11\images\20260504_200559_00106167_0258_roi.png
[22:48]  frames 99301–106200
  reward    avg +0.1232   min -0.7724   max +0.3672
  paths     steer +0.1000  speed -0.2328  terrain +0.1571  achievement +0.0024
  speed     avg 0.1 mph
  terrain   road 100%
  explore   ε=0.0500  σ=0.0400
  model     fitted  updates=25593


VISION SAMPLE  sample_id=20260504_200603_00106437_0259  frame=106437  roi=data\vision_samples\session_2026-05-04_19-43-11\images\20260504_200603_00106437_0259_roi.png

VISION SAMPLE  sample_id=20260504_200610_00106921_0260  frame=106921  roi=data\vision_samples\session_2026-05-04_19-43-11\images\20260504_200610_00106921_0260_roi.png

VISION SAMPLE  sample_id=20260504_200614_00107209_0261  frame=107209  roi=data\vision_samples\session_2026-05-04_19-43-11\images\20260504_200614_00107209_0261_roi.png

VISION SAMPLE  sample_id=20260504_200620_00107659_0262  frame=107659  roi=data\vision_samples\session_2026-05-04_19-43-11\images\20260504_200620_00107659_0262_roi.png

VISION SAMPLE  sample_id=20260504_200626_00108102_0263  frame=108102  roi=data\vision_samples\session_2026-05-04_19-43-11\images\20260504_200626_00108102_0263_roi.png

VISION SAMPLE  sample_id=20260504_200633_00108600_0264  frame=108600  roi=data\vision_samples\session_2026-05-04_19-43-11\images\20260504_200633_00108600_0264_roi.png

VISION SAMPLE  sample_id=20260504_200637_00108848_0265  frame=108848  roi=data\vision_samples\session_2026-05-04_19-43-11\images\20260504_200637_00108848_0265_roi.png
[23:26]  frames 106201–108900
  reward    avg +0.0829   min -0.7728   max +0.3677
  paths     steer +0.1000  speed -0.2841  terrain +0.1578  achievement +0.0024
  speed     avg 0.1 mph
  terrain   road 100%
  explore   ε=0.0500  σ=0.0400
  model     fitted  updates=26157


VISION SAMPLE  sample_id=20260504_200640_00109081_0266  frame=109081  roi=data\vision_samples\session_2026-05-04_19-43-11\images\20260504_200640_00109081_0266_roi.png

VISION SAMPLE  sample_id=20260504_200644_00109381_0267  frame=109381  roi=data\vision_samples\session_2026-05-04_19-43-11\images\20260504_200644_00109381_0267_roi.png

VISION SAMPLE  sample_id=20260504_200651_00109861_0268  frame=109861  roi=data\vision_samples\session_2026-05-04_19-43-11\images\20260504_200651_00109861_0268_roi.png

VISION SAMPLE  sample_id=20260504_200656_00110221_0269  frame=110221  roi=data\vision_samples\session_2026-05-04_19-43-11\images\20260504_200656_00110221_0269_roi.png

VISION SAMPLE  sample_id=20260504_200702_00110648_0270  frame=110648  roi=data\vision_samples\session_2026-05-04_19-43-11\images\20260504_200702_00110648_0270_roi.png

VISION SAMPLE  sample_id=20260504_200708_00111073_0271  frame=111073  roi=data\vision_samples\session_2026-05-04_19-43-11\images\20260504_200708_00111073_0271_roi.png

VISION SAMPLE  sample_id=20260504_200712_00111375_0272  frame=111375  roi=data\vision_samples\session_2026-05-04_19-43-11\images\20260504_200712_00111375_0272_roi.png

VISION SAMPLE  sample_id=20260504_200718_00111852_0273  frame=111852  roi=data\vision_samples\session_2026-05-04_19-43-11\images\20260504_200718_00111852_0273_roi.png

VISION SAMPLE  sample_id=20260504_200724_00112261_0274  frame=112261  roi=data\vision_samples\session_2026-05-04_19-43-11\images\20260504_200724_00112261_0274_roi.png

VISION SAMPLE  sample_id=20260504_200731_00112757_0275  frame=112757  roi=data\vision_samples\session_2026-05-04_19-43-11\images\20260504_200731_00112757_0275_roi.png

VISION SAMPLE  sample_id=20260504_200735_00113055_0276  frame=113055  roi=data\vision_samples\session_2026-05-04_19-43-11\images\20260504_200735_00113055_0276_roi.png

VISION SAMPLE  sample_id=20260504_200741_00113459_0277  frame=113459  roi=data\vision_samples\session_2026-05-04_19-43-11\images\20260504_200741_00113459_0277_roi.png

VISION SAMPLE  sample_id=20260504_200746_00113859_0278  frame=113859  roi=data\vision_samples\session_2026-05-04_19-43-11\images\20260504_200746_00113859_0278_roi.png
[24:42]  frames 108901–114553
  reward    avg +0.0792   min -0.7731   max +0.3716
  paths     steer +0.1000  speed -0.2895  terrain +0.1585  achievement +0.0023
  speed     avg 0.2 mph
  terrain   road 100%
  explore   ε=0.0500  σ=0.0400
  model     fitted  updates=27341


SESSION END  total_frames=114553  updates=27341  elapsed=00:24:42
