================================================================================
  FORZA AI — SELF-TRAINING SESSION LOG
  started  : 2026-05-04 14:30:10
  online   : models\driving\fh5-driving-online.joblib
  mode     : mixed  |  terrain: road  |  tx: manual
  features : 107
================================================================================
[00:02]  frames 1–300
  reward    avg +1.1465   min +0.8526   max +1.2018
  paths     steer +0.4000  speed +0.4343  terrain +0.1762  achievement +0.0228
  speed     avg 115.6 mph
  terrain   road 94% | mixed 5%
  explore   ε=0.0500  σ=0.0845
  model     fitted  updates=7557

[00:06]  frames 301–600
  reward    avg -1.7419   min -9.6567   max +1.5026
  paths     steer +0.4000  speed +0.4994  terrain -2.8202  achievement +0.0788
  speed     avg 126.2 mph
  terrain   road 22% | mixed 46% | offroad 31%
  explore   ε=0.0500  σ=0.0820
  model     fitted  updates=7857

[00:11]  frames 601–900
  reward    avg -5.7756   min -9.3591   max +1.3050
  paths     steer +0.4000  speed +0.4401  terrain -6.8021  achievement +0.0744
  speed     avg 106.1 mph
  terrain   road 13% | mixed 6% | offroad 80%
  explore   ε=0.0500  σ=0.0796
  model     fitted  updates=8157

[00:15]  frames 901–1200
  reward    avg -10.0444   min -11.3962   max +1.1148
  paths     steer +0.3370  speed -0.1448  terrain -10.4927  achievement +0.0587
  speed     avg 51.5 mph
  terrain   road 1% | mixed 0% | offroad 98%
  explore   ε=0.0500  σ=0.0773
  model     fitted  updates=8457

[00:43]  frames 1201–4800
  reward    avg -8.5841   min -12.1694   max -0.8984
  paths     steer +0.2957  speed -0.6879  terrain -8.5064  achievement +0.0291
  speed     avg 21.2 mph
  terrain   mixed 0% | offroad 96% | unknown 3%
  explore   ε=0.0500  σ=0.0746
  model     fitted  updates=8806
  stuck     1 event(s) this interval

[00:47]  frames 4801–5100
  reward    avg -6.0451   min -9.4698   max +0.6716
  paths     steer +0.4000  speed +0.0636  terrain -6.7305  achievement +0.0346
  speed     avg 47.7 mph
  terrain   mixed 24% | offroad 76%
  explore   ε=0.0500  σ=0.0724
  model     fitted  updates=9106

[00:51]  frames 5101–5400
  reward    avg -4.9369   min -9.4341   max +0.6941
  paths     steer +0.4000  speed +0.0555  terrain -5.6045  achievement +0.0232
  speed     avg 49.1 mph
  terrain   mixed 32% | offroad 67%
  explore   ε=0.0500  σ=0.0703
  model     fitted  updates=9406

[01:13]  frames 5401–8199
  reward    avg -2.2877   min -9.2623   max +0.6663
  paths     steer +0.4000  speed +0.0755  terrain -2.9697  achievement +0.0216
  speed     avg 51.1 mph
  terrain   mixed 59% | offroad 40%
  explore   ε=0.0500  σ=0.0683
  model     fitted  updates=9683


SESSION END  total_frames=8199  updates=9683  elapsed=00:01:13
